
*** Running vivado
    with args -log iq_fir_bd_iq_fir_1_0.vds -m64 -product Vivado -mode batch -messageDb vivado.pb -notrace -source iq_fir_bd_iq_fir_1_0.tcl


****** Vivado v2018.3 (64-bit)
  **** SW Build 2405991 on Thu Dec  6 23:38:27 MST 2018
  **** IP Build 2404404 on Fri Dec  7 01:43:56 MST 2018
    ** Copyright 1986-2018 Xilinx, Inc. All Rights Reserved.

source iq_fir_bd_iq_fir_1_0.tcl -notrace
INFO: [IP_Flow 19-234] Refreshing IP repositories
INFO: [IP_Flow 19-1700] Loaded user IP repository 'c:/Users/fmabrouk/Documents/SysGen_FMdemod/FIRs/ip'.
WARNING: [IP_Flow 19-3656] If you move the project, the path for repository 'c:/Users/fmabrouk/Documents/SysGen_FMdemod/FIRs/ip' may become invalid. A better location for the repository would be in a path adjacent to the project. (Current project location is 'c:/Users/fmabrouk/Documents/SysGen_FMdemod/FIRs/ip_catalog/iq_fir.runs/iq_fir_bd_iq_fir_1_0_synth_1'.)
INFO: [IP_Flow 19-2313] Loaded Vivado IP repository 'C:/Xilinx/Vivado/2018.3/data/ip'.
Command: synth_design -top iq_fir_bd_iq_fir_1_0 -part xc7s50csga324-2 -mode out_of_context
Starting synth_design
Attempting to get a license for feature 'Synthesis' and/or device 'xc7s50'
INFO: [Common 17-349] Got license for feature 'Synthesis' and/or device 'xc7s50'
INFO: Launching helper process for spawning children vivado processes
INFO: Helper process launched with PID 10536 
---------------------------------------------------------------------------------
Starting RTL Elaboration : Time (s): cpu = 00:00:05 ; elapsed = 00:00:06 . Memory (MB): peak = 432.965 ; gain = 102.418
---------------------------------------------------------------------------------
INFO: [Synth 8-638] synthesizing module 'iq_fir_bd_iq_fir_1_0' [c:/Users/fmabrouk/Documents/SysGen_FMdemod/FIRs/ip_catalog/iq_fir.srcs/sources_1/bd/iq_fir_bd/ip/iq_fir_bd_iq_fir_1_0/synth/iq_fir_bd_iq_fir_1_0.vhd:73]
INFO: [Synth 8-3491] module 'iq_fir' declared at 'c:/Users/fmabrouk/Documents/SysGen_FMdemod/FIRs/ip_catalog/iq_fir.srcs/sources_1/bd/iq_fir_bd/ipshared/ecdc/hdl/iq_fir.vhd:117' bound to instance 'U0' of component 'iq_fir' [c:/Users/fmabrouk/Documents/SysGen_FMdemod/FIRs/ip_catalog/iq_fir.srcs/sources_1/bd/iq_fir_bd/ip/iq_fir_bd_iq_fir_1_0/synth/iq_fir_bd_iq_fir_1_0.vhd:121]
INFO: [Synth 8-638] synthesizing module 'iq_fir' [c:/Users/fmabrouk/Documents/SysGen_FMdemod/FIRs/ip_catalog/iq_fir.srcs/sources_1/bd/iq_fir_bd/ipshared/ecdc/hdl/iq_fir.vhd:130]
INFO: [Synth 8-638] synthesizing module 'iq_fir_default_clock_driver' [c:/Users/fmabrouk/Documents/SysGen_FMdemod/FIRs/ip_catalog/iq_fir.srcs/sources_1/bd/iq_fir_bd/ipshared/ecdc/hdl/iq_fir.vhd:97]
INFO: [Synth 8-638] synthesizing module 'xlclockdriver' [c:/Users/fmabrouk/Documents/SysGen_FMdemod/FIRs/ip_catalog/iq_fir.srcs/sources_1/bd/iq_fir_bd/ipshared/ecdc/hdl/xlclockdriver_rd.vhd:59]
	Parameter period bound to: 1 - type: integer 
	Parameter log_2_period bound to: 1 - type: integer 
	Parameter pipeline_regs bound to: 5 - type: integer 
	Parameter use_bufg bound to: 0 - type: integer 
	Parameter width bound to: 1 - type: integer 
	Parameter init_index bound to: 0 - type: integer 
	Parameter init_value bound to: 4'b0000 
	Parameter latency bound to: 1 - type: integer 
INFO: [Synth 8-3491] module 'synth_reg_w_init' declared at 'c:/Users/fmabrouk/Documents/SysGen_FMdemod/FIRs/ip_catalog/iq_fir.srcs/sources_1/bd/iq_fir_bd/ipshared/ecdc/hdl/synth_reg_w_init.vhd:31' bound to instance 'clr_reg' of component 'synth_reg_w_init' [c:/Users/fmabrouk/Documents/SysGen_FMdemod/FIRs/ip_catalog/iq_fir.srcs/sources_1/bd/iq_fir_bd/ipshared/ecdc/hdl/xlclockdriver_rd.vhd:236]
INFO: [Synth 8-638] synthesizing module 'synth_reg_w_init' [c:/Users/fmabrouk/Documents/SysGen_FMdemod/FIRs/ip_catalog/iq_fir.srcs/sources_1/bd/iq_fir_bd/ipshared/ecdc/hdl/synth_reg_w_init.vhd:47]
	Parameter width bound to: 1 - type: integer 
	Parameter init_index bound to: 0 - type: integer 
	Parameter init_value bound to: 4'b0000 
	Parameter latency bound to: 1 - type: integer 
	Parameter width bound to: 1 - type: integer 
	Parameter init_index bound to: 0 - type: integer 
	Parameter init_value bound to: 4'b0000 
INFO: [Synth 8-3491] module 'single_reg_w_init' declared at 'c:/Users/fmabrouk/Documents/SysGen_FMdemod/FIRs/ip_catalog/iq_fir.srcs/sources_1/bd/iq_fir_bd/ipshared/ecdc/hdl/single_reg_w_init.vhd:22' bound to instance 'reg_comp' of component 'single_reg_w_init' [c:/Users/fmabrouk/Documents/SysGen_FMdemod/FIRs/ip_catalog/iq_fir.srcs/sources_1/bd/iq_fir_bd/ipshared/ecdc/hdl/synth_reg_w_init.vhd:79]
INFO: [Synth 8-638] synthesizing module 'single_reg_w_init' [c:/Users/fmabrouk/Documents/SysGen_FMdemod/FIRs/ip_catalog/iq_fir.srcs/sources_1/bd/iq_fir_bd/ipshared/ecdc/hdl/single_reg_w_init.vhd:37]
	Parameter width bound to: 1 - type: integer 
	Parameter init_index bound to: 0 - type: integer 
	Parameter init_value bound to: 4'b0000 
INFO: [Synth 8-113] binding component instance 'fdre_comp' to cell 'FDRE' [c:/Users/fmabrouk/Documents/SysGen_FMdemod/FIRs/ip_catalog/iq_fir.srcs/sources_1/bd/iq_fir_bd/ipshared/ecdc/hdl/single_reg_w_init.vhd:86]
INFO: [Synth 8-256] done synthesizing module 'single_reg_w_init' (1#1) [c:/Users/fmabrouk/Documents/SysGen_FMdemod/FIRs/ip_catalog/iq_fir.srcs/sources_1/bd/iq_fir_bd/ipshared/ecdc/hdl/single_reg_w_init.vhd:37]
INFO: [Synth 8-256] done synthesizing module 'synth_reg_w_init' (2#1) [c:/Users/fmabrouk/Documents/SysGen_FMdemod/FIRs/ip_catalog/iq_fir.srcs/sources_1/bd/iq_fir_bd/ipshared/ecdc/hdl/synth_reg_w_init.vhd:47]
WARNING: [Synth 8-6014] Unused sequential element clk_num_reg was removed.  [c:/Users/fmabrouk/Documents/SysGen_FMdemod/FIRs/ip_catalog/iq_fir.srcs/sources_1/bd/iq_fir_bd/ipshared/ecdc/hdl/xlclockdriver_rd.vhd:212]
INFO: [Synth 8-256] done synthesizing module 'xlclockdriver' (3#1) [c:/Users/fmabrouk/Documents/SysGen_FMdemod/FIRs/ip_catalog/iq_fir.srcs/sources_1/bd/iq_fir_bd/ipshared/ecdc/hdl/xlclockdriver_rd.vhd:59]
INFO: [Synth 8-256] done synthesizing module 'iq_fir_default_clock_driver' (4#1) [c:/Users/fmabrouk/Documents/SysGen_FMdemod/FIRs/ip_catalog/iq_fir.srcs/sources_1/bd/iq_fir_bd/ipshared/ecdc/hdl/iq_fir.vhd:97]
INFO: [Synth 8-638] synthesizing module 'iq_fir_struct' [c:/Users/fmabrouk/Documents/SysGen_FMdemod/FIRs/ip_catalog/iq_fir.srcs/sources_1/bd/iq_fir_bd/ipshared/ecdc/hdl/iq_fir.vhd:20]
INFO: [Synth 8-638] synthesizing module 'sysgen_constant_9ee62c7e45' [c:/Users/fmabrouk/Documents/SysGen_FMdemod/FIRs/ip_catalog/iq_fir.srcs/sources_1/bd/iq_fir_bd/ipshared/ecdc/hdl/iq_fir_entity_declarations.vhd:50]
INFO: [Synth 8-256] done synthesizing module 'sysgen_constant_9ee62c7e45' (5#1) [c:/Users/fmabrouk/Documents/SysGen_FMdemod/FIRs/ip_catalog/iq_fir.srcs/sources_1/bd/iq_fir_bd/ipshared/ecdc/hdl/iq_fir_entity_declarations.vhd:50]
INFO: [Synth 8-638] synthesizing module 'xlfir_compiler_5758b00bc609fad6449e5a825be15f74' [c:/Users/fmabrouk/Documents/SysGen_FMdemod/FIRs/ip_catalog/iq_fir.srcs/sources_1/bd/iq_fir_bd/ipshared/ecdc/hdl/iq_fir_entity_declarations.vhd:80]
INFO: [Synth 8-3491] module 'iq_fir_fir_compiler_v7_2_i0' declared at 'c:/Users/fmabrouk/Documents/SysGen_FMdemod/FIRs/ip_catalog/iq_fir.srcs/sources_1/bd/iq_fir_bd/ip/iq_fir_bd_iq_fir_1_0/iq_fir_fir_compiler_v7_2_i0/synth/iq_fir_fir_compiler_v7_2_i0.vhd:59' bound to instance 'iq_fir_fir_compiler_v7_2_i0_instance' of component 'iq_fir_fir_compiler_v7_2_i0' [c:/Users/fmabrouk/Documents/SysGen_FMdemod/FIRs/ip_catalog/iq_fir.srcs/sources_1/bd/iq_fir_bd/ipshared/ecdc/hdl/iq_fir_entity_declarations.vhd:97]
INFO: [Synth 8-638] synthesizing module 'iq_fir_fir_compiler_v7_2_i0' [c:/Users/fmabrouk/Documents/SysGen_FMdemod/FIRs/ip_catalog/iq_fir.srcs/sources_1/bd/iq_fir_bd/ip/iq_fir_bd_iq_fir_1_0/iq_fir_fir_compiler_v7_2_i0/synth/iq_fir_fir_compiler_v7_2_i0.vhd:71]
	Parameter C_XDEVICEFAMILY bound to: spartan7 - type: string 
	Parameter C_ELABORATION_DIR bound to: ./ - type: string 
	Parameter C_COMPONENT_NAME bound to: iq_fir_fir_compiler_v7_2_i0 - type: string 
	Parameter C_COEF_FILE bound to: iq_fir_fir_compiler_v7_2_i0.mif - type: string 
	Parameter C_COEF_FILE_LINES bound to: 500 - type: integer 
	Parameter C_FILTER_TYPE bound to: 1 - type: integer 
	Parameter C_INTERP_RATE bound to: 1 - type: integer 
	Parameter C_DECIM_RATE bound to: 500 - type: integer 
	Parameter C_ZERO_PACKING_FACTOR bound to: 1 - type: integer 
	Parameter C_SYMMETRY bound to: 1 - type: integer 
	Parameter C_NUM_FILTS bound to: 1 - type: integer 
	Parameter C_NUM_TAPS bound to: 51 - type: integer 
	Parameter C_NUM_CHANNELS bound to: 1 - type: integer 
	Parameter C_CHANNEL_PATTERN bound to: fixed - type: string 
	Parameter C_ROUND_MODE bound to: 0 - type: integer 
	Parameter C_COEF_RELOAD bound to: 0 - type: integer 
	Parameter C_NUM_RELOAD_SLOTS bound to: 1 - type: integer 
	Parameter C_COL_MODE bound to: 1 - type: integer 
	Parameter C_COL_PIPE_LEN bound to: 4 - type: integer 
	Parameter C_COL_CONFIG bound to: 1 - type: string 
	Parameter C_OPTIMIZATION bound to: 0 - type: integer 
	Parameter C_DATA_PATH_WIDTHS bound to: 16 - type: string 
	Parameter C_DATA_IP_PATH_WIDTHS bound to: 16 - type: string 
	Parameter C_DATA_PX_PATH_WIDTHS bound to: 16 - type: string 
	Parameter C_DATA_WIDTH bound to: 16 - type: integer 
	Parameter C_COEF_PATH_WIDTHS bound to: 16 - type: string 
	Parameter C_COEF_WIDTH bound to: 16 - type: integer 
	Parameter C_DATA_PATH_SRC bound to: 0 - type: string 
	Parameter C_COEF_PATH_SRC bound to: 0 - type: string 
	Parameter C_PX_PATH_SRC bound to: 0 - type: string 
	Parameter C_DATA_PATH_SIGN bound to: 0 - type: string 
	Parameter C_COEF_PATH_SIGN bound to: 0 - type: string 
	Parameter C_ACCUM_PATH_WIDTHS bound to: 33 - type: string 
	Parameter C_OUTPUT_WIDTH bound to: 33 - type: integer 
	Parameter C_OUTPUT_PATH_WIDTHS bound to: 33 - type: string 
	Parameter C_ACCUM_OP_PATH_WIDTHS bound to: 33 - type: string 
	Parameter C_EXT_MULT_CNFG bound to: none - type: string 
	Parameter C_DATA_PATH_PSAMP_SRC bound to: 0 - type: string 
	Parameter C_OP_PATH_PSAMP_SRC bound to: 0 - type: string 
	Parameter C_NUM_MADDS bound to: 1 - type: integer 
	Parameter C_OPT_MADDS bound to: none - type: string 
	Parameter C_OVERSAMPLING_RATE bound to: 1 - type: integer 
	Parameter C_INPUT_RATE bound to: 1 - type: integer 
	Parameter C_OUTPUT_RATE bound to: 500 - type: integer 
	Parameter C_DATA_MEMTYPE bound to: 1 - type: integer 
	Parameter C_COEF_MEMTYPE bound to: 1 - type: integer 
	Parameter C_IPBUFF_MEMTYPE bound to: 2 - type: integer 
	Parameter C_OPBUFF_MEMTYPE bound to: 0 - type: integer 
	Parameter C_DATAPATH_MEMTYPE bound to: 1 - type: integer 
	Parameter C_MEM_ARRANGEMENT bound to: 1 - type: integer 
	Parameter C_DATA_MEM_PACKING bound to: 1 - type: integer 
	Parameter C_COEF_MEM_PACKING bound to: 0 - type: integer 
	Parameter C_FILTS_PACKED bound to: 0 - type: integer 
	Parameter C_LATENCY bound to: 10 - type: integer 
	Parameter C_HAS_ARESETn bound to: 0 - type: integer 
	Parameter C_HAS_ACLKEN bound to: 1 - type: integer 
	Parameter C_DATA_HAS_TLAST bound to: 0 - type: integer 
	Parameter C_S_DATA_HAS_FIFO bound to: 0 - type: integer 
	Parameter C_S_DATA_HAS_TUSER bound to: 0 - type: integer 
	Parameter C_S_DATA_TDATA_WIDTH bound to: 16 - type: integer 
	Parameter C_S_DATA_TUSER_WIDTH bound to: 1 - type: integer 
	Parameter C_M_DATA_HAS_TREADY bound to: 0 - type: integer 
	Parameter C_M_DATA_HAS_TUSER bound to: 0 - type: integer 
	Parameter C_M_DATA_TDATA_WIDTH bound to: 40 - type: integer 
	Parameter C_M_DATA_TUSER_WIDTH bound to: 1 - type: integer 
	Parameter C_HAS_CONFIG_CHANNEL bound to: 0 - type: integer 
	Parameter C_CONFIG_SYNC_MODE bound to: 0 - type: integer 
	Parameter C_CONFIG_PACKET_SIZE bound to: 0 - type: integer 
	Parameter C_CONFIG_TDATA_WIDTH bound to: 1 - type: integer 
	Parameter C_RELOAD_TDATA_WIDTH bound to: 1 - type: integer 
INFO: [Synth 8-3491] module 'fir_compiler_v7_2_11' declared at 'c:/Users/fmabrouk/Documents/SysGen_FMdemod/FIRs/ip_catalog/iq_fir.srcs/sources_1/bd/iq_fir_bd/ip/iq_fir_bd_iq_fir_1_0/iq_fir_fir_compiler_v7_2_i0/hdl/fir_compiler_v7_2_vh_rfs.vhd:61157' bound to instance 'U0' of component 'fir_compiler_v7_2_11' [c:/Users/fmabrouk/Documents/SysGen_FMdemod/FIRs/ip_catalog/iq_fir.srcs/sources_1/bd/iq_fir_bd/ip/iq_fir_bd_iq_fir_1_0/iq_fir_fir_compiler_v7_2_i0/synth/iq_fir_fir_compiler_v7_2_i0.vhd:201]
WARNING: [Synth 8-5858] RAM p_path_out_reg from Abstract Data Type (record/struct) for this pattern/configuration is not supported. This will most likely be implemented in registers
INFO: [Synth 8-256] done synthesizing module 'iq_fir_fir_compiler_v7_2_i0' (19#1) [c:/Users/fmabrouk/Documents/SysGen_FMdemod/FIRs/ip_catalog/iq_fir.srcs/sources_1/bd/iq_fir_bd/ip/iq_fir_bd_iq_fir_1_0/iq_fir_fir_compiler_v7_2_i0/synth/iq_fir_fir_compiler_v7_2_i0.vhd:71]
INFO: [Synth 8-256] done synthesizing module 'xlfir_compiler_5758b00bc609fad6449e5a825be15f74' (20#1) [c:/Users/fmabrouk/Documents/SysGen_FMdemod/FIRs/ip_catalog/iq_fir.srcs/sources_1/bd/iq_fir_bd/ipshared/ecdc/hdl/iq_fir_entity_declarations.vhd:80]
INFO: [Synth 8-256] done synthesizing module 'iq_fir_struct' (21#1) [c:/Users/fmabrouk/Documents/SysGen_FMdemod/FIRs/ip_catalog/iq_fir.srcs/sources_1/bd/iq_fir_bd/ipshared/ecdc/hdl/iq_fir.vhd:20]
INFO: [Synth 8-256] done synthesizing module 'iq_fir' (22#1) [c:/Users/fmabrouk/Documents/SysGen_FMdemod/FIRs/ip_catalog/iq_fir.srcs/sources_1/bd/iq_fir_bd/ipshared/ecdc/hdl/iq_fir.vhd:130]
INFO: [Synth 8-256] done synthesizing module 'iq_fir_bd_iq_fir_1_0' (23#1) [c:/Users/fmabrouk/Documents/SysGen_FMdemod/FIRs/ip_catalog/iq_fir.srcs/sources_1/bd/iq_fir_bd/ip/iq_fir_bd_iq_fir_1_0/synth/iq_fir_bd_iq_fir_1_0.vhd:73]
WARNING: [Synth 8-3331] design delay__parameterized16 has unconnected port SCLR
WARNING: [Synth 8-3331] design delay__parameterized16 has unconnected port SCLR_ALT
WARNING: [Synth 8-3331] design delay__parameterized8 has unconnected port WE
WARNING: [Synth 8-3331] design delay__parameterized8 has unconnected port CE
WARNING: [Synth 8-3331] design delay__parameterized8 has unconnected port SCLR
WARNING: [Synth 8-3331] design delay__parameterized8 has unconnected port SCLR_ALT
WARNING: [Synth 8-3331] design delay__parameterized8 has unconnected port CLK
WARNING: [Synth 8-3331] design delay__parameterized7 has unconnected port SCLR
WARNING: [Synth 8-3331] design delay__parameterized7 has unconnected port SCLR_ALT
WARNING: [Synth 8-3331] design buff has unconnected port RE
WARNING: [Synth 8-3331] design buff has unconnected port SCLR
WARNING: [Synth 8-3331] design delay__parameterized17 has unconnected port WE
WARNING: [Synth 8-3331] design delay__parameterized17 has unconnected port CE
WARNING: [Synth 8-3331] design delay__parameterized17 has unconnected port SCLR
WARNING: [Synth 8-3331] design delay__parameterized17 has unconnected port SCLR_ALT
WARNING: [Synth 8-3331] design delay__parameterized17 has unconnected port CLK
WARNING: [Synth 8-3331] design delay__parameterized19 has unconnected port WE
WARNING: [Synth 8-3331] design delay__parameterized19 has unconnected port CE
WARNING: [Synth 8-3331] design delay__parameterized19 has unconnected port SCLR
WARNING: [Synth 8-3331] design delay__parameterized19 has unconnected port SCLR_ALT
WARNING: [Synth 8-3331] design delay__parameterized19 has unconnected port CLK
WARNING: [Synth 8-3331] design calc has unconnected port PRE_ADDSUB
WARNING: [Synth 8-3331] design calc has unconnected port CED
WARNING: [Synth 8-3331] design delay__parameterized18 has unconnected port WE
WARNING: [Synth 8-3331] design delay__parameterized18 has unconnected port CE
WARNING: [Synth 8-3331] design delay__parameterized18 has unconnected port SCLR
WARNING: [Synth 8-3331] design delay__parameterized18 has unconnected port SCLR_ALT
WARNING: [Synth 8-3331] design delay__parameterized18 has unconnected port CLK
WARNING: [Synth 8-3331] design addsub_mult_add has unconnected port POUT[casc][52]
WARNING: [Synth 8-3331] design addsub_mult_add has unconnected port POUT[casc][51]
WARNING: [Synth 8-3331] design addsub_mult_add has unconnected port POUT[casc][50]
WARNING: [Synth 8-3331] design addsub_mult_add has unconnected port POUT[casc][49]
WARNING: [Synth 8-3331] design addsub_mult_add has unconnected port POUT[casc][48]
WARNING: [Synth 8-3331] design addsub_mult_add has unconnected port P_EN
WARNING: [Synth 8-3331] design addsub_mult_add has unconnected port OPCODE[9]
WARNING: [Synth 8-3331] design addsub_mult_add has unconnected port OPCODE[8]
WARNING: [Synth 8-3331] design addsub_mult_add has unconnected port OPCODE[7]
WARNING: [Synth 8-3331] design addsub_mult_add has unconnected port OPCODE[6]
WARNING: [Synth 8-3331] design addsub_mult_add has unconnected port OPCODE[5]
WARNING: [Synth 8-3331] design addsub_mult_add has unconnected port OPCODE[4]
WARNING: [Synth 8-3331] design addsub_mult_add has unconnected port OPCODE[3]
WARNING: [Synth 8-3331] design addsub_mult_add has unconnected port OPCODE[2]
WARNING: [Synth 8-3331] design addsub_mult_add has unconnected port OPCODE[1]
WARNING: [Synth 8-3331] design addsub_mult_add has unconnected port OPCODE[0]
WARNING: [Synth 8-3331] design addsub_mult_add has unconnected port CIN[32]
WARNING: [Synth 8-3331] design addsub_mult_add has unconnected port CIN[31]
WARNING: [Synth 8-3331] design addsub_mult_add has unconnected port CIN[30]
WARNING: [Synth 8-3331] design addsub_mult_add has unconnected port CIN[29]
WARNING: [Synth 8-3331] design addsub_mult_add has unconnected port CIN[28]
WARNING: [Synth 8-3331] design addsub_mult_add has unconnected port CIN[27]
WARNING: [Synth 8-3331] design addsub_mult_add has unconnected port CIN[26]
WARNING: [Synth 8-3331] design addsub_mult_add has unconnected port CIN[25]
WARNING: [Synth 8-3331] design addsub_mult_add has unconnected port CIN[24]
WARNING: [Synth 8-3331] design addsub_mult_add has unconnected port CIN[23]
WARNING: [Synth 8-3331] design addsub_mult_add has unconnected port CIN[22]
WARNING: [Synth 8-3331] design addsub_mult_add has unconnected port CIN[21]
WARNING: [Synth 8-3331] design addsub_mult_add has unconnected port CIN[20]
WARNING: [Synth 8-3331] design addsub_mult_add has unconnected port CIN[19]
WARNING: [Synth 8-3331] design addsub_mult_add has unconnected port CIN[18]
WARNING: [Synth 8-3331] design addsub_mult_add has unconnected port CIN[17]
WARNING: [Synth 8-3331] design addsub_mult_add has unconnected port CIN[16]
WARNING: [Synth 8-3331] design addsub_mult_add has unconnected port CIN[15]
WARNING: [Synth 8-3331] design addsub_mult_add has unconnected port CIN[14]
WARNING: [Synth 8-3331] design addsub_mult_add has unconnected port CIN[13]
WARNING: [Synth 8-3331] design addsub_mult_add has unconnected port CIN[12]
WARNING: [Synth 8-3331] design addsub_mult_add has unconnected port CIN[11]
WARNING: [Synth 8-3331] design addsub_mult_add has unconnected port CIN[10]
WARNING: [Synth 8-3331] design addsub_mult_add has unconnected port CIN[9]
WARNING: [Synth 8-3331] design addsub_mult_add has unconnected port CIN[8]
WARNING: [Synth 8-3331] design addsub_mult_add has unconnected port CIN[7]
WARNING: [Synth 8-3331] design addsub_mult_add has unconnected port CIN[6]
WARNING: [Synth 8-3331] design addsub_mult_add has unconnected port CIN[5]
WARNING: [Synth 8-3331] design addsub_mult_add has unconnected port CIN[4]
WARNING: [Synth 8-3331] design addsub_mult_add has unconnected port CIN[3]
WARNING: [Synth 8-3331] design addsub_mult_add has unconnected port CIN[2]
WARNING: [Synth 8-3331] design addsub_mult_add has unconnected port CIN[1]
WARNING: [Synth 8-3331] design addsub_mult_add has unconnected port CIN[0]
WARNING: [Synth 8-3331] design addsub_mult_add has unconnected port PIN[casc][52]
WARNING: [Synth 8-3331] design addsub_mult_add has unconnected port PIN[casc][51]
WARNING: [Synth 8-3331] design addsub_mult_add has unconnected port PIN[casc][50]
WARNING: [Synth 8-3331] design addsub_mult_add has unconnected port PIN[casc][49]
WARNING: [Synth 8-3331] design addsub_mult_add has unconnected port PIN[casc][48]
WARNING: [Synth 8-3331] design addsub_mult_add has unconnected port PIN[casc][47]
WARNING: [Synth 8-3331] design addsub_mult_add has unconnected port PIN[casc][46]
WARNING: [Synth 8-3331] design addsub_mult_add has unconnected port PIN[casc][45]
WARNING: [Synth 8-3331] design addsub_mult_add has unconnected port PIN[casc][44]
WARNING: [Synth 8-3331] design addsub_mult_add has unconnected port PIN[casc][43]
WARNING: [Synth 8-3331] design addsub_mult_add has unconnected port PIN[casc][42]
WARNING: [Synth 8-3331] design addsub_mult_add has unconnected port PIN[casc][41]
WARNING: [Synth 8-3331] design addsub_mult_add has unconnected port PIN[casc][40]
WARNING: [Synth 8-3331] design addsub_mult_add has unconnected port PIN[casc][39]
WARNING: [Synth 8-3331] design addsub_mult_add has unconnected port PIN[casc][38]
WARNING: [Synth 8-3331] design addsub_mult_add has unconnected port PIN[casc][37]
WARNING: [Synth 8-3331] design addsub_mult_add has unconnected port PIN[casc][36]
WARNING: [Synth 8-3331] design addsub_mult_add has unconnected port PIN[casc][35]
WARNING: [Synth 8-3331] design addsub_mult_add has unconnected port PIN[casc][34]
WARNING: [Synth 8-3331] design addsub_mult_add has unconnected port PIN[casc][33]
WARNING: [Synth 8-3331] design addsub_mult_add has unconnected port PIN[casc][32]
WARNING: [Synth 8-3331] design addsub_mult_add has unconnected port PIN[casc][31]
WARNING: [Synth 8-3331] design addsub_mult_add has unconnected port PIN[casc][30]
INFO: [Common 17-14] Message 'Synth 8-3331' appears 100 times and further instances of the messages will be disabled. Use the Tcl command set_msg_config to change the current settings.
---------------------------------------------------------------------------------
Finished RTL Elaboration : Time (s): cpu = 00:00:20 ; elapsed = 00:00:22 . Memory (MB): peak = 621.039 ; gain = 290.492
---------------------------------------------------------------------------------

Report Check Netlist: 
+------+------------------+-------+---------+-------+------------------+
|      |Item              |Errors |Warnings |Status |Description       |
+------+------------------+-------+---------+-------+------------------+
|1     |multi_driven_nets |      0|        0|Passed |Multi driven nets |
+------+------------------+-------+---------+-------+------------------+
---------------------------------------------------------------------------------
Start Handling Custom Attributes
---------------------------------------------------------------------------------
---------------------------------------------------------------------------------
Finished Handling Custom Attributes : Time (s): cpu = 00:00:20 ; elapsed = 00:00:22 . Memory (MB): peak = 621.039 ; gain = 290.492
---------------------------------------------------------------------------------
---------------------------------------------------------------------------------
Finished RTL Optimization Phase 1 : Time (s): cpu = 00:00:20 ; elapsed = 00:00:22 . Memory (MB): peak = 621.039 ; gain = 290.492
---------------------------------------------------------------------------------
INFO: [Netlist 29-17] Analyzing 4 Unisim elements for replacement
INFO: [Netlist 29-28] Unisim Transformation completed in 0 CPU seconds
INFO: [Device 21-403] Loading part xc7s50csga324-2
INFO: [Project 1-570] Preparing netlist for logic optimization

Processing XDC Constraints
Initializing timing engine
Parsing XDC File [c:/Users/fmabrouk/Documents/SysGen_FMdemod/FIRs/ip_catalog/iq_fir.srcs/sources_1/bd/iq_fir_bd/ip/iq_fir_bd_iq_fir_1_0/constrs/iq_fir.xdc] for cell 'U0'
Finished Parsing XDC File [c:/Users/fmabrouk/Documents/SysGen_FMdemod/FIRs/ip_catalog/iq_fir.srcs/sources_1/bd/iq_fir_bd/ip/iq_fir_bd_iq_fir_1_0/constrs/iq_fir.xdc] for cell 'U0'
Parsing XDC File [c:/Users/fmabrouk/Documents/SysGen_FMdemod/FIRs/ip_catalog/iq_fir.srcs/sources_1/bd/iq_fir_bd/ip/iq_fir_bd_iq_fir_1_0/iq_fir_fir_compiler_v7_2_i0/constraints/fir_compiler_v7_2.xdc] for cell 'U0/iq_fir_struct/fir_compiler_7_2/iq_fir_fir_compiler_v7_2_i0_instance/U0'
Finished Parsing XDC File [c:/Users/fmabrouk/Documents/SysGen_FMdemod/FIRs/ip_catalog/iq_fir.srcs/sources_1/bd/iq_fir_bd/ip/iq_fir_bd_iq_fir_1_0/iq_fir_fir_compiler_v7_2_i0/constraints/fir_compiler_v7_2.xdc] for cell 'U0/iq_fir_struct/fir_compiler_7_2/iq_fir_fir_compiler_v7_2_i0_instance/U0'
Parsing XDC File [c:/Users/fmabrouk/Documents/SysGen_FMdemod/FIRs/ip_catalog/iq_fir.srcs/sources_1/bd/iq_fir_bd/ip/iq_fir_bd_iq_fir_1_0/iq_fir_fir_compiler_v7_2_i0/constraints/fir_compiler_v7_2.xdc] for cell 'U0/iq_fir_struct/fir_compiler_7_2_1/iq_fir_fir_compiler_v7_2_i0_instance/U0'
Finished Parsing XDC File [c:/Users/fmabrouk/Documents/SysGen_FMdemod/FIRs/ip_catalog/iq_fir.srcs/sources_1/bd/iq_fir_bd/ip/iq_fir_bd_iq_fir_1_0/iq_fir_fir_compiler_v7_2_i0/constraints/fir_compiler_v7_2.xdc] for cell 'U0/iq_fir_struct/fir_compiler_7_2_1/iq_fir_fir_compiler_v7_2_i0_instance/U0'
Parsing XDC File [C:/Users/fmabrouk/Documents/SysGen_FMdemod/FIRs/ip_catalog/iq_fir.runs/iq_fir_bd_iq_fir_1_0_synth_1/dont_touch.xdc]
Finished Parsing XDC File [C:/Users/fmabrouk/Documents/SysGen_FMdemod/FIRs/ip_catalog/iq_fir.runs/iq_fir_bd_iq_fir_1_0_synth_1/dont_touch.xdc]
INFO: [Project 1-236] Implementation specific constraints were found while reading constraint file [C:/Users/fmabrouk/Documents/SysGen_FMdemod/FIRs/ip_catalog/iq_fir.runs/iq_fir_bd_iq_fir_1_0_synth_1/dont_touch.xdc]. These constraints will be ignored for synthesis but will be used in implementation. Impacted constraints are listed in the file [.Xil/iq_fir_bd_iq_fir_1_0_propImpl.xdc].
Resolution: To avoid this warning, move constraints listed in [.Xil/iq_fir_bd_iq_fir_1_0_propImpl.xdc] to another XDC file and exclude this new file from synthesis with the used_in_synthesis property (File Properties dialog in GUI) and re-run elaboration/synthesis.
Netlist sorting complete. Time (s): cpu = 00:00:00 ; elapsed = 00:00:00.004 . Memory (MB): peak = 805.914 ; gain = 0.000
WARNING: [Constraints 18-5210] No constraints selected for write.
Resolution: This message can indicate that there are no constraints for the design, or it can indicate that the used_in flags are set such that the constraints are ignored. This later case is used when running synth_design to not write synthesis constraints to the resulting checkpoint. Instead, project constraints are read when the synthesized design is opened.
Completed Processing XDC Constraints

Netlist sorting complete. Time (s): cpu = 00:00:00 ; elapsed = 00:00:00.005 . Memory (MB): peak = 806.543 ; gain = 0.000
INFO: [Project 1-111] Unisim Transformation Summary:
No Unisim elements were transformed.

Netlist sorting complete. Time (s): cpu = 00:00:00 ; elapsed = 00:00:00.005 . Memory (MB): peak = 806.543 ; gain = 0.000
Constraint Validation Runtime : Time (s): cpu = 00:00:01 ; elapsed = 00:00:00.246 . Memory (MB): peak = 806.543 ; gain = 0.000
---------------------------------------------------------------------------------
Finished Constraint Validation : Time (s): cpu = 00:00:34 ; elapsed = 00:00:39 . Memory (MB): peak = 806.543 ; gain = 475.996
---------------------------------------------------------------------------------
---------------------------------------------------------------------------------
Start Loading Part and Timing Information
---------------------------------------------------------------------------------
Loading part: xc7s50csga324-2
---------------------------------------------------------------------------------
Finished Loading Part and Timing Information : Time (s): cpu = 00:00:34 ; elapsed = 00:00:39 . Memory (MB): peak = 806.543 ; gain = 475.996
---------------------------------------------------------------------------------
---------------------------------------------------------------------------------
Start Applying 'set_property' XDC Constraints
---------------------------------------------------------------------------------
Applied set_property DONT_TOUCH = true for U0/iq_fir_struct/fir_compiler_7_2/iq_fir_fir_compiler_v7_2_i0_instance/U0. (constraint file  C:/Users/fmabrouk/Documents/SysGen_FMdemod/FIRs/ip_catalog/iq_fir.runs/iq_fir_bd_iq_fir_1_0_synth_1/dont_touch.xdc, line 11).
Applied set_property DONT_TOUCH = true for U0/iq_fir_struct/fir_compiler_7_2_1/iq_fir_fir_compiler_v7_2_i0_instance/U0. (constraint file  C:/Users/fmabrouk/Documents/SysGen_FMdemod/FIRs/ip_catalog/iq_fir.runs/iq_fir_bd_iq_fir_1_0_synth_1/dont_touch.xdc, line 11).
Applied set_property DONT_TOUCH = true for U0. (constraint file  C:/Users/fmabrouk/Documents/SysGen_FMdemod/FIRs/ip_catalog/iq_fir.runs/iq_fir_bd_iq_fir_1_0_synth_1/dont_touch.xdc, line 15).
Applied set_property DONT_TOUCH = true for U0/iq_fir_struct/fir_compiler_7_2/iq_fir_fir_compiler_v7_2_i0_instance. (constraint file  auto generated constraint, line ).
Applied set_property DONT_TOUCH = true for U0/iq_fir_struct/fir_compiler_7_2_1/iq_fir_fir_compiler_v7_2_i0_instance. (constraint file  auto generated constraint, line ).
---------------------------------------------------------------------------------
Finished applying 'set_property' XDC Constraints : Time (s): cpu = 00:00:34 ; elapsed = 00:00:39 . Memory (MB): peak = 806.543 ; gain = 475.996
---------------------------------------------------------------------------------
INFO: [Synth 8-5547] Trying to map ROM "rom" into Block RAM due to explicit "ram_style" or "rom_style" specification
INFO: [Synth 8-5546] ROM "add" won't be mapped to RAM because it is too sparse
INFO: [Synth 8-5546] ROM "add" won't be mapped to RAM because it is too sparse
INFO: [Synth 8-5546] ROM "add" won't be mapped to RAM because it is too sparse
---------------------------------------------------------------------------------
Finished RTL Optimization Phase 2 : Time (s): cpu = 00:00:39 ; elapsed = 00:00:43 . Memory (MB): peak = 806.543 ; gain = 475.996
---------------------------------------------------------------------------------
INFO: [Synth 8-223] decloning instance 'U0/iq_fir_struct/constant_x0' (sysgen_constant_9ee62c7e45) to 'U0/iq_fir_struct/constant1'

Report RTL Partitions: 
+-+--------------+------------+----------+
| |RTL Partition |Replication |Instances |
+-+--------------+------------+----------+
+-+--------------+------------+----------+
---------------------------------------------------------------------------------
Start RTL Component Statistics 
---------------------------------------------------------------------------------
---------------------------------------------------------------------------------
Finished RTL Component Statistics 
---------------------------------------------------------------------------------
---------------------------------------------------------------------------------
Start RTL Hierarchical Component Statistics 
---------------------------------------------------------------------------------
---------------------------------------------------------------------------------
Finished RTL Hierarchical Component Statistics
---------------------------------------------------------------------------------
---------------------------------------------------------------------------------
Start Part Resource Summary
---------------------------------------------------------------------------------
Part Resources:
DSPs: 120 (col length:60)
BRAMs: 150 (col length: RAMB18 60 RAMB36 30)
---------------------------------------------------------------------------------
Finished Part Resource Summary
---------------------------------------------------------------------------------
---------------------------------------------------------------------------------
Start Cross Boundary and Area Optimization
---------------------------------------------------------------------------------
Warning: Parallel synthesis criteria is not met 
INFO: [Synth 8-5546] ROM "add" won't be mapped to RAM because it is too sparse
INFO: [Synth 8-5546] ROM "add" won't be mapped to RAM because it is too sparse
INFO: [Synth 8-5546] ROM "g_polyphase_decimation.i_polyphase_decimation/add" won't be mapped to RAM because it is too sparse
INFO: [Synth 8-5546] ROM "g_polyphase_decimation.i_polyphase_decimation/add" won't be mapped to RAM because it is too sparse
INFO: [Synth 8-5546] ROM "g_polyphase_decimation.i_polyphase_decimation/add" won't be mapped to RAM because it is too sparse
INFO: [Synth 8-5546] ROM "g_polyphase_decimation.i_polyphase_decimation/add" won't be mapped to RAM because it is too sparse
INFO: [Synth 8-5546] ROM "add" won't be mapped to RAM because it is too sparse
INFO: [Synth 8-5546] ROM "add" won't be mapped to RAM because it is too sparse
INFO: [Synth 8-5546] ROM "g_polyphase_decimation.i_polyphase_decimation/add" won't be mapped to RAM because it is too sparse
INFO: [Synth 8-5546] ROM "g_polyphase_decimation.i_polyphase_decimation/add" won't be mapped to RAM because it is too sparse
INFO: [Synth 8-5546] ROM "g_polyphase_decimation.i_polyphase_decimation/add" won't be mapped to RAM because it is too sparse
INFO: [Synth 8-5546] ROM "g_polyphase_decimation.i_polyphase_decimation/add" won't be mapped to RAM because it is too sparse
WARNING: [Synth 8-3332] Sequential element (iq_fir_default_clock_driver/clockdriver/clr_reg/latency_gt_0.fd_array[1].reg_comp/fd_prim_array[0].bit_is_0.fdre_comp) is unused and will be removed from module iq_fir.
INFO: [Synth 8-3886] merging instance 'fir_compiler_v7_2_11:/i_synth/g_polyphase_decimation.i_polyphase_decimation/g_parallel.i_store_accum/gen_dly.gen_shiftreg.gen_rtl_delay.delay_bus_reg[0][0]' (FDE) to 'fir_compiler_v7_2_11:/i_synth/g_polyphase_decimation.i_polyphase_decimation/g_parallel.g_paths[0].g_symmetric.g_dly_data_wrap_src.i_wrap_we_src/gen_dly.gen_shiftreg.gen_rtl_delay.delay_bus_reg[0][0]'
INFO: [Synth 8-3886] merging instance 'fir_compiler_v7_2_11:/i_synth/g_polyphase_decimation.i_polyphase_decimation/g_parallel.i_first_phase_dly/gen_dly.gen_shiftreg.gen_rtl_delay.delay_bus_reg[0][0]' (FDE) to 'fir_compiler_v7_2_11:/i_synth/g_polyphase_decimation.i_polyphase_decimation/g_parallel.g_paths[0].g_symmetric.g_madds[0].g_add_bypass.i_pre_add_bypass/gen_dly.gen_shiftreg.gen_rtl_delay.delay_bus_reg[0][0]'
INFO: [Synth 8-3886] merging instance 'fir_compiler_v7_2_11:/i_synth/g_polyphase_decimation.i_polyphase_decimation/g_parallel.i_accumulate/gen_dly.gen_shiftreg.gen_rtl_delay.delay_bus_reg[0][0]' (FDE) to 'fir_compiler_v7_2_11:/i_synth/g_polyphase_decimation.i_polyphase_decimation/g_parallel.g_paths[0].g_symmetric.g_dly_data_wrap_src.i_wrap_we_src/gen_dly.gen_shiftreg.gen_rtl_delay.delay_bus_reg[0][0]'
INFO: [Synth 8-3886] merging instance 'fir_compiler_v7_2_11:/i_synth/g_polyphase_decimation.i_polyphase_decimation/g_parallel.i_store_accum/gen_dly.gen_shiftreg.gen_rtl_delay.delay_bus_reg[1][0]' (FDE) to 'fir_compiler_v7_2_11:/i_synth/g_polyphase_decimation.i_polyphase_decimation/g_parallel.g_paths[0].g_symmetric.g_dly_data_wrap_src.i_wrap_we_src/gen_dly.gen_shiftreg.gen_rtl_delay.delay_bus_reg[1][0]'
INFO: [Synth 8-3886] merging instance 'fir_compiler_v7_2_11:/i_synth/g_polyphase_decimation.i_polyphase_decimation/g_parallel.i_first_phase_dly/gen_dly.gen_shiftreg.gen_rtl_delay.delay_bus_reg[1][0]' (FDE) to 'fir_compiler_v7_2_11:/i_synth/g_polyphase_decimation.i_polyphase_decimation/g_parallel.g_paths[0].g_symmetric.g_madds[0].g_add_bypass.i_pre_add_bypass/gen_dly.gen_shiftreg.gen_rtl_delay.delay_bus_reg[1][0]'
INFO: [Synth 8-3886] merging instance 'fir_compiler_v7_2_11:/i_synth/g_polyphase_decimation.i_polyphase_decimation/g_parallel.i_accumulate/gen_dly.gen_shiftreg.gen_rtl_delay.delay_bus_reg[1][0]' (FDE) to 'fir_compiler_v7_2_11:/i_synth/g_polyphase_decimation.i_polyphase_decimation/g_parallel.g_paths[0].g_symmetric.g_dly_data_wrap_src.i_wrap_we_src/gen_dly.gen_shiftreg.gen_rtl_delay.delay_bus_reg[1][0]'
INFO: [Synth 8-3886] merging instance 'fir_compiler_v7_2_11:/i_synth/g_polyphase_decimation.i_polyphase_decimation/g_parallel.g_paths[0].g_symmetric.g_dly_data_wrap_src.i_wrap_src/gen_dly.gen_shiftreg.gen_rtl_delay.delay_bus_reg[0][0]' (FDE) to 'fir_compiler_v7_2_11:/i_synth/g_polyphase_decimation.i_polyphase_decimation/g_parallel.i_data_in/gen_dly.gen_shiftreg.gen_rtl_delay.delay_bus_reg[0][0]'
INFO: [Synth 8-3886] merging instance 'fir_compiler_v7_2_11:/i_synth/g_polyphase_decimation.i_polyphase_decimation/g_parallel.g_paths[0].g_symmetric.g_dly_data_wrap_src.i_wrap_src/gen_dly.gen_shiftreg.gen_rtl_delay.delay_bus_reg[0][1]' (FDE) to 'fir_compiler_v7_2_11:/i_synth/g_polyphase_decimation.i_polyphase_decimation/g_parallel.i_data_in/gen_dly.gen_shiftreg.gen_rtl_delay.delay_bus_reg[0][1]'
INFO: [Synth 8-3886] merging instance 'fir_compiler_v7_2_11:/i_synth/g_polyphase_decimation.i_polyphase_decimation/g_parallel.g_paths[0].g_symmetric.g_dly_data_wrap_src.i_wrap_src/gen_dly.gen_shiftreg.gen_rtl_delay.delay_bus_reg[0][2]' (FDE) to 'fir_compiler_v7_2_11:/i_synth/g_polyphase_decimation.i_polyphase_decimation/g_parallel.i_data_in/gen_dly.gen_shiftreg.gen_rtl_delay.delay_bus_reg[0][2]'
INFO: [Synth 8-3886] merging instance 'fir_compiler_v7_2_11:/i_synth/g_polyphase_decimation.i_polyphase_decimation/g_parallel.g_paths[0].g_symmetric.g_dly_data_wrap_src.i_wrap_src/gen_dly.gen_shiftreg.gen_rtl_delay.delay_bus_reg[0][3]' (FDE) to 'fir_compiler_v7_2_11:/i_synth/g_polyphase_decimation.i_polyphase_decimation/g_parallel.i_data_in/gen_dly.gen_shiftreg.gen_rtl_delay.delay_bus_reg[0][3]'
INFO: [Synth 8-3886] merging instance 'fir_compiler_v7_2_11:/i_synth/g_polyphase_decimation.i_polyphase_decimation/g_parallel.g_paths[0].g_symmetric.g_dly_data_wrap_src.i_wrap_src/gen_dly.gen_shiftreg.gen_rtl_delay.delay_bus_reg[0][4]' (FDE) to 'fir_compiler_v7_2_11:/i_synth/g_polyphase_decimation.i_polyphase_decimation/g_parallel.i_data_in/gen_dly.gen_shiftreg.gen_rtl_delay.delay_bus_reg[0][4]'
INFO: [Synth 8-3886] merging instance 'fir_compiler_v7_2_11:/i_synth/g_polyphase_decimation.i_polyphase_decimation/g_parallel.g_paths[0].g_symmetric.g_dly_data_wrap_src.i_wrap_src/gen_dly.gen_shiftreg.gen_rtl_delay.delay_bus_reg[0][5]' (FDE) to 'fir_compiler_v7_2_11:/i_synth/g_polyphase_decimation.i_polyphase_decimation/g_parallel.i_data_in/gen_dly.gen_shiftreg.gen_rtl_delay.delay_bus_reg[0][5]'
INFO: [Synth 8-3886] merging instance 'fir_compiler_v7_2_11:/i_synth/g_polyphase_decimation.i_polyphase_decimation/g_parallel.g_paths[0].g_symmetric.g_dly_data_wrap_src.i_wrap_src/gen_dly.gen_shiftreg.gen_rtl_delay.delay_bus_reg[0][6]' (FDE) to 'fir_compiler_v7_2_11:/i_synth/g_polyphase_decimation.i_polyphase_decimation/g_parallel.i_data_in/gen_dly.gen_shiftreg.gen_rtl_delay.delay_bus_reg[0][6]'
INFO: [Synth 8-3886] merging instance 'fir_compiler_v7_2_11:/i_synth/g_polyphase_decimation.i_polyphase_decimation/g_parallel.g_paths[0].g_symmetric.g_dly_data_wrap_src.i_wrap_src/gen_dly.gen_shiftreg.gen_rtl_delay.delay_bus_reg[0][7]' (FDE) to 'fir_compiler_v7_2_11:/i_synth/g_polyphase_decimation.i_polyphase_decimation/g_parallel.i_data_in/gen_dly.gen_shiftreg.gen_rtl_delay.delay_bus_reg[0][7]'
INFO: [Synth 8-3886] merging instance 'fir_compiler_v7_2_11:/i_synth/g_polyphase_decimation.i_polyphase_decimation/g_parallel.g_paths[0].g_symmetric.g_dly_data_wrap_src.i_wrap_src/gen_dly.gen_shiftreg.gen_rtl_delay.delay_bus_reg[0][8]' (FDE) to 'fir_compiler_v7_2_11:/i_synth/g_polyphase_decimation.i_polyphase_decimation/g_parallel.i_data_in/gen_dly.gen_shiftreg.gen_rtl_delay.delay_bus_reg[0][8]'
INFO: [Synth 8-3886] merging instance 'fir_compiler_v7_2_11:/i_synth/g_polyphase_decimation.i_polyphase_decimation/g_parallel.g_paths[0].g_symmetric.g_dly_data_wrap_src.i_wrap_src/gen_dly.gen_shiftreg.gen_rtl_delay.delay_bus_reg[0][9]' (FDE) to 'fir_compiler_v7_2_11:/i_synth/g_polyphase_decimation.i_polyphase_decimation/g_parallel.i_data_in/gen_dly.gen_shiftreg.gen_rtl_delay.delay_bus_reg[0][9]'
INFO: [Synth 8-3886] merging instance 'fir_compiler_v7_2_11:/i_synth/g_polyphase_decimation.i_polyphase_decimation/g_parallel.g_paths[0].g_symmetric.g_dly_data_wrap_src.i_wrap_src/gen_dly.gen_shiftreg.gen_rtl_delay.delay_bus_reg[0][10]' (FDE) to 'fir_compiler_v7_2_11:/i_synth/g_polyphase_decimation.i_polyphase_decimation/g_parallel.i_data_in/gen_dly.gen_shiftreg.gen_rtl_delay.delay_bus_reg[0][10]'
INFO: [Synth 8-3886] merging instance 'fir_compiler_v7_2_11:/i_synth/g_polyphase_decimation.i_polyphase_decimation/g_parallel.g_paths[0].g_symmetric.g_dly_data_wrap_src.i_wrap_src/gen_dly.gen_shiftreg.gen_rtl_delay.delay_bus_reg[0][11]' (FDE) to 'fir_compiler_v7_2_11:/i_synth/g_polyphase_decimation.i_polyphase_decimation/g_parallel.i_data_in/gen_dly.gen_shiftreg.gen_rtl_delay.delay_bus_reg[0][11]'
INFO: [Synth 8-3886] merging instance 'fir_compiler_v7_2_11:/i_synth/g_polyphase_decimation.i_polyphase_decimation/g_parallel.g_paths[0].g_symmetric.g_dly_data_wrap_src.i_wrap_src/gen_dly.gen_shiftreg.gen_rtl_delay.delay_bus_reg[0][12]' (FDE) to 'fir_compiler_v7_2_11:/i_synth/g_polyphase_decimation.i_polyphase_decimation/g_parallel.i_data_in/gen_dly.gen_shiftreg.gen_rtl_delay.delay_bus_reg[0][12]'
INFO: [Synth 8-3886] merging instance 'fir_compiler_v7_2_11:/i_synth/g_polyphase_decimation.i_polyphase_decimation/g_parallel.g_paths[0].g_symmetric.g_dly_data_wrap_src.i_wrap_src/gen_dly.gen_shiftreg.gen_rtl_delay.delay_bus_reg[0][13]' (FDE) to 'fir_compiler_v7_2_11:/i_synth/g_polyphase_decimation.i_polyphase_decimation/g_parallel.i_data_in/gen_dly.gen_shiftreg.gen_rtl_delay.delay_bus_reg[0][13]'
INFO: [Synth 8-3886] merging instance 'fir_compiler_v7_2_11:/i_synth/g_polyphase_decimation.i_polyphase_decimation/g_parallel.g_paths[0].g_symmetric.g_dly_data_wrap_src.i_wrap_src/gen_dly.gen_shiftreg.gen_rtl_delay.delay_bus_reg[0][14]' (FDE) to 'fir_compiler_v7_2_11:/i_synth/g_polyphase_decimation.i_polyphase_decimation/g_parallel.i_data_in/gen_dly.gen_shiftreg.gen_rtl_delay.delay_bus_reg[0][14]'
INFO: [Synth 8-3886] merging instance 'fir_compiler_v7_2_11:/i_synth/g_polyphase_decimation.i_polyphase_decimation/g_parallel.g_paths[0].g_symmetric.g_dly_data_wrap_src.i_wrap_src/gen_dly.gen_shiftreg.gen_rtl_delay.delay_bus_reg[0][15]' (FDE) to 'fir_compiler_v7_2_11:/i_synth/g_polyphase_decimation.i_polyphase_decimation/g_parallel.i_data_in/gen_dly.gen_shiftreg.gen_rtl_delay.delay_bus_reg[0][15]'
INFO: [Synth 8-3886] merging instance 'fir_compiler_v7_2_11:/i_synth/g_polyphase_decimation.i_polyphase_decimation/g_parallel.i_store_accum/gen_dly.gen_shiftreg.gen_rtl_delay.delay_bus_reg[2][0]' (FDE) to 'fir_compiler_v7_2_11:/i_synth/g_polyphase_decimation.i_polyphase_decimation/g_parallel.i_accumulate/gen_dly.gen_shiftreg.gen_rtl_delay.delay_bus_reg[2][0]'
INFO: [Synth 8-3886] merging instance 'fir_compiler_v7_2_11:/i_synth/g_polyphase_decimation.i_polyphase_decimation/g_parallel.i_first_phase_dly/gen_dly.gen_shiftreg.gen_rtl_delay.delay_bus_reg[2][0]' (FDE) to 'fir_compiler_v7_2_11:/i_synth/g_polyphase_decimation.i_polyphase_decimation/g_parallel.g_paths[0].g_symmetric.g_madds[0].g_add_bypass.i_pre_add_bypass/gen_dly.gen_shiftreg.gen_rtl_delay.delay_bus_reg[2][0]'
INFO: [Synth 8-3886] merging instance 'fir_compiler_v7_2_11:/i_synth/g_polyphase_decimation.i_polyphase_decimation/g_parallel.g_paths[0].g_symmetric.g_dly_data_wrap_src.i_wrap_src/gen_dly.gen_shiftreg.gen_rtl_delay.delay_bus_reg[1][0]' (FDE) to 'fir_compiler_v7_2_11:/i_synth/g_polyphase_decimation.i_polyphase_decimation/g_parallel.i_data_in/gen_dly.gen_shiftreg.gen_rtl_delay.delay_bus_reg[1][0]'
INFO: [Synth 8-3886] merging instance 'fir_compiler_v7_2_11:/i_synth/g_polyphase_decimation.i_polyphase_decimation/g_parallel.g_paths[0].g_symmetric.g_dly_data_wrap_src.i_wrap_src/gen_dly.gen_shiftreg.gen_rtl_delay.delay_bus_reg[1][1]' (FDE) to 'fir_compiler_v7_2_11:/i_synth/g_polyphase_decimation.i_polyphase_decimation/g_parallel.i_data_in/gen_dly.gen_shiftreg.gen_rtl_delay.delay_bus_reg[1][1]'
INFO: [Synth 8-3886] merging instance 'fir_compiler_v7_2_11:/i_synth/g_polyphase_decimation.i_polyphase_decimation/g_parallel.g_paths[0].g_symmetric.g_dly_data_wrap_src.i_wrap_src/gen_dly.gen_shiftreg.gen_rtl_delay.delay_bus_reg[1][2]' (FDE) to 'fir_compiler_v7_2_11:/i_synth/g_polyphase_decimation.i_polyphase_decimation/g_parallel.i_data_in/gen_dly.gen_shiftreg.gen_rtl_delay.delay_bus_reg[1][2]'
INFO: [Synth 8-3886] merging instance 'fir_compiler_v7_2_11:/i_synth/g_polyphase_decimation.i_polyphase_decimation/g_parallel.g_paths[0].g_symmetric.g_dly_data_wrap_src.i_wrap_src/gen_dly.gen_shiftreg.gen_rtl_delay.delay_bus_reg[1][3]' (FDE) to 'fir_compiler_v7_2_11:/i_synth/g_polyphase_decimation.i_polyphase_decimation/g_parallel.i_data_in/gen_dly.gen_shiftreg.gen_rtl_delay.delay_bus_reg[1][3]'
INFO: [Synth 8-3886] merging instance 'fir_compiler_v7_2_11:/i_synth/g_polyphase_decimation.i_polyphase_decimation/g_parallel.g_paths[0].g_symmetric.g_dly_data_wrap_src.i_wrap_src/gen_dly.gen_shiftreg.gen_rtl_delay.delay_bus_reg[1][4]' (FDE) to 'fir_compiler_v7_2_11:/i_synth/g_polyphase_decimation.i_polyphase_decimation/g_parallel.i_data_in/gen_dly.gen_shiftreg.gen_rtl_delay.delay_bus_reg[1][4]'
INFO: [Synth 8-3886] merging instance 'fir_compiler_v7_2_11:/i_synth/g_polyphase_decimation.i_polyphase_decimation/g_parallel.g_paths[0].g_symmetric.g_dly_data_wrap_src.i_wrap_src/gen_dly.gen_shiftreg.gen_rtl_delay.delay_bus_reg[1][5]' (FDE) to 'fir_compiler_v7_2_11:/i_synth/g_polyphase_decimation.i_polyphase_decimation/g_parallel.i_data_in/gen_dly.gen_shiftreg.gen_rtl_delay.delay_bus_reg[1][5]'
INFO: [Synth 8-3886] merging instance 'fir_compiler_v7_2_11:/i_synth/g_polyphase_decimation.i_polyphase_decimation/g_parallel.g_paths[0].g_symmetric.g_dly_data_wrap_src.i_wrap_src/gen_dly.gen_shiftreg.gen_rtl_delay.delay_bus_reg[1][6]' (FDE) to 'fir_compiler_v7_2_11:/i_synth/g_polyphase_decimation.i_polyphase_decimation/g_parallel.i_data_in/gen_dly.gen_shiftreg.gen_rtl_delay.delay_bus_reg[1][6]'
INFO: [Synth 8-3886] merging instance 'fir_compiler_v7_2_11:/i_synth/g_polyphase_decimation.i_polyphase_decimation/g_parallel.g_paths[0].g_symmetric.g_dly_data_wrap_src.i_wrap_src/gen_dly.gen_shiftreg.gen_rtl_delay.delay_bus_reg[1][7]' (FDE) to 'fir_compiler_v7_2_11:/i_synth/g_polyphase_decimation.i_polyphase_decimation/g_parallel.i_data_in/gen_dly.gen_shiftreg.gen_rtl_delay.delay_bus_reg[1][7]'
INFO: [Synth 8-3886] merging instance 'fir_compiler_v7_2_11:/i_synth/g_polyphase_decimation.i_polyphase_decimation/g_parallel.g_paths[0].g_symmetric.g_dly_data_wrap_src.i_wrap_src/gen_dly.gen_shiftreg.gen_rtl_delay.delay_bus_reg[1][8]' (FDE) to 'fir_compiler_v7_2_11:/i_synth/g_polyphase_decimation.i_polyphase_decimation/g_parallel.i_data_in/gen_dly.gen_shiftreg.gen_rtl_delay.delay_bus_reg[1][8]'
INFO: [Synth 8-3886] merging instance 'fir_compiler_v7_2_11:/i_synth/g_polyphase_decimation.i_polyphase_decimation/g_parallel.g_paths[0].g_symmetric.g_dly_data_wrap_src.i_wrap_src/gen_dly.gen_shiftreg.gen_rtl_delay.delay_bus_reg[1][9]' (FDE) to 'fir_compiler_v7_2_11:/i_synth/g_polyphase_decimation.i_polyphase_decimation/g_parallel.i_data_in/gen_dly.gen_shiftreg.gen_rtl_delay.delay_bus_reg[1][9]'
INFO: [Synth 8-3886] merging instance 'fir_compiler_v7_2_11:/i_synth/g_polyphase_decimation.i_polyphase_decimation/g_parallel.g_paths[0].g_symmetric.g_dly_data_wrap_src.i_wrap_src/gen_dly.gen_shiftreg.gen_rtl_delay.delay_bus_reg[1][10]' (FDE) to 'fir_compiler_v7_2_11:/i_synth/g_polyphase_decimation.i_polyphase_decimation/g_parallel.i_data_in/gen_dly.gen_shiftreg.gen_rtl_delay.delay_bus_reg[1][10]'
INFO: [Synth 8-3886] merging instance 'fir_compiler_v7_2_11:/i_synth/g_polyphase_decimation.i_polyphase_decimation/g_parallel.g_paths[0].g_symmetric.g_dly_data_wrap_src.i_wrap_src/gen_dly.gen_shiftreg.gen_rtl_delay.delay_bus_reg[1][11]' (FDE) to 'fir_compiler_v7_2_11:/i_synth/g_polyphase_decimation.i_polyphase_decimation/g_parallel.i_data_in/gen_dly.gen_shiftreg.gen_rtl_delay.delay_bus_reg[1][11]'
INFO: [Synth 8-3886] merging instance 'fir_compiler_v7_2_11:/i_synth/g_polyphase_decimation.i_polyphase_decimation/g_parallel.g_paths[0].g_symmetric.g_dly_data_wrap_src.i_wrap_src/gen_dly.gen_shiftreg.gen_rtl_delay.delay_bus_reg[1][12]' (FDE) to 'fir_compiler_v7_2_11:/i_synth/g_polyphase_decimation.i_polyphase_decimation/g_parallel.i_data_in/gen_dly.gen_shiftreg.gen_rtl_delay.delay_bus_reg[1][12]'
INFO: [Synth 8-3886] merging instance 'fir_compiler_v7_2_11:/i_synth/g_polyphase_decimation.i_polyphase_decimation/g_parallel.g_paths[0].g_symmetric.g_dly_data_wrap_src.i_wrap_src/gen_dly.gen_shiftreg.gen_rtl_delay.delay_bus_reg[1][13]' (FDE) to 'fir_compiler_v7_2_11:/i_synth/g_polyphase_decimation.i_polyphase_decimation/g_parallel.i_data_in/gen_dly.gen_shiftreg.gen_rtl_delay.delay_bus_reg[1][13]'
INFO: [Synth 8-3886] merging instance 'fir_compiler_v7_2_11:/i_synth/g_polyphase_decimation.i_polyphase_decimation/g_parallel.g_paths[0].g_symmetric.g_dly_data_wrap_src.i_wrap_src/gen_dly.gen_shiftreg.gen_rtl_delay.delay_bus_reg[1][14]' (FDE) to 'fir_compiler_v7_2_11:/i_synth/g_polyphase_decimation.i_polyphase_decimation/g_parallel.i_data_in/gen_dly.gen_shiftreg.gen_rtl_delay.delay_bus_reg[1][14]'
INFO: [Synth 8-3886] merging instance 'fir_compiler_v7_2_11:/i_synth/g_polyphase_decimation.i_polyphase_decimation/g_parallel.g_paths[0].g_symmetric.g_dly_data_wrap_src.i_wrap_src/gen_dly.gen_shiftreg.gen_rtl_delay.delay_bus_reg[1][15]' (FDE) to 'fir_compiler_v7_2_11:/i_synth/g_polyphase_decimation.i_polyphase_decimation/g_parallel.i_data_in/gen_dly.gen_shiftreg.gen_rtl_delay.delay_bus_reg[1][15]'
INFO: [Synth 8-3886] merging instance 'fir_compiler_v7_2_11:/i_synth/g_polyphase_decimation.i_polyphase_decimation/g_parallel.i_store_accum/gen_dly.gen_shiftreg.gen_rtl_delay.delay_bus_reg[3][0]' (FDE) to 'fir_compiler_v7_2_11:/i_synth/g_polyphase_decimation.i_polyphase_decimation/g_parallel.i_accumulate/gen_dly.gen_shiftreg.gen_rtl_delay.delay_bus_reg[3][0]'
INFO: [Synth 8-3886] merging instance 'fir_compiler_v7_2_11:/i_synth/g_polyphase_decimation.i_polyphase_decimation/g_parallel.g_paths[0].g_symmetric.g_dly_data_wrap_src.i_wrap_src/gen_dly.gen_shiftreg.gen_rtl_delay.delay_bus_reg[2][0]' (FDE) to 'fir_compiler_v7_2_11:/i_synth/g_polyphase_decimation.i_polyphase_decimation/g_parallel.i_data_in/gen_dly.gen_shiftreg.gen_rtl_delay.delay_bus_reg[2][0]'
INFO: [Synth 8-3886] merging instance 'fir_compiler_v7_2_11:/i_synth/g_polyphase_decimation.i_polyphase_decimation/g_parallel.g_paths[0].g_symmetric.g_dly_data_wrap_src.i_wrap_src/gen_dly.gen_shiftreg.gen_rtl_delay.delay_bus_reg[2][1]' (FDE) to 'fir_compiler_v7_2_11:/i_synth/g_polyphase_decimation.i_polyphase_decimation/g_parallel.i_data_in/gen_dly.gen_shiftreg.gen_rtl_delay.delay_bus_reg[2][1]'
INFO: [Synth 8-3886] merging instance 'fir_compiler_v7_2_11:/i_synth/g_polyphase_decimation.i_polyphase_decimation/g_parallel.g_paths[0].g_symmetric.g_dly_data_wrap_src.i_wrap_src/gen_dly.gen_shiftreg.gen_rtl_delay.delay_bus_reg[2][2]' (FDE) to 'fir_compiler_v7_2_11:/i_synth/g_polyphase_decimation.i_polyphase_decimation/g_parallel.i_data_in/gen_dly.gen_shiftreg.gen_rtl_delay.delay_bus_reg[2][2]'
INFO: [Synth 8-3886] merging instance 'fir_compiler_v7_2_11:/i_synth/g_polyphase_decimation.i_polyphase_decimation/g_parallel.g_paths[0].g_symmetric.g_dly_data_wrap_src.i_wrap_src/gen_dly.gen_shiftreg.gen_rtl_delay.delay_bus_reg[2][3]' (FDE) to 'fir_compiler_v7_2_11:/i_synth/g_polyphase_decimation.i_polyphase_decimation/g_parallel.i_data_in/gen_dly.gen_shiftreg.gen_rtl_delay.delay_bus_reg[2][3]'
INFO: [Synth 8-3886] merging instance 'fir_compiler_v7_2_11:/i_synth/g_polyphase_decimation.i_polyphase_decimation/g_parallel.g_paths[0].g_symmetric.g_dly_data_wrap_src.i_wrap_src/gen_dly.gen_shiftreg.gen_rtl_delay.delay_bus_reg[2][4]' (FDE) to 'fir_compiler_v7_2_11:/i_synth/g_polyphase_decimation.i_polyphase_decimation/g_parallel.i_data_in/gen_dly.gen_shiftreg.gen_rtl_delay.delay_bus_reg[2][4]'
INFO: [Synth 8-3886] merging instance 'fir_compiler_v7_2_11:/i_synth/g_polyphase_decimation.i_polyphase_decimation/g_parallel.g_paths[0].g_symmetric.g_dly_data_wrap_src.i_wrap_src/gen_dly.gen_shiftreg.gen_rtl_delay.delay_bus_reg[2][5]' (FDE) to 'fir_compiler_v7_2_11:/i_synth/g_polyphase_decimation.i_polyphase_decimation/g_parallel.i_data_in/gen_dly.gen_shiftreg.gen_rtl_delay.delay_bus_reg[2][5]'
INFO: [Synth 8-3886] merging instance 'fir_compiler_v7_2_11:/i_synth/g_polyphase_decimation.i_polyphase_decimation/g_parallel.g_paths[0].g_symmetric.g_dly_data_wrap_src.i_wrap_src/gen_dly.gen_shiftreg.gen_rtl_delay.delay_bus_reg[2][6]' (FDE) to 'fir_compiler_v7_2_11:/i_synth/g_polyphase_decimation.i_polyphase_decimation/g_parallel.i_data_in/gen_dly.gen_shiftreg.gen_rtl_delay.delay_bus_reg[2][6]'
INFO: [Synth 8-3886] merging instance 'fir_compiler_v7_2_11:/i_synth/g_polyphase_decimation.i_polyphase_decimation/g_parallel.g_paths[0].g_symmetric.g_dly_data_wrap_src.i_wrap_src/gen_dly.gen_shiftreg.gen_rtl_delay.delay_bus_reg[2][7]' (FDE) to 'fir_compiler_v7_2_11:/i_synth/g_polyphase_decimation.i_polyphase_decimation/g_parallel.i_data_in/gen_dly.gen_shiftreg.gen_rtl_delay.delay_bus_reg[2][7]'
INFO: [Synth 8-3886] merging instance 'fir_compiler_v7_2_11:/i_synth/g_polyphase_decimation.i_polyphase_decimation/g_parallel.g_paths[0].g_symmetric.g_dly_data_wrap_src.i_wrap_src/gen_dly.gen_shiftreg.gen_rtl_delay.delay_bus_reg[2][8]' (FDE) to 'fir_compiler_v7_2_11:/i_synth/g_polyphase_decimation.i_polyphase_decimation/g_parallel.i_data_in/gen_dly.gen_shiftreg.gen_rtl_delay.delay_bus_reg[2][8]'
INFO: [Synth 8-3886] merging instance 'fir_compiler_v7_2_11:/i_synth/g_polyphase_decimation.i_polyphase_decimation/g_parallel.g_paths[0].g_symmetric.g_dly_data_wrap_src.i_wrap_src/gen_dly.gen_shiftreg.gen_rtl_delay.delay_bus_reg[2][9]' (FDE) to 'fir_compiler_v7_2_11:/i_synth/g_polyphase_decimation.i_polyphase_decimation/g_parallel.i_data_in/gen_dly.gen_shiftreg.gen_rtl_delay.delay_bus_reg[2][9]'
INFO: [Synth 8-3886] merging instance 'fir_compiler_v7_2_11:/i_synth/g_polyphase_decimation.i_polyphase_decimation/g_parallel.g_paths[0].g_symmetric.g_dly_data_wrap_src.i_wrap_src/gen_dly.gen_shiftreg.gen_rtl_delay.delay_bus_reg[2][10]' (FDE) to 'fir_compiler_v7_2_11:/i_synth/g_polyphase_decimation.i_polyphase_decimation/g_parallel.i_data_in/gen_dly.gen_shiftreg.gen_rtl_delay.delay_bus_reg[2][10]'
INFO: [Synth 8-3886] merging instance 'fir_compiler_v7_2_11:/i_synth/g_polyphase_decimation.i_polyphase_decimation/g_parallel.g_paths[0].g_symmetric.g_dly_data_wrap_src.i_wrap_src/gen_dly.gen_shiftreg.gen_rtl_delay.delay_bus_reg[2][11]' (FDE) to 'fir_compiler_v7_2_11:/i_synth/g_polyphase_decimation.i_polyphase_decimation/g_parallel.i_data_in/gen_dly.gen_shiftreg.gen_rtl_delay.delay_bus_reg[2][11]'
INFO: [Synth 8-3886] merging instance 'fir_compiler_v7_2_11:/i_synth/g_polyphase_decimation.i_polyphase_decimation/g_parallel.g_paths[0].g_symmetric.g_dly_data_wrap_src.i_wrap_src/gen_dly.gen_shiftreg.gen_rtl_delay.delay_bus_reg[2][12]' (FDE) to 'fir_compiler_v7_2_11:/i_synth/g_polyphase_decimation.i_polyphase_decimation/g_parallel.i_data_in/gen_dly.gen_shiftreg.gen_rtl_delay.delay_bus_reg[2][12]'
INFO: [Synth 8-3886] merging instance 'fir_compiler_v7_2_11:/i_synth/g_polyphase_decimation.i_polyphase_decimation/g_parallel.g_paths[0].g_symmetric.g_dly_data_wrap_src.i_wrap_src/gen_dly.gen_shiftreg.gen_rtl_delay.delay_bus_reg[2][13]' (FDE) to 'fir_compiler_v7_2_11:/i_synth/g_polyphase_decimation.i_polyphase_decimation/g_parallel.i_data_in/gen_dly.gen_shiftreg.gen_rtl_delay.delay_bus_reg[2][13]'
INFO: [Synth 8-3886] merging instance 'fir_compiler_v7_2_11:/i_synth/g_polyphase_decimation.i_polyphase_decimation/g_parallel.g_paths[0].g_symmetric.g_dly_data_wrap_src.i_wrap_src/gen_dly.gen_shiftreg.gen_rtl_delay.delay_bus_reg[2][14]' (FDE) to 'fir_compiler_v7_2_11:/i_synth/g_polyphase_decimation.i_polyphase_decimation/g_parallel.i_data_in/gen_dly.gen_shiftreg.gen_rtl_delay.delay_bus_reg[2][14]'
INFO: [Synth 8-3886] merging instance 'fir_compiler_v7_2_11:/i_synth/g_polyphase_decimation.i_polyphase_decimation/g_parallel.g_paths[0].g_symmetric.g_dly_data_wrap_src.i_wrap_src/gen_dly.gen_shiftreg.gen_rtl_delay.delay_bus_reg[2][15]' (FDE) to 'fir_compiler_v7_2_11:/i_synth/g_polyphase_decimation.i_polyphase_decimation/g_parallel.i_data_in/gen_dly.gen_shiftreg.gen_rtl_delay.delay_bus_reg[2][15]'
INFO: [Synth 8-3886] merging instance 'fir_compiler_v7_2_11:/i_synth/g_polyphase_decimation.i_polyphase_decimation/g_parallel.i_store_accum/gen_dly.gen_shiftreg.gen_rtl_delay.delay_bus_reg[4][0]' (FDE) to 'fir_compiler_v7_2_11:/i_synth/g_polyphase_decimation.i_polyphase_decimation/g_parallel.i_accumulate/gen_dly.gen_shiftreg.gen_rtl_delay.delay_bus_reg[4][0]'
INFO: [Synth 8-3886] merging instance 'fir_compiler_v7_2_11:/i_synth/g_polyphase_decimation.i_polyphase_decimation/g_parallel.g_accum_cntrl.accum_opcode_reg[3]' (FDRE) to 'fir_compiler_v7_2_11:/i_synth/g_polyphase_decimation.i_polyphase_decimation/g_parallel.g_accum_cntrl.accum_opcode_reg[9]'
INFO: [Synth 8-3886] merging instance 'fir_compiler_v7_2_11:/i_synth/g_polyphase_decimation.i_polyphase_decimation/g_parallel.g_accum_cntrl.accum_opcode_reg[5]' (FDRE) to 'fir_compiler_v7_2_11:/i_synth/g_polyphase_decimation.i_polyphase_decimation/g_parallel.g_accum_cntrl.accum_opcode_reg[9]'
INFO: [Synth 8-3886] merging instance 'fir_compiler_v7_2_11:/i_synth/g_polyphase_decimation.i_polyphase_decimation/g_parallel.g_accum_cntrl.accum_opcode_reg[6]' (FDRE) to 'fir_compiler_v7_2_11:/i_synth/g_polyphase_decimation.i_polyphase_decimation/g_parallel.g_accum_cntrl.accum_opcode_reg[9]'
INFO: [Synth 8-3886] merging instance 'fir_compiler_v7_2_11:/i_synth/g_polyphase_decimation.i_polyphase_decimation/g_parallel.g_accum_cntrl.accum_opcode_reg[8]' (FDRE) to 'fir_compiler_v7_2_11:/i_synth/g_polyphase_decimation.i_polyphase_decimation/g_parallel.g_accum_cntrl.accum_opcode_reg[9]'
INFO: [Synth 8-3886] merging instance 'fir_compiler_v7_2_11:/i_synth/g_polyphase_decimation.i_polyphase_decimation/g_parallel.g_accum_cntrl.accum_opcode_reg[9]' (FDRE) to 'fir_compiler_v7_2_11:/i_synth/g_polyphase_decimation.i_polyphase_decimation/g_parallel.g_accum_cntrl.accum_opcode_reg[2]'
INFO: [Synth 8-3886] merging instance 'fir_compiler_v7_2_11:/i_synth/g_polyphase_decimation.i_polyphase_decimation/g_parallel.g_accum_cntrl.accum_opcode_reg[0]' (FDRE) to 'fir_compiler_v7_2_11:/i_synth/g_polyphase_decimation.i_polyphase_decimation/g_parallel.g_accum_cntrl.accum_opcode_reg[2]'
INFO: [Synth 8-3886] merging instance 'fir_compiler_v7_2_11:/i_synth/g_polyphase_decimation.i_polyphase_decimation/g_parallel.g_accum_cntrl.accum_opcode_reg[1]' (FDRE) to 'fir_compiler_v7_2_11:/i_synth/g_polyphase_decimation.i_polyphase_decimation/g_parallel.g_accum_cntrl.accum_opcode_reg[2]'
INFO: [Synth 8-3333] propagating constant 0 across sequential element (fir_compiler_v7_2_11:/i_synth/\g_polyphase_decimation.i_polyphase_decimation/g_parallel.g_accum_cntrl.accum_opcode_reg[2] )
INFO: [Synth 8-3886] merging instance 'fir_compiler_v7_2_11:/i_synth/g_polyphase_decimation.i_polyphase_decimation/g_m_data_chan_no_fifo.m_axis_data_tdata_int_reg[32]' (FDRE) to 'fir_compiler_v7_2_11:/i_synth/g_polyphase_decimation.i_polyphase_decimation/g_m_data_chan_no_fifo.m_axis_data_tdata_int_reg[33]'
INFO: [Synth 8-3886] merging instance 'fir_compiler_v7_2_11:/i_synth/g_polyphase_decimation.i_polyphase_decimation/g_m_data_chan_no_fifo.m_axis_data_tdata_int_reg[33]' (FDRE) to 'fir_compiler_v7_2_11:/i_synth/g_polyphase_decimation.i_polyphase_decimation/g_m_data_chan_no_fifo.m_axis_data_tdata_int_reg[34]'
INFO: [Synth 8-3886] merging instance 'fir_compiler_v7_2_11:/i_synth/g_polyphase_decimation.i_polyphase_decimation/g_m_data_chan_no_fifo.m_axis_data_tdata_int_reg[34]' (FDRE) to 'fir_compiler_v7_2_11:/i_synth/g_polyphase_decimation.i_polyphase_decimation/g_m_data_chan_no_fifo.m_axis_data_tdata_int_reg[35]'
INFO: [Synth 8-3886] merging instance 'fir_compiler_v7_2_11:/i_synth/g_polyphase_decimation.i_polyphase_decimation/g_m_data_chan_no_fifo.m_axis_data_tdata_int_reg[35]' (FDRE) to 'fir_compiler_v7_2_11:/i_synth/g_polyphase_decimation.i_polyphase_decimation/g_m_data_chan_no_fifo.m_axis_data_tdata_int_reg[36]'
INFO: [Synth 8-3886] merging instance 'fir_compiler_v7_2_11:/i_synth/g_polyphase_decimation.i_polyphase_decimation/g_m_data_chan_no_fifo.m_axis_data_tdata_int_reg[36]' (FDRE) to 'fir_compiler_v7_2_11:/i_synth/g_polyphase_decimation.i_polyphase_decimation/g_m_data_chan_no_fifo.m_axis_data_tdata_int_reg[37]'
INFO: [Synth 8-3886] merging instance 'fir_compiler_v7_2_11:/i_synth/g_polyphase_decimation.i_polyphase_decimation/g_m_data_chan_no_fifo.m_axis_data_tdata_int_reg[37]' (FDRE) to 'fir_compiler_v7_2_11:/i_synth/g_polyphase_decimation.i_polyphase_decimation/g_m_data_chan_no_fifo.m_axis_data_tdata_int_reg[38]'
INFO: [Synth 8-3886] merging instance 'fir_compiler_v7_2_11:/i_synth/g_polyphase_decimation.i_polyphase_decimation/g_m_data_chan_no_fifo.m_axis_data_tdata_int_reg[38]' (FDRE) to 'fir_compiler_v7_2_11:/i_synth/g_polyphase_decimation.i_polyphase_decimation/g_m_data_chan_no_fifo.m_axis_data_tdata_int_reg[39]'
INFO: [Synth 8-3333] propagating constant 0 across sequential element (fir_compiler_v7_2_11:/i_synth/\g_polyphase_decimation.i_polyphase_decimation/g_m_data_chan_no_fifo.m_axis_data_tlast_int_reg )
---------------------------------------------------------------------------------
Finished Cross Boundary and Area Optimization : Time (s): cpu = 00:00:40 ; elapsed = 00:00:45 . Memory (MB): peak = 806.543 ; gain = 475.996
---------------------------------------------------------------------------------
INFO: [Synth 8-6837] The timing for the instance U0/iq_fir_struct/fir_compiler_7_2/iq_fir_fir_compiler_v7_2_i0_instance/U0/i_synth/g_polyphase_decimation.i_polyphase_decimation/g_parallel.g_paths[0].g_mem_array[0].i_mem/g_individual.i_mem_a/i_0/gen_bram.gen_rom.gen_double_reg.do_reg (implemented as a Block RAM) might be sub-optimal as no optional output register could be merged into the block ram. Providing additional output register may help in improving timing.
INFO: [Synth 8-6837] The timing for the instance U0/iq_fir_struct/fir_compiler_7_2_1/iq_fir_fir_compiler_v7_2_i0_instance/U0/i_synth/g_polyphase_decimation.i_polyphase_decimation/g_parallel.g_paths[0].g_mem_array[0].i_mem/g_individual.i_mem_a/i_0/gen_bram.gen_rom.gen_double_reg.do_reg (implemented as a Block RAM) might be sub-optimal as no optional output register could be merged into the block ram. Providing additional output register may help in improving timing.

Report RTL Partitions: 
+-+--------------+------------+----------+
| |RTL Partition |Replication |Instances |
+-+--------------+------------+----------+
+-+--------------+------------+----------+
---------------------------------------------------------------------------------
Start Applying XDC Timing Constraints
---------------------------------------------------------------------------------
---------------------------------------------------------------------------------
Finished Applying XDC Timing Constraints : Time (s): cpu = 00:00:52 ; elapsed = 00:00:57 . Memory (MB): peak = 871.004 ; gain = 540.457
---------------------------------------------------------------------------------
---------------------------------------------------------------------------------
Start Timing Optimization
---------------------------------------------------------------------------------
---------------------------------------------------------------------------------
Finished Timing Optimization : Time (s): cpu = 00:00:52 ; elapsed = 00:00:57 . Memory (MB): peak = 871.227 ; gain = 540.680
---------------------------------------------------------------------------------

Report RTL Partitions: 
+-+--------------+------------+----------+
| |RTL Partition |Replication |Instances |
+-+--------------+------------+----------+
+-+--------------+------------+----------+
---------------------------------------------------------------------------------
Start Technology Mapping
---------------------------------------------------------------------------------
WARNING: [Synth 8-5591] srl_style attribute value srl_reg on U0/iq_fir_struct/fir_compiler_7_2/iq_fir_fir_compiler_v7_2_i0_instance/U0/i_synth/g_polyphase_decimation.i_polyphase_decimation/g_parallel.i_data_in/gen_dly.gen_shiftreg.gen_rtl_delay.delay_bus_reg[3][15] cannot be supported because of smaller than expected depth of fanout-free flop chain.
WARNING: [Synth 8-5591] srl_style attribute value srl_reg on U0/iq_fir_struct/fir_compiler_7_2/iq_fir_fir_compiler_v7_2_i0_instance/U0/i_synth/g_polyphase_decimation.i_polyphase_decimation/g_parallel.i_data_in/gen_dly.gen_shiftreg.gen_rtl_delay.delay_bus_reg[3][14] cannot be supported because of smaller than expected depth of fanout-free flop chain.
WARNING: [Synth 8-5591] srl_style attribute value srl_reg on U0/iq_fir_struct/fir_compiler_7_2/iq_fir_fir_compiler_v7_2_i0_instance/U0/i_synth/g_polyphase_decimation.i_polyphase_decimation/g_parallel.i_data_in/gen_dly.gen_shiftreg.gen_rtl_delay.delay_bus_reg[3][13] cannot be supported because of smaller than expected depth of fanout-free flop chain.
WARNING: [Synth 8-5591] srl_style attribute value srl_reg on U0/iq_fir_struct/fir_compiler_7_2/iq_fir_fir_compiler_v7_2_i0_instance/U0/i_synth/g_polyphase_decimation.i_polyphase_decimation/g_parallel.i_data_in/gen_dly.gen_shiftreg.gen_rtl_delay.delay_bus_reg[3][12] cannot be supported because of smaller than expected depth of fanout-free flop chain.
WARNING: [Synth 8-5591] srl_style attribute value srl_reg on U0/iq_fir_struct/fir_compiler_7_2/iq_fir_fir_compiler_v7_2_i0_instance/U0/i_synth/g_polyphase_decimation.i_polyphase_decimation/g_parallel.i_data_in/gen_dly.gen_shiftreg.gen_rtl_delay.delay_bus_reg[3][11] cannot be supported because of smaller than expected depth of fanout-free flop chain.
WARNING: [Synth 8-5591] srl_style attribute value srl_reg on U0/iq_fir_struct/fir_compiler_7_2/iq_fir_fir_compiler_v7_2_i0_instance/U0/i_synth/g_polyphase_decimation.i_polyphase_decimation/g_parallel.i_data_in/gen_dly.gen_shiftreg.gen_rtl_delay.delay_bus_reg[3][10] cannot be supported because of smaller than expected depth of fanout-free flop chain.
WARNING: [Synth 8-5591] srl_style attribute value srl_reg on U0/iq_fir_struct/fir_compiler_7_2/iq_fir_fir_compiler_v7_2_i0_instance/U0/i_synth/g_polyphase_decimation.i_polyphase_decimation/g_parallel.i_data_in/gen_dly.gen_shiftreg.gen_rtl_delay.delay_bus_reg[3][9] cannot be supported because of smaller than expected depth of fanout-free flop chain.
WARNING: [Synth 8-5591] srl_style attribute value srl_reg on U0/iq_fir_struct/fir_compiler_7_2/iq_fir_fir_compiler_v7_2_i0_instance/U0/i_synth/g_polyphase_decimation.i_polyphase_decimation/g_parallel.i_data_in/gen_dly.gen_shiftreg.gen_rtl_delay.delay_bus_reg[3][8] cannot be supported because of smaller than expected depth of fanout-free flop chain.
WARNING: [Synth 8-5591] srl_style attribute value srl_reg on U0/iq_fir_struct/fir_compiler_7_2/iq_fir_fir_compiler_v7_2_i0_instance/U0/i_synth/g_polyphase_decimation.i_polyphase_decimation/g_parallel.i_data_in/gen_dly.gen_shiftreg.gen_rtl_delay.delay_bus_reg[3][7] cannot be supported because of smaller than expected depth of fanout-free flop chain.
WARNING: [Synth 8-5591] srl_style attribute value srl_reg on U0/iq_fir_struct/fir_compiler_7_2/iq_fir_fir_compiler_v7_2_i0_instance/U0/i_synth/g_polyphase_decimation.i_polyphase_decimation/g_parallel.i_data_in/gen_dly.gen_shiftreg.gen_rtl_delay.delay_bus_reg[3][6] cannot be supported because of smaller than expected depth of fanout-free flop chain.
WARNING: [Synth 8-5591] srl_style attribute value srl_reg on U0/iq_fir_struct/fir_compiler_7_2/iq_fir_fir_compiler_v7_2_i0_instance/U0/i_synth/g_polyphase_decimation.i_polyphase_decimation/g_parallel.i_data_in/gen_dly.gen_shiftreg.gen_rtl_delay.delay_bus_reg[3][5] cannot be supported because of smaller than expected depth of fanout-free flop chain.
WARNING: [Synth 8-5591] srl_style attribute value srl_reg on U0/iq_fir_struct/fir_compiler_7_2/iq_fir_fir_compiler_v7_2_i0_instance/U0/i_synth/g_polyphase_decimation.i_polyphase_decimation/g_parallel.i_data_in/gen_dly.gen_shiftreg.gen_rtl_delay.delay_bus_reg[3][4] cannot be supported because of smaller than expected depth of fanout-free flop chain.
WARNING: [Synth 8-5591] srl_style attribute value srl_reg on U0/iq_fir_struct/fir_compiler_7_2/iq_fir_fir_compiler_v7_2_i0_instance/U0/i_synth/g_polyphase_decimation.i_polyphase_decimation/g_parallel.i_data_in/gen_dly.gen_shiftreg.gen_rtl_delay.delay_bus_reg[3][3] cannot be supported because of smaller than expected depth of fanout-free flop chain.
WARNING: [Synth 8-5591] srl_style attribute value srl_reg on U0/iq_fir_struct/fir_compiler_7_2/iq_fir_fir_compiler_v7_2_i0_instance/U0/i_synth/g_polyphase_decimation.i_polyphase_decimation/g_parallel.i_data_in/gen_dly.gen_shiftreg.gen_rtl_delay.delay_bus_reg[3][2] cannot be supported because of smaller than expected depth of fanout-free flop chain.
WARNING: [Synth 8-5591] srl_style attribute value srl_reg on U0/iq_fir_struct/fir_compiler_7_2/iq_fir_fir_compiler_v7_2_i0_instance/U0/i_synth/g_polyphase_decimation.i_polyphase_decimation/g_parallel.i_data_in/gen_dly.gen_shiftreg.gen_rtl_delay.delay_bus_reg[3][1] cannot be supported because of smaller than expected depth of fanout-free flop chain.
WARNING: [Synth 8-5591] srl_style attribute value srl_reg on U0/iq_fir_struct/fir_compiler_7_2/iq_fir_fir_compiler_v7_2_i0_instance/U0/i_synth/g_polyphase_decimation.i_polyphase_decimation/g_parallel.i_data_in/gen_dly.gen_shiftreg.gen_rtl_delay.delay_bus_reg[3][0] cannot be supported because of smaller than expected depth of fanout-free flop chain.
WARNING: [Synth 8-5591] srl_style attribute value srl_reg on U0/iq_fir_struct/fir_compiler_7_2_1/iq_fir_fir_compiler_v7_2_i0_instance/U0/i_synth/g_polyphase_decimation.i_polyphase_decimation/g_parallel.i_data_in/gen_dly.gen_shiftreg.gen_rtl_delay.delay_bus_reg[3][15] cannot be supported because of smaller than expected depth of fanout-free flop chain.
WARNING: [Synth 8-5591] srl_style attribute value srl_reg on U0/iq_fir_struct/fir_compiler_7_2_1/iq_fir_fir_compiler_v7_2_i0_instance/U0/i_synth/g_polyphase_decimation.i_polyphase_decimation/g_parallel.i_data_in/gen_dly.gen_shiftreg.gen_rtl_delay.delay_bus_reg[3][14] cannot be supported because of smaller than expected depth of fanout-free flop chain.
WARNING: [Synth 8-5591] srl_style attribute value srl_reg on U0/iq_fir_struct/fir_compiler_7_2_1/iq_fir_fir_compiler_v7_2_i0_instance/U0/i_synth/g_polyphase_decimation.i_polyphase_decimation/g_parallel.i_data_in/gen_dly.gen_shiftreg.gen_rtl_delay.delay_bus_reg[3][13] cannot be supported because of smaller than expected depth of fanout-free flop chain.
WARNING: [Synth 8-5591] srl_style attribute value srl_reg on U0/iq_fir_struct/fir_compiler_7_2_1/iq_fir_fir_compiler_v7_2_i0_instance/U0/i_synth/g_polyphase_decimation.i_polyphase_decimation/g_parallel.i_data_in/gen_dly.gen_shiftreg.gen_rtl_delay.delay_bus_reg[3][12] cannot be supported because of smaller than expected depth of fanout-free flop chain.
WARNING: [Synth 8-5591] srl_style attribute value srl_reg on U0/iq_fir_struct/fir_compiler_7_2_1/iq_fir_fir_compiler_v7_2_i0_instance/U0/i_synth/g_polyphase_decimation.i_polyphase_decimation/g_parallel.i_data_in/gen_dly.gen_shiftreg.gen_rtl_delay.delay_bus_reg[3][11] cannot be supported because of smaller than expected depth of fanout-free flop chain.
WARNING: [Synth 8-5591] srl_style attribute value srl_reg on U0/iq_fir_struct/fir_compiler_7_2_1/iq_fir_fir_compiler_v7_2_i0_instance/U0/i_synth/g_polyphase_decimation.i_polyphase_decimation/g_parallel.i_data_in/gen_dly.gen_shiftreg.gen_rtl_delay.delay_bus_reg[3][10] cannot be supported because of smaller than expected depth of fanout-free flop chain.
WARNING: [Synth 8-5591] srl_style attribute value srl_reg on U0/iq_fir_struct/fir_compiler_7_2_1/iq_fir_fir_compiler_v7_2_i0_instance/U0/i_synth/g_polyphase_decimation.i_polyphase_decimation/g_parallel.i_data_in/gen_dly.gen_shiftreg.gen_rtl_delay.delay_bus_reg[3][9] cannot be supported because of smaller than expected depth of fanout-free flop chain.
WARNING: [Synth 8-5591] srl_style attribute value srl_reg on U0/iq_fir_struct/fir_compiler_7_2_1/iq_fir_fir_compiler_v7_2_i0_instance/U0/i_synth/g_polyphase_decimation.i_polyphase_decimation/g_parallel.i_data_in/gen_dly.gen_shiftreg.gen_rtl_delay.delay_bus_reg[3][8] cannot be supported because of smaller than expected depth of fanout-free flop chain.
WARNING: [Synth 8-5591] srl_style attribute value srl_reg on U0/iq_fir_struct/fir_compiler_7_2_1/iq_fir_fir_compiler_v7_2_i0_instance/U0/i_synth/g_polyphase_decimation.i_polyphase_decimation/g_parallel.i_data_in/gen_dly.gen_shiftreg.gen_rtl_delay.delay_bus_reg[3][7] cannot be supported because of smaller than expected depth of fanout-free flop chain.
WARNING: [Synth 8-5591] srl_style attribute value srl_reg on U0/iq_fir_struct/fir_compiler_7_2_1/iq_fir_fir_compiler_v7_2_i0_instance/U0/i_synth/g_polyphase_decimation.i_polyphase_decimation/g_parallel.i_data_in/gen_dly.gen_shiftreg.gen_rtl_delay.delay_bus_reg[3][6] cannot be supported because of smaller than expected depth of fanout-free flop chain.
WARNING: [Synth 8-5591] srl_style attribute value srl_reg on U0/iq_fir_struct/fir_compiler_7_2_1/iq_fir_fir_compiler_v7_2_i0_instance/U0/i_synth/g_polyphase_decimation.i_polyphase_decimation/g_parallel.i_data_in/gen_dly.gen_shiftreg.gen_rtl_delay.delay_bus_reg[3][5] cannot be supported because of smaller than expected depth of fanout-free flop chain.
WARNING: [Synth 8-5591] srl_style attribute value srl_reg on U0/iq_fir_struct/fir_compiler_7_2_1/iq_fir_fir_compiler_v7_2_i0_instance/U0/i_synth/g_polyphase_decimation.i_polyphase_decimation/g_parallel.i_data_in/gen_dly.gen_shiftreg.gen_rtl_delay.delay_bus_reg[3][4] cannot be supported because of smaller than expected depth of fanout-free flop chain.
WARNING: [Synth 8-5591] srl_style attribute value srl_reg on U0/iq_fir_struct/fir_compiler_7_2_1/iq_fir_fir_compiler_v7_2_i0_instance/U0/i_synth/g_polyphase_decimation.i_polyphase_decimation/g_parallel.i_data_in/gen_dly.gen_shiftreg.gen_rtl_delay.delay_bus_reg[3][3] cannot be supported because of smaller than expected depth of fanout-free flop chain.
WARNING: [Synth 8-5591] srl_style attribute value srl_reg on U0/iq_fir_struct/fir_compiler_7_2_1/iq_fir_fir_compiler_v7_2_i0_instance/U0/i_synth/g_polyphase_decimation.i_polyphase_decimation/g_parallel.i_data_in/gen_dly.gen_shiftreg.gen_rtl_delay.delay_bus_reg[3][2] cannot be supported because of smaller than expected depth of fanout-free flop chain.
WARNING: [Synth 8-5591] srl_style attribute value srl_reg on U0/iq_fir_struct/fir_compiler_7_2_1/iq_fir_fir_compiler_v7_2_i0_instance/U0/i_synth/g_polyphase_decimation.i_polyphase_decimation/g_parallel.i_data_in/gen_dly.gen_shiftreg.gen_rtl_delay.delay_bus_reg[3][1] cannot be supported because of smaller than expected depth of fanout-free flop chain.
WARNING: [Synth 8-5591] srl_style attribute value srl_reg on U0/iq_fir_struct/fir_compiler_7_2_1/iq_fir_fir_compiler_v7_2_i0_instance/U0/i_synth/g_polyphase_decimation.i_polyphase_decimation/g_parallel.i_data_in/gen_dly.gen_shiftreg.gen_rtl_delay.delay_bus_reg[3][0] cannot be supported because of smaller than expected depth of fanout-free flop chain.
WARNING: [Synth 8-5591] srl_style attribute value srl_reg on U0/iq_fir_struct/fir_compiler_7_2/iq_fir_fir_compiler_v7_2_i0_instance/U0/i_synth/g_polyphase_decimation.i_polyphase_decimation/g_parallel.i_data_in/gen_dly.gen_shiftreg.gen_rtl_delay.delay_bus_reg[3][15] cannot be supported because of smaller than expected depth of fanout-free flop chain.
WARNING: [Synth 8-5591] srl_style attribute value srl_reg on U0/iq_fir_struct/fir_compiler_7_2/iq_fir_fir_compiler_v7_2_i0_instance/U0/i_synth/g_polyphase_decimation.i_polyphase_decimation/g_parallel.i_data_in/gen_dly.gen_shiftreg.gen_rtl_delay.delay_bus_reg[3][14] cannot be supported because of smaller than expected depth of fanout-free flop chain.
WARNING: [Synth 8-5591] srl_style attribute value srl_reg on U0/iq_fir_struct/fir_compiler_7_2/iq_fir_fir_compiler_v7_2_i0_instance/U0/i_synth/g_polyphase_decimation.i_polyphase_decimation/g_parallel.i_data_in/gen_dly.gen_shiftreg.gen_rtl_delay.delay_bus_reg[3][13] cannot be supported because of smaller than expected depth of fanout-free flop chain.
WARNING: [Synth 8-5591] srl_style attribute value srl_reg on U0/iq_fir_struct/fir_compiler_7_2/iq_fir_fir_compiler_v7_2_i0_instance/U0/i_synth/g_polyphase_decimation.i_polyphase_decimation/g_parallel.i_data_in/gen_dly.gen_shiftreg.gen_rtl_delay.delay_bus_reg[3][12] cannot be supported because of smaller than expected depth of fanout-free flop chain.
WARNING: [Synth 8-5591] srl_style attribute value srl_reg on U0/iq_fir_struct/fir_compiler_7_2/iq_fir_fir_compiler_v7_2_i0_instance/U0/i_synth/g_polyphase_decimation.i_polyphase_decimation/g_parallel.i_data_in/gen_dly.gen_shiftreg.gen_rtl_delay.delay_bus_reg[3][11] cannot be supported because of smaller than expected depth of fanout-free flop chain.
WARNING: [Synth 8-5591] srl_style attribute value srl_reg on U0/iq_fir_struct/fir_compiler_7_2/iq_fir_fir_compiler_v7_2_i0_instance/U0/i_synth/g_polyphase_decimation.i_polyphase_decimation/g_parallel.i_data_in/gen_dly.gen_shiftreg.gen_rtl_delay.delay_bus_reg[3][10] cannot be supported because of smaller than expected depth of fanout-free flop chain.
WARNING: [Synth 8-5591] srl_style attribute value srl_reg on U0/iq_fir_struct/fir_compiler_7_2/iq_fir_fir_compiler_v7_2_i0_instance/U0/i_synth/g_polyphase_decimation.i_polyphase_decimation/g_parallel.i_data_in/gen_dly.gen_shiftreg.gen_rtl_delay.delay_bus_reg[3][9] cannot be supported because of smaller than expected depth of fanout-free flop chain.
WARNING: [Synth 8-5591] srl_style attribute value srl_reg on U0/iq_fir_struct/fir_compiler_7_2/iq_fir_fir_compiler_v7_2_i0_instance/U0/i_synth/g_polyphase_decimation.i_polyphase_decimation/g_parallel.i_data_in/gen_dly.gen_shiftreg.gen_rtl_delay.delay_bus_reg[3][8] cannot be supported because of smaller than expected depth of fanout-free flop chain.
WARNING: [Synth 8-5591] srl_style attribute value srl_reg on U0/iq_fir_struct/fir_compiler_7_2/iq_fir_fir_compiler_v7_2_i0_instance/U0/i_synth/g_polyphase_decimation.i_polyphase_decimation/g_parallel.i_data_in/gen_dly.gen_shiftreg.gen_rtl_delay.delay_bus_reg[3][7] cannot be supported because of smaller than expected depth of fanout-free flop chain.
WARNING: [Synth 8-5591] srl_style attribute value srl_reg on U0/iq_fir_struct/fir_compiler_7_2/iq_fir_fir_compiler_v7_2_i0_instance/U0/i_synth/g_polyphase_decimation.i_polyphase_decimation/g_parallel.i_data_in/gen_dly.gen_shiftreg.gen_rtl_delay.delay_bus_reg[3][6] cannot be supported because of smaller than expected depth of fanout-free flop chain.
WARNING: [Synth 8-5591] srl_style attribute value srl_reg on U0/iq_fir_struct/fir_compiler_7_2/iq_fir_fir_compiler_v7_2_i0_instance/U0/i_synth/g_polyphase_decimation.i_polyphase_decimation/g_parallel.i_data_in/gen_dly.gen_shiftreg.gen_rtl_delay.delay_bus_reg[3][5] cannot be supported because of smaller than expected depth of fanout-free flop chain.
WARNING: [Synth 8-5591] srl_style attribute value srl_reg on U0/iq_fir_struct/fir_compiler_7_2/iq_fir_fir_compiler_v7_2_i0_instance/U0/i_synth/g_polyphase_decimation.i_polyphase_decimation/g_parallel.i_data_in/gen_dly.gen_shiftreg.gen_rtl_delay.delay_bus_reg[3][4] cannot be supported because of smaller than expected depth of fanout-free flop chain.
WARNING: [Synth 8-5591] srl_style attribute value srl_reg on U0/iq_fir_struct/fir_compiler_7_2/iq_fir_fir_compiler_v7_2_i0_instance/U0/i_synth/g_polyphase_decimation.i_polyphase_decimation/g_parallel.i_data_in/gen_dly.gen_shiftreg.gen_rtl_delay.delay_bus_reg[3][3] cannot be supported because of smaller than expected depth of fanout-free flop chain.
WARNING: [Synth 8-5591] srl_style attribute value srl_reg on U0/iq_fir_struct/fir_compiler_7_2/iq_fir_fir_compiler_v7_2_i0_instance/U0/i_synth/g_polyphase_decimation.i_polyphase_decimation/g_parallel.i_data_in/gen_dly.gen_shiftreg.gen_rtl_delay.delay_bus_reg[3][2] cannot be supported because of smaller than expected depth of fanout-free flop chain.
WARNING: [Synth 8-5591] srl_style attribute value srl_reg on U0/iq_fir_struct/fir_compiler_7_2/iq_fir_fir_compiler_v7_2_i0_instance/U0/i_synth/g_polyphase_decimation.i_polyphase_decimation/g_parallel.i_data_in/gen_dly.gen_shiftreg.gen_rtl_delay.delay_bus_reg[3][1] cannot be supported because of smaller than expected depth of fanout-free flop chain.
WARNING: [Synth 8-5591] srl_style attribute value srl_reg on U0/iq_fir_struct/fir_compiler_7_2/iq_fir_fir_compiler_v7_2_i0_instance/U0/i_synth/g_polyphase_decimation.i_polyphase_decimation/g_parallel.i_data_in/gen_dly.gen_shiftreg.gen_rtl_delay.delay_bus_reg[3][0] cannot be supported because of smaller than expected depth of fanout-free flop chain.
WARNING: [Synth 8-5591] srl_style attribute value srl_reg on U0/iq_fir_struct/fir_compiler_7_2_1/iq_fir_fir_compiler_v7_2_i0_instance/U0/i_synth/g_polyphase_decimation.i_polyphase_decimation/g_parallel.i_data_in/gen_dly.gen_shiftreg.gen_rtl_delay.delay_bus_reg[3][15] cannot be supported because of smaller than expected depth of fanout-free flop chain.
WARNING: [Synth 8-5591] srl_style attribute value srl_reg on U0/iq_fir_struct/fir_compiler_7_2_1/iq_fir_fir_compiler_v7_2_i0_instance/U0/i_synth/g_polyphase_decimation.i_polyphase_decimation/g_parallel.i_data_in/gen_dly.gen_shiftreg.gen_rtl_delay.delay_bus_reg[3][14] cannot be supported because of smaller than expected depth of fanout-free flop chain.
WARNING: [Synth 8-5591] srl_style attribute value srl_reg on U0/iq_fir_struct/fir_compiler_7_2_1/iq_fir_fir_compiler_v7_2_i0_instance/U0/i_synth/g_polyphase_decimation.i_polyphase_decimation/g_parallel.i_data_in/gen_dly.gen_shiftreg.gen_rtl_delay.delay_bus_reg[3][13] cannot be supported because of smaller than expected depth of fanout-free flop chain.
WARNING: [Synth 8-5591] srl_style attribute value srl_reg on U0/iq_fir_struct/fir_compiler_7_2_1/iq_fir_fir_compiler_v7_2_i0_instance/U0/i_synth/g_polyphase_decimation.i_polyphase_decimation/g_parallel.i_data_in/gen_dly.gen_shiftreg.gen_rtl_delay.delay_bus_reg[3][12] cannot be supported because of smaller than expected depth of fanout-free flop chain.
WARNING: [Synth 8-5591] srl_style attribute value srl_reg on U0/iq_fir_struct/fir_compiler_7_2_1/iq_fir_fir_compiler_v7_2_i0_instance/U0/i_synth/g_polyphase_decimation.i_polyphase_decimation/g_parallel.i_data_in/gen_dly.gen_shiftreg.gen_rtl_delay.delay_bus_reg[3][11] cannot be supported because of smaller than expected depth of fanout-free flop chain.
WARNING: [Synth 8-5591] srl_style attribute value srl_reg on U0/iq_fir_struct/fir_compiler_7_2_1/iq_fir_fir_compiler_v7_2_i0_instance/U0/i_synth/g_polyphase_decimation.i_polyphase_decimation/g_parallel.i_data_in/gen_dly.gen_shiftreg.gen_rtl_delay.delay_bus_reg[3][10] cannot be supported because of smaller than expected depth of fanout-free flop chain.
WARNING: [Synth 8-5591] srl_style attribute value srl_reg on U0/iq_fir_struct/fir_compiler_7_2_1/iq_fir_fir_compiler_v7_2_i0_instance/U0/i_synth/g_polyphase_decimation.i_polyphase_decimation/g_parallel.i_data_in/gen_dly.gen_shiftreg.gen_rtl_delay.delay_bus_reg[3][9] cannot be supported because of smaller than expected depth of fanout-free flop chain.
WARNING: [Synth 8-5591] srl_style attribute value srl_reg on U0/iq_fir_struct/fir_compiler_7_2_1/iq_fir_fir_compiler_v7_2_i0_instance/U0/i_synth/g_polyphase_decimation.i_polyphase_decimation/g_parallel.i_data_in/gen_dly.gen_shiftreg.gen_rtl_delay.delay_bus_reg[3][8] cannot be supported because of smaller than expected depth of fanout-free flop chain.
WARNING: [Synth 8-5591] srl_style attribute value srl_reg on U0/iq_fir_struct/fir_compiler_7_2_1/iq_fir_fir_compiler_v7_2_i0_instance/U0/i_synth/g_polyphase_decimation.i_polyphase_decimation/g_parallel.i_data_in/gen_dly.gen_shiftreg.gen_rtl_delay.delay_bus_reg[3][7] cannot be supported because of smaller than expected depth of fanout-free flop chain.
WARNING: [Synth 8-5591] srl_style attribute value srl_reg on U0/iq_fir_struct/fir_compiler_7_2_1/iq_fir_fir_compiler_v7_2_i0_instance/U0/i_synth/g_polyphase_decimation.i_polyphase_decimation/g_parallel.i_data_in/gen_dly.gen_shiftreg.gen_rtl_delay.delay_bus_reg[3][6] cannot be supported because of smaller than expected depth of fanout-free flop chain.
WARNING: [Synth 8-5591] srl_style attribute value srl_reg on U0/iq_fir_struct/fir_compiler_7_2_1/iq_fir_fir_compiler_v7_2_i0_instance/U0/i_synth/g_polyphase_decimation.i_polyphase_decimation/g_parallel.i_data_in/gen_dly.gen_shiftreg.gen_rtl_delay.delay_bus_reg[3][5] cannot be supported because of smaller than expected depth of fanout-free flop chain.
WARNING: [Synth 8-5591] srl_style attribute value srl_reg on U0/iq_fir_struct/fir_compiler_7_2_1/iq_fir_fir_compiler_v7_2_i0_instance/U0/i_synth/g_polyphase_decimation.i_polyphase_decimation/g_parallel.i_data_in/gen_dly.gen_shiftreg.gen_rtl_delay.delay_bus_reg[3][4] cannot be supported because of smaller than expected depth of fanout-free flop chain.
WARNING: [Synth 8-5591] srl_style attribute value srl_reg on U0/iq_fir_struct/fir_compiler_7_2_1/iq_fir_fir_compiler_v7_2_i0_instance/U0/i_synth/g_polyphase_decimation.i_polyphase_decimation/g_parallel.i_data_in/gen_dly.gen_shiftreg.gen_rtl_delay.delay_bus_reg[3][3] cannot be supported because of smaller than expected depth of fanout-free flop chain.
WARNING: [Synth 8-5591] srl_style attribute value srl_reg on U0/iq_fir_struct/fir_compiler_7_2_1/iq_fir_fir_compiler_v7_2_i0_instance/U0/i_synth/g_polyphase_decimation.i_polyphase_decimation/g_parallel.i_data_in/gen_dly.gen_shiftreg.gen_rtl_delay.delay_bus_reg[3][2] cannot be supported because of smaller than expected depth of fanout-free flop chain.
WARNING: [Synth 8-5591] srl_style attribute value srl_reg on U0/iq_fir_struct/fir_compiler_7_2_1/iq_fir_fir_compiler_v7_2_i0_instance/U0/i_synth/g_polyphase_decimation.i_polyphase_decimation/g_parallel.i_data_in/gen_dly.gen_shiftreg.gen_rtl_delay.delay_bus_reg[3][1] cannot be supported because of smaller than expected depth of fanout-free flop chain.
WARNING: [Synth 8-5591] srl_style attribute value srl_reg on U0/iq_fir_struct/fir_compiler_7_2_1/iq_fir_fir_compiler_v7_2_i0_instance/U0/i_synth/g_polyphase_decimation.i_polyphase_decimation/g_parallel.i_data_in/gen_dly.gen_shiftreg.gen_rtl_delay.delay_bus_reg[3][0] cannot be supported because of smaller than expected depth of fanout-free flop chain.
---------------------------------------------------------------------------------
Finished Technology Mapping : Time (s): cpu = 00:00:52 ; elapsed = 00:00:58 . Memory (MB): peak = 890.664 ; gain = 560.117
---------------------------------------------------------------------------------

Report RTL Partitions: 
+-+--------------+------------+----------+
| |RTL Partition |Replication |Instances |
+-+--------------+------------+----------+
+-+--------------+------------+----------+
---------------------------------------------------------------------------------
Start IO Insertion
---------------------------------------------------------------------------------
---------------------------------------------------------------------------------
Start Flattening Before IO Insertion
---------------------------------------------------------------------------------
---------------------------------------------------------------------------------
Finished Flattening Before IO Insertion
---------------------------------------------------------------------------------
---------------------------------------------------------------------------------
Start Final Netlist Cleanup
---------------------------------------------------------------------------------
---------------------------------------------------------------------------------
Finished Final Netlist Cleanup
---------------------------------------------------------------------------------
---------------------------------------------------------------------------------
Finished IO Insertion : Time (s): cpu = 00:00:53 ; elapsed = 00:00:59 . Memory (MB): peak = 890.664 ; gain = 560.117
---------------------------------------------------------------------------------

Report Check Netlist: 
+------+------------------+-------+---------+-------+------------------+
|      |Item              |Errors |Warnings |Status |Description       |
+------+------------------+-------+---------+-------+------------------+
|1     |multi_driven_nets |      0|        0|Passed |Multi driven nets |
+------+------------------+-------+---------+-------+------------------+
---------------------------------------------------------------------------------
Start Renaming Generated Instances
---------------------------------------------------------------------------------
---------------------------------------------------------------------------------
Finished Renaming Generated Instances : Time (s): cpu = 00:00:53 ; elapsed = 00:00:59 . Memory (MB): peak = 890.664 ; gain = 560.117
---------------------------------------------------------------------------------

Report RTL Partitions: 
+-+--------------+------------+----------+
| |RTL Partition |Replication |Instances |
+-+--------------+------------+----------+
+-+--------------+------------+----------+
---------------------------------------------------------------------------------
Start Rebuilding User Hierarchy
---------------------------------------------------------------------------------
---------------------------------------------------------------------------------
Finished Rebuilding User Hierarchy : Time (s): cpu = 00:00:53 ; elapsed = 00:00:59 . Memory (MB): peak = 890.664 ; gain = 560.117
---------------------------------------------------------------------------------
---------------------------------------------------------------------------------
Start Renaming Generated Ports
---------------------------------------------------------------------------------
---------------------------------------------------------------------------------
Finished Renaming Generated Ports : Time (s): cpu = 00:00:53 ; elapsed = 00:00:59 . Memory (MB): peak = 890.664 ; gain = 560.117
---------------------------------------------------------------------------------
---------------------------------------------------------------------------------
Start Handling Custom Attributes
---------------------------------------------------------------------------------
---------------------------------------------------------------------------------
Finished Handling Custom Attributes : Time (s): cpu = 00:00:53 ; elapsed = 00:00:59 . Memory (MB): peak = 890.664 ; gain = 560.117
---------------------------------------------------------------------------------
---------------------------------------------------------------------------------
Start Renaming Generated Nets
---------------------------------------------------------------------------------
---------------------------------------------------------------------------------
Finished Renaming Generated Nets : Time (s): cpu = 00:00:53 ; elapsed = 00:00:59 . Memory (MB): peak = 890.664 ; gain = 560.117
---------------------------------------------------------------------------------
---------------------------------------------------------------------------------
Start Writing Synthesis Report
---------------------------------------------------------------------------------

Report BlackBoxes: 
+-+--------------+----------+
| |BlackBox name |Instances |
+-+--------------+----------+
+-+--------------+----------+

Report Cell Usage: 
+------+-----------+------+
|      |Cell       |Count |
+------+-----------+------+
|1     |CARRY4     |     6|
|2     |DSP48E1    |     2|
|3     |DSP48E1_1  |     2|
|4     |LUT1       |    10|
|5     |LUT2       |    34|
|6     |LUT3       |    30|
|7     |LUT4       |    30|
|8     |LUT5       |    46|
|9     |LUT6       |    30|
|10    |RAMB18E1_2 |     2|
|11    |RAMB18E1_3 |     2|
|12    |SRL16E     |    84|
|13    |FDRE       |   332|
|14    |FDSE       |    16|
+------+-----------+------+
---------------------------------------------------------------------------------
Finished Writing Synthesis Report : Time (s): cpu = 00:00:53 ; elapsed = 00:00:59 . Memory (MB): peak = 890.664 ; gain = 560.117
---------------------------------------------------------------------------------
Synthesis finished with 0 errors, 0 critical warnings and 97 warnings.
Synthesis Optimization Runtime : Time (s): cpu = 00:00:22 ; elapsed = 00:00:45 . Memory (MB): peak = 890.664 ; gain = 374.613
Synthesis Optimization Complete : Time (s): cpu = 00:00:54 ; elapsed = 00:00:59 . Memory (MB): peak = 890.664 ; gain = 560.117
INFO: [Project 1-571] Translating synthesized netlist
INFO: [Netlist 29-17] Analyzing 14 Unisim elements for replacement
INFO: [Netlist 29-28] Unisim Transformation completed in 0 CPU seconds
INFO: [Project 1-570] Preparing netlist for logic optimization
INFO: [Opt 31-138] Pushed 0 inverter(s) to 0 load pin(s).
Netlist sorting complete. Time (s): cpu = 00:00:00 ; elapsed = 00:00:00 . Memory (MB): peak = 890.664 ; gain = 0.000
INFO: [Project 1-111] Unisim Transformation Summary:
No Unisim elements were transformed.

INFO: [Common 17-83] Releasing license: Synthesis
137 Infos, 169 Warnings, 0 Critical Warnings and 0 Errors encountered.
synth_design completed successfully
synth_design: Time (s): cpu = 00:00:56 ; elapsed = 00:01:02 . Memory (MB): peak = 890.664 ; gain = 572.098
Netlist sorting complete. Time (s): cpu = 00:00:00 ; elapsed = 00:00:00.001 . Memory (MB): peak = 890.664 ; gain = 0.000
WARNING: [Constraints 18-5210] No constraints selected for write.
Resolution: This message can indicate that there are no constraints for the design, or it can indicate that the used_in flags are set such that the constraints are ignored. This later case is used when running synth_design to not write synthesis constraints to the resulting checkpoint. Instead, project constraints are read when the synthesized design is opened.
INFO: [Common 17-1381] The checkpoint 'C:/Users/fmabrouk/Documents/SysGen_FMdemod/FIRs/ip_catalog/iq_fir.runs/iq_fir_bd_iq_fir_1_0_synth_1/iq_fir_bd_iq_fir_1_0.dcp' has been generated.
INFO: [Coretcl 2-1648] Added synthesis output to IP cache for IP iq_fir_bd_iq_fir_1_0, cache-ID = 6719dace5ac73546
INFO: [Coretcl 2-1174] Renamed 54 cell refs.
Netlist sorting complete. Time (s): cpu = 00:00:00 ; elapsed = 00:00:00 . Memory (MB): peak = 890.664 ; gain = 0.000
WARNING: [Constraints 18-5210] No constraints selected for write.
Resolution: This message can indicate that there are no constraints for the design, or it can indicate that the used_in flags are set such that the constraints are ignored. This later case is used when running synth_design to not write synthesis constraints to the resulting checkpoint. Instead, project constraints are read when the synthesized design is opened.
INFO: [Common 17-1381] The checkpoint 'C:/Users/fmabrouk/Documents/SysGen_FMdemod/FIRs/ip_catalog/iq_fir.runs/iq_fir_bd_iq_fir_1_0_synth_1/iq_fir_bd_iq_fir_1_0.dcp' has been generated.
INFO: [runtcl-4] Executing : report_utilization -file iq_fir_bd_iq_fir_1_0_utilization_synth.rpt -pb iq_fir_bd_iq_fir_1_0_utilization_synth.pb
INFO: [Common 17-206] Exiting Vivado at Thu Mar 26 00:26:47 2026...
