
*** Running vivado
    with args -log fm_demod_bd_fm_demod_1_0.vds -m64 -product Vivado -mode batch -messageDb vivado.pb -notrace -source fm_demod_bd_fm_demod_1_0.tcl


****** Vivado v2018.3 (64-bit)
  **** SW Build 2405991 on Thu Dec  6 23:38:27 MST 2018
  **** IP Build 2404404 on Fri Dec  7 01:43:56 MST 2018
    ** Copyright 1986-2018 Xilinx, Inc. All Rights Reserved.

source fm_demod_bd_fm_demod_1_0.tcl -notrace
INFO: [IP_Flow 19-234] Refreshing IP repositories
INFO: [IP_Flow 19-1700] Loaded user IP repository 'c:/Users/fmabrouk/Documents/SysGen_FMdemod/ip'.
WARNING: [IP_Flow 19-3656] If you move the project, the path for repository 'c:/Users/fmabrouk/Documents/SysGen_FMdemod/ip' may become invalid. A better location for the repository would be in a path adjacent to the project. (Current project location is 'c:/Users/fmabrouk/Documents/SysGen_FMdemod/ip_catalog/fm_demod.runs/fm_demod_bd_fm_demod_1_0_synth_1'.)
INFO: [IP_Flow 19-2313] Loaded Vivado IP repository 'C:/Xilinx/Vivado/2018.3/data/ip'.
Command: synth_design -top fm_demod_bd_fm_demod_1_0 -part xc7s50csga324-2 -mode out_of_context
Starting synth_design
Attempting to get a license for feature 'Synthesis' and/or device 'xc7s50'
INFO: [Common 17-349] Got license for feature 'Synthesis' and/or device 'xc7s50'
INFO: Launching helper process for spawning children vivado processes
INFO: Helper process launched with PID 18708 
---------------------------------------------------------------------------------
Starting RTL Elaboration : Time (s): cpu = 00:00:05 ; elapsed = 00:00:06 . Memory (MB): peak = 433.535 ; gain = 102.617
---------------------------------------------------------------------------------
INFO: [Synth 8-638] synthesizing module 'fm_demod_bd_fm_demod_1_0' [c:/Users/fmabrouk/Documents/SysGen_FMdemod/ip_catalog/fm_demod.srcs/sources_1/bd/fm_demod_bd/ip/fm_demod_bd_fm_demod_1_0/synth/fm_demod_bd_fm_demod_1_0.vhd:69]
INFO: [Synth 8-3491] module 'fm_demod' declared at 'c:/Users/fmabrouk/Documents/SysGen_FMdemod/ip_catalog/fm_demod.srcs/sources_1/bd/fm_demod_bd/ipshared/e04b/hdl/fm_demod.vhd:277' bound to instance 'U0' of component 'fm_demod' [c:/Users/fmabrouk/Documents/SysGen_FMdemod/ip_catalog/fm_demod.srcs/sources_1/bd/fm_demod_bd/ip/fm_demod_bd_fm_demod_1_0/synth/fm_demod_bd_fm_demod_1_0.vhd:104]
INFO: [Synth 8-638] synthesizing module 'fm_demod' [c:/Users/fmabrouk/Documents/SysGen_FMdemod/ip_catalog/fm_demod.srcs/sources_1/bd/fm_demod_bd/ipshared/e04b/hdl/fm_demod.vhd:286]
INFO: [Synth 8-638] synthesizing module 'fm_demod_default_clock_driver' [c:/Users/fmabrouk/Documents/SysGen_FMdemod/ip_catalog/fm_demod.srcs/sources_1/bd/fm_demod_bd/ipshared/e04b/hdl/fm_demod.vhd:257]
INFO: [Synth 8-638] synthesizing module 'xlclockdriver' [c:/Users/fmabrouk/Documents/SysGen_FMdemod/ip_catalog/fm_demod.srcs/sources_1/bd/fm_demod_bd/ipshared/e04b/hdl/xlclockdriver_rd.vhd:59]
	Parameter period bound to: 1 - type: integer 
	Parameter log_2_period bound to: 1 - type: integer 
	Parameter pipeline_regs bound to: 5 - type: integer 
	Parameter use_bufg bound to: 0 - type: integer 
	Parameter width bound to: 1 - type: integer 
	Parameter init_index bound to: 0 - type: integer 
	Parameter init_value bound to: 4'b0000 
	Parameter latency bound to: 1 - type: integer 
INFO: [Synth 8-3491] module 'synth_reg_w_init' declared at 'c:/Users/fmabrouk/Documents/SysGen_FMdemod/ip_catalog/fm_demod.srcs/sources_1/bd/fm_demod_bd/ipshared/e04b/hdl/synth_reg_w_init.vhd:31' bound to instance 'clr_reg' of component 'synth_reg_w_init' [c:/Users/fmabrouk/Documents/SysGen_FMdemod/ip_catalog/fm_demod.srcs/sources_1/bd/fm_demod_bd/ipshared/e04b/hdl/xlclockdriver_rd.vhd:236]
INFO: [Synth 8-638] synthesizing module 'synth_reg_w_init' [c:/Users/fmabrouk/Documents/SysGen_FMdemod/ip_catalog/fm_demod.srcs/sources_1/bd/fm_demod_bd/ipshared/e04b/hdl/synth_reg_w_init.vhd:47]
	Parameter width bound to: 1 - type: integer 
	Parameter init_index bound to: 0 - type: integer 
	Parameter init_value bound to: 4'b0000 
	Parameter latency bound to: 1 - type: integer 
	Parameter width bound to: 1 - type: integer 
	Parameter init_index bound to: 0 - type: integer 
	Parameter init_value bound to: 4'b0000 
INFO: [Synth 8-3491] module 'single_reg_w_init' declared at 'c:/Users/fmabrouk/Documents/SysGen_FMdemod/ip_catalog/fm_demod.srcs/sources_1/bd/fm_demod_bd/ipshared/e04b/hdl/single_reg_w_init.vhd:22' bound to instance 'reg_comp' of component 'single_reg_w_init' [c:/Users/fmabrouk/Documents/SysGen_FMdemod/ip_catalog/fm_demod.srcs/sources_1/bd/fm_demod_bd/ipshared/e04b/hdl/synth_reg_w_init.vhd:79]
INFO: [Synth 8-638] synthesizing module 'single_reg_w_init' [c:/Users/fmabrouk/Documents/SysGen_FMdemod/ip_catalog/fm_demod.srcs/sources_1/bd/fm_demod_bd/ipshared/e04b/hdl/single_reg_w_init.vhd:37]
	Parameter width bound to: 1 - type: integer 
	Parameter init_index bound to: 0 - type: integer 
	Parameter init_value bound to: 4'b0000 
INFO: [Synth 8-113] binding component instance 'fdre_comp' to cell 'FDRE' [c:/Users/fmabrouk/Documents/SysGen_FMdemod/ip_catalog/fm_demod.srcs/sources_1/bd/fm_demod_bd/ipshared/e04b/hdl/single_reg_w_init.vhd:86]
INFO: [Synth 8-256] done synthesizing module 'single_reg_w_init' (1#1) [c:/Users/fmabrouk/Documents/SysGen_FMdemod/ip_catalog/fm_demod.srcs/sources_1/bd/fm_demod_bd/ipshared/e04b/hdl/single_reg_w_init.vhd:37]
INFO: [Synth 8-256] done synthesizing module 'synth_reg_w_init' (2#1) [c:/Users/fmabrouk/Documents/SysGen_FMdemod/ip_catalog/fm_demod.srcs/sources_1/bd/fm_demod_bd/ipshared/e04b/hdl/synth_reg_w_init.vhd:47]
WARNING: [Synth 8-6014] Unused sequential element clk_num_reg was removed.  [c:/Users/fmabrouk/Documents/SysGen_FMdemod/ip_catalog/fm_demod.srcs/sources_1/bd/fm_demod_bd/ipshared/e04b/hdl/xlclockdriver_rd.vhd:212]
INFO: [Synth 8-256] done synthesizing module 'xlclockdriver' (3#1) [c:/Users/fmabrouk/Documents/SysGen_FMdemod/ip_catalog/fm_demod.srcs/sources_1/bd/fm_demod_bd/ipshared/e04b/hdl/xlclockdriver_rd.vhd:59]
INFO: [Synth 8-256] done synthesizing module 'fm_demod_default_clock_driver' (4#1) [c:/Users/fmabrouk/Documents/SysGen_FMdemod/ip_catalog/fm_demod.srcs/sources_1/bd/fm_demod_bd/ipshared/e04b/hdl/fm_demod.vhd:257]
INFO: [Synth 8-638] synthesizing module 'fm_demod_struct' [c:/Users/fmabrouk/Documents/SysGen_FMdemod/ip_catalog/fm_demod.srcs/sources_1/bd/fm_demod_bd/ipshared/e04b/hdl/fm_demod.vhd:16]
INFO: [Synth 8-638] synthesizing module 'fm_demod_xladdsub' [c:/Users/fmabrouk/Documents/SysGen_FMdemod/ip_catalog/fm_demod.srcs/sources_1/bd/fm_demod_bd/ipshared/e04b/hdl/fm_demod_entity_declarations.vhd:772]
	Parameter core_name0 bound to: fm_demod_c_addsub_v12_0_i0 - type: string 
	Parameter a_width bound to: 33 - type: integer 
	Parameter a_bin_pt bound to: 29 - type: integer 
	Parameter a_arith bound to: 2 - type: integer 
	Parameter c_in_width bound to: 16 - type: integer 
	Parameter c_in_bin_pt bound to: 4 - type: integer 
	Parameter c_in_arith bound to: 1 - type: integer 
	Parameter c_out_width bound to: 16 - type: integer 
	Parameter c_out_bin_pt bound to: 4 - type: integer 
	Parameter c_out_arith bound to: 1 - type: integer 
	Parameter b_width bound to: 33 - type: integer 
	Parameter b_bin_pt bound to: 29 - type: integer 
	Parameter b_arith bound to: 2 - type: integer 
	Parameter s_width bound to: 34 - type: integer 
	Parameter s_bin_pt bound to: 14 - type: integer 
	Parameter s_arith bound to: 2 - type: integer 
	Parameter rst_width bound to: 1 - type: integer 
	Parameter rst_bin_pt bound to: 0 - type: integer 
	Parameter rst_arith bound to: 1 - type: integer 
	Parameter en_width bound to: 1 - type: integer 
	Parameter en_bin_pt bound to: 0 - type: integer 
	Parameter en_arith bound to: 1 - type: integer 
	Parameter full_s_width bound to: 34 - type: integer 
	Parameter full_s_arith bound to: 2 - type: integer 
	Parameter mode bound to: 1 - type: integer 
	Parameter extra_registers bound to: 0 - type: integer 
	Parameter latency bound to: 1 - type: integer 
	Parameter quantization bound to: 1 - type: integer 
	Parameter overflow bound to: 2 - type: integer 
	Parameter c_latency bound to: 1 - type: integer 
	Parameter c_output_width bound to: 34 - type: integer 
	Parameter c_has_c_in bound to: 0 - type: integer 
	Parameter c_has_c_out bound to: 0 - type: integer 
INFO: [Synth 8-3491] module 'fm_demod_c_addsub_v12_0_i0' declared at 'c:/Users/fmabrouk/Documents/SysGen_FMdemod/ip_catalog/fm_demod.srcs/sources_1/bd/fm_demod_bd/ip/fm_demod_bd_fm_demod_1_0/fm_demod_c_addsub_v12_0_i0/synth/fm_demod_c_addsub_v12_0_i0.vhd:59' bound to instance 'core_instance0' of component 'fm_demod_c_addsub_v12_0_i0' [c:/Users/fmabrouk/Documents/SysGen_FMdemod/ip_catalog/fm_demod.srcs/sources_1/bd/fm_demod_bd/ipshared/e04b/hdl/fm_demod_entity_declarations.vhd:857]
INFO: [Synth 8-638] synthesizing module 'fm_demod_c_addsub_v12_0_i0' [c:/Users/fmabrouk/Documents/SysGen_FMdemod/ip_catalog/fm_demod.srcs/sources_1/bd/fm_demod_bd/ip/fm_demod_bd_fm_demod_1_0/fm_demod_c_addsub_v12_0_i0/synth/fm_demod_c_addsub_v12_0_i0.vhd:69]
	Parameter C_VERBOSITY bound to: 0 - type: integer 
	Parameter C_XDEVICEFAMILY bound to: spartan7 - type: string 
	Parameter C_IMPLEMENTATION bound to: 0 - type: integer 
	Parameter C_A_WIDTH bound to: 34 - type: integer 
	Parameter C_B_WIDTH bound to: 34 - type: integer 
	Parameter C_OUT_WIDTH bound to: 34 - type: integer 
	Parameter C_CE_OVERRIDES_SCLR bound to: 0 - type: integer 
	Parameter C_A_TYPE bound to: 0 - type: integer 
	Parameter C_B_TYPE bound to: 0 - type: integer 
	Parameter C_LATENCY bound to: 1 - type: integer 
	Parameter C_ADD_MODE bound to: 1 - type: integer 
	Parameter C_B_CONSTANT bound to: 0 - type: integer 
	Parameter C_B_VALUE bound to: 0000000000000000000000000000000000 - type: string 
	Parameter C_AINIT_VAL bound to: 0 - type: string 
	Parameter C_SINIT_VAL bound to: 0 - type: string 
	Parameter C_CE_OVERRIDES_BYPASS bound to: 1 - type: integer 
	Parameter C_BYPASS_LOW bound to: 0 - type: integer 
	Parameter C_SCLR_OVERRIDES_SSET bound to: 1 - type: integer 
	Parameter C_HAS_C_IN bound to: 0 - type: integer 
	Parameter C_HAS_C_OUT bound to: 0 - type: integer 
	Parameter C_BORROW_LOW bound to: 1 - type: integer 
	Parameter C_HAS_CE bound to: 1 - type: integer 
	Parameter C_HAS_BYPASS bound to: 0 - type: integer 
	Parameter C_HAS_SCLR bound to: 0 - type: integer 
	Parameter C_HAS_SSET bound to: 0 - type: integer 
	Parameter C_HAS_SINIT bound to: 0 - type: integer 
INFO: [Synth 8-3491] module 'c_addsub_v12_0_12' declared at 'c:/Users/fmabrouk/Documents/SysGen_FMdemod/ip_catalog/fm_demod.srcs/sources_1/bd/fm_demod_bd/ip/fm_demod_bd_fm_demod_1_0/fm_demod_c_addsub_v12_0_i0/hdl/c_addsub_v12_0_vh_rfs.vhd:7026' bound to instance 'U0' of component 'c_addsub_v12_0_12' [c:/Users/fmabrouk/Documents/SysGen_FMdemod/ip_catalog/fm_demod.srcs/sources_1/bd/fm_demod_bd/ip/fm_demod_bd_fm_demod_1_0/fm_demod_c_addsub_v12_0_i0/synth/fm_demod_c_addsub_v12_0_i0.vhd:136]
INFO: [Synth 8-256] done synthesizing module 'fm_demod_c_addsub_v12_0_i0' (11#1) [c:/Users/fmabrouk/Documents/SysGen_FMdemod/ip_catalog/fm_demod.srcs/sources_1/bd/fm_demod_bd/ip/fm_demod_bd_fm_demod_1_0/fm_demod_c_addsub_v12_0_i0/synth/fm_demod_c_addsub_v12_0_i0.vhd:69]
INFO: [Synth 8-256] done synthesizing module 'fm_demod_xladdsub' (12#1) [c:/Users/fmabrouk/Documents/SysGen_FMdemod/ip_catalog/fm_demod.srcs/sources_1/bd/fm_demod_bd/ipshared/e04b/hdl/fm_demod_entity_declarations.vhd:772]
INFO: [Synth 8-638] synthesizing module 'fm_demod_xladdsub__parameterized0' [c:/Users/fmabrouk/Documents/SysGen_FMdemod/ip_catalog/fm_demod.srcs/sources_1/bd/fm_demod_bd/ipshared/e04b/hdl/fm_demod_entity_declarations.vhd:772]
	Parameter core_name0 bound to: fm_demod_c_addsub_v12_0_i1 - type: string 
	Parameter a_width bound to: 68 - type: integer 
	Parameter a_bin_pt bound to: 14 - type: integer 
	Parameter a_arith bound to: 2 - type: integer 
	Parameter c_in_width bound to: 16 - type: integer 
	Parameter c_in_bin_pt bound to: 4 - type: integer 
	Parameter c_in_arith bound to: 1 - type: integer 
	Parameter c_out_width bound to: 16 - type: integer 
	Parameter c_out_bin_pt bound to: 4 - type: integer 
	Parameter c_out_arith bound to: 1 - type: integer 
	Parameter b_width bound to: 68 - type: integer 
	Parameter b_bin_pt bound to: 14 - type: integer 
	Parameter b_arith bound to: 2 - type: integer 
	Parameter s_width bound to: 68 - type: integer 
	Parameter s_bin_pt bound to: 14 - type: integer 
	Parameter s_arith bound to: 2 - type: integer 
	Parameter rst_width bound to: 1 - type: integer 
	Parameter rst_bin_pt bound to: 0 - type: integer 
	Parameter rst_arith bound to: 1 - type: integer 
	Parameter en_width bound to: 1 - type: integer 
	Parameter en_bin_pt bound to: 0 - type: integer 
	Parameter en_arith bound to: 1 - type: integer 
	Parameter full_s_width bound to: 69 - type: integer 
	Parameter full_s_arith bound to: 2 - type: integer 
	Parameter mode bound to: 1 - type: integer 
	Parameter extra_registers bound to: 0 - type: integer 
	Parameter latency bound to: 1 - type: integer 
	Parameter quantization bound to: 1 - type: integer 
	Parameter overflow bound to: 1 - type: integer 
	Parameter c_latency bound to: 1 - type: integer 
	Parameter c_output_width bound to: 69 - type: integer 
	Parameter c_has_c_in bound to: 0 - type: integer 
	Parameter c_has_c_out bound to: 0 - type: integer 
INFO: [Synth 8-3491] module 'fm_demod_c_addsub_v12_0_i1' declared at 'c:/Users/fmabrouk/Documents/SysGen_FMdemod/ip_catalog/fm_demod.srcs/sources_1/bd/fm_demod_bd/ip/fm_demod_bd_fm_demod_1_0/fm_demod_c_addsub_v12_0_i1/synth/fm_demod_c_addsub_v12_0_i1.vhd:59' bound to instance 'core_instance1' of component 'fm_demod_c_addsub_v12_0_i1' [c:/Users/fmabrouk/Documents/SysGen_FMdemod/ip_catalog/fm_demod.srcs/sources_1/bd/fm_demod_bd/ipshared/e04b/hdl/fm_demod_entity_declarations.vhd:868]
INFO: [Synth 8-638] synthesizing module 'fm_demod_c_addsub_v12_0_i1' [c:/Users/fmabrouk/Documents/SysGen_FMdemod/ip_catalog/fm_demod.srcs/sources_1/bd/fm_demod_bd/ip/fm_demod_bd_fm_demod_1_0/fm_demod_c_addsub_v12_0_i1/synth/fm_demod_c_addsub_v12_0_i1.vhd:69]
	Parameter C_VERBOSITY bound to: 0 - type: integer 
	Parameter C_XDEVICEFAMILY bound to: spartan7 - type: string 
	Parameter C_IMPLEMENTATION bound to: 0 - type: integer 
	Parameter C_A_WIDTH bound to: 69 - type: integer 
	Parameter C_B_WIDTH bound to: 69 - type: integer 
	Parameter C_OUT_WIDTH bound to: 69 - type: integer 
	Parameter C_CE_OVERRIDES_SCLR bound to: 0 - type: integer 
	Parameter C_A_TYPE bound to: 0 - type: integer 
	Parameter C_B_TYPE bound to: 0 - type: integer 
	Parameter C_LATENCY bound to: 1 - type: integer 
	Parameter C_ADD_MODE bound to: 1 - type: integer 
	Parameter C_B_CONSTANT bound to: 0 - type: integer 
	Parameter C_B_VALUE bound to: 000000000000000000000000000000000000000000000000000000000000000000000 - type: string 
	Parameter C_AINIT_VAL bound to: 0 - type: string 
	Parameter C_SINIT_VAL bound to: 0 - type: string 
	Parameter C_CE_OVERRIDES_BYPASS bound to: 1 - type: integer 
	Parameter C_BYPASS_LOW bound to: 0 - type: integer 
	Parameter C_SCLR_OVERRIDES_SSET bound to: 1 - type: integer 
	Parameter C_HAS_C_IN bound to: 0 - type: integer 
	Parameter C_HAS_C_OUT bound to: 0 - type: integer 
	Parameter C_BORROW_LOW bound to: 1 - type: integer 
	Parameter C_HAS_CE bound to: 1 - type: integer 
	Parameter C_HAS_BYPASS bound to: 0 - type: integer 
	Parameter C_HAS_SCLR bound to: 0 - type: integer 
	Parameter C_HAS_SSET bound to: 0 - type: integer 
	Parameter C_HAS_SINIT bound to: 0 - type: integer 
INFO: [Synth 8-3491] module 'c_addsub_v12_0_12' declared at 'c:/Users/fmabrouk/Documents/SysGen_FMdemod/ip_catalog/fm_demod.srcs/sources_1/bd/fm_demod_bd/ip/fm_demod_bd_fm_demod_1_0/fm_demod_c_addsub_v12_0_i0/hdl/c_addsub_v12_0_vh_rfs.vhd:7026' bound to instance 'U0' of component 'c_addsub_v12_0_12' [c:/Users/fmabrouk/Documents/SysGen_FMdemod/ip_catalog/fm_demod.srcs/sources_1/bd/fm_demod_bd/ip/fm_demod_bd_fm_demod_1_0/fm_demod_c_addsub_v12_0_i1/synth/fm_demod_c_addsub_v12_0_i1.vhd:136]
INFO: [Synth 8-256] done synthesizing module 'fm_demod_c_addsub_v12_0_i1' (13#1) [c:/Users/fmabrouk/Documents/SysGen_FMdemod/ip_catalog/fm_demod.srcs/sources_1/bd/fm_demod_bd/ip/fm_demod_bd_fm_demod_1_0/fm_demod_c_addsub_v12_0_i1/synth/fm_demod_c_addsub_v12_0_i1.vhd:69]
INFO: [Synth 8-256] done synthesizing module 'fm_demod_xladdsub__parameterized0' (13#1) [c:/Users/fmabrouk/Documents/SysGen_FMdemod/ip_catalog/fm_demod.srcs/sources_1/bd/fm_demod_bd/ipshared/e04b/hdl/fm_demod_entity_declarations.vhd:772]
INFO: [Synth 8-638] synthesizing module 'sysgen_delay_c61d9fe0cc' [c:/Users/fmabrouk/Documents/SysGen_FMdemod/ip_catalog/fm_demod.srcs/sources_1/bd/fm_demod_bd/ipshared/e04b/hdl/fm_demod_entity_declarations.vhd:51]
INFO: [Synth 8-256] done synthesizing module 'sysgen_delay_c61d9fe0cc' (14#1) [c:/Users/fmabrouk/Documents/SysGen_FMdemod/ip_catalog/fm_demod.srcs/sources_1/bd/fm_demod_bd/ipshared/e04b/hdl/fm_demod_entity_declarations.vhd:51]
INFO: [Synth 8-638] synthesizing module 'fm_demod_xlmult' [c:/Users/fmabrouk/Documents/SysGen_FMdemod/ip_catalog/fm_demod.srcs/sources_1/bd/fm_demod_bd/ipshared/e04b/hdl/fm_demod_entity_declarations.vhd:1024]
	Parameter core_name0 bound to: fm_demod_mult_gen_v12_0_i0 - type: string 
	Parameter a_width bound to: 33 - type: integer 
	Parameter a_bin_pt bound to: 29 - type: integer 
	Parameter a_arith bound to: 2 - type: integer 
	Parameter b_width bound to: 34 - type: integer 
	Parameter b_bin_pt bound to: 14 - type: integer 
	Parameter b_arith bound to: 2 - type: integer 
	Parameter p_width bound to: 68 - type: integer 
	Parameter p_bin_pt bound to: 14 - type: integer 
	Parameter p_arith bound to: 2 - type: integer 
	Parameter rst_width bound to: 1 - type: integer 
	Parameter rst_bin_pt bound to: 0 - type: integer 
	Parameter rst_arith bound to: 1 - type: integer 
	Parameter en_width bound to: 1 - type: integer 
	Parameter en_bin_pt bound to: 0 - type: integer 
	Parameter en_arith bound to: 1 - type: integer 
	Parameter quantization bound to: 1 - type: integer 
	Parameter overflow bound to: 2 - type: integer 
	Parameter extra_registers bound to: 0 - type: integer 
	Parameter c_a_width bound to: 33 - type: integer 
	Parameter c_b_width bound to: 34 - type: integer 
	Parameter c_type bound to: 0 - type: integer 
	Parameter c_a_type bound to: 0 - type: integer 
	Parameter c_b_type bound to: 0 - type: integer 
	Parameter c_pipelined bound to: 1 - type: integer 
	Parameter c_baat bound to: 33 - type: integer 
	Parameter multsign bound to: 2 - type: integer 
	Parameter c_output_width bound to: 67 - type: integer 
INFO: [Synth 8-3491] module 'fm_demod_mult_gen_v12_0_i0' declared at 'c:/Users/fmabrouk/Documents/SysGen_FMdemod/ip_catalog/fm_demod.srcs/sources_1/bd/fm_demod_bd/ip/fm_demod_bd_fm_demod_1_0/fm_demod_mult_gen_v12_0_i0/synth/fm_demod_mult_gen_v12_0_i0.vhd:59' bound to instance 'core_instance0' of component 'fm_demod_mult_gen_v12_0_i0' [c:/Users/fmabrouk/Documents/SysGen_FMdemod/ip_catalog/fm_demod.srcs/sources_1/bd/fm_demod_bd/ipshared/e04b/hdl/fm_demod_entity_declarations.vhd:1097]
INFO: [Synth 8-638] synthesizing module 'fm_demod_mult_gen_v12_0_i0' [c:/Users/fmabrouk/Documents/SysGen_FMdemod/ip_catalog/fm_demod.srcs/sources_1/bd/fm_demod_bd/ip/fm_demod_bd_fm_demod_1_0/fm_demod_mult_gen_v12_0_i0/synth/fm_demod_mult_gen_v12_0_i0.vhd:70]
WARNING: [Synth 8-5640] Port 'zero_detect' is missing in component declaration [c:/Users/fmabrouk/Documents/SysGen_FMdemod/ip_catalog/fm_demod.srcs/sources_1/bd/fm_demod_bd/ip/fm_demod_bd_fm_demod_1_0/fm_demod_mult_gen_v12_0_i0/synth/fm_demod_mult_gen_v12_0_i0.vhd:73]
WARNING: [Synth 8-5640] Port 'pcasc' is missing in component declaration [c:/Users/fmabrouk/Documents/SysGen_FMdemod/ip_catalog/fm_demod.srcs/sources_1/bd/fm_demod_bd/ip/fm_demod_bd_fm_demod_1_0/fm_demod_mult_gen_v12_0_i0/synth/fm_demod_mult_gen_v12_0_i0.vhd:73]
	Parameter C_VERBOSITY bound to: 0 - type: integer 
	Parameter C_MODEL_TYPE bound to: 0 - type: integer 
	Parameter C_OPTIMIZE_GOAL bound to: 1 - type: integer 
	Parameter C_XDEVICEFAMILY bound to: spartan7 - type: string 
	Parameter C_HAS_CE bound to: 1 - type: integer 
	Parameter C_HAS_SCLR bound to: 1 - type: integer 
	Parameter C_LATENCY bound to: 3 - type: integer 
	Parameter C_A_WIDTH bound to: 33 - type: integer 
	Parameter C_A_TYPE bound to: 0 - type: integer 
	Parameter C_B_WIDTH bound to: 34 - type: integer 
	Parameter C_B_TYPE bound to: 0 - type: integer 
	Parameter C_OUT_HIGH bound to: 66 - type: integer 
	Parameter C_OUT_LOW bound to: 0 - type: integer 
	Parameter C_MULT_TYPE bound to: 1 - type: integer 
	Parameter C_CE_OVERRIDES_SCLR bound to: 1 - type: integer 
	Parameter C_CCM_IMP bound to: 0 - type: integer 
	Parameter C_B_VALUE bound to: 10000001 - type: string 
	Parameter C_HAS_ZERO_DETECT bound to: 0 - type: integer 
	Parameter C_ROUND_OUTPUT bound to: 0 - type: integer 
	Parameter C_ROUND_PT bound to: 0 - type: integer 
INFO: [Synth 8-3491] module 'mult_gen_v12_0_14' declared at 'c:/Users/fmabrouk/Documents/SysGen_FMdemod/ip_catalog/fm_demod.srcs/sources_1/bd/fm_demod_bd/ip/fm_demod_bd_fm_demod_1_0/fm_demod_mult_gen_v12_0_i0/hdl/mult_gen_v12_0_vh_rfs.vhd:21013' bound to instance 'U0' of component 'mult_gen_v12_0_14' [c:/Users/fmabrouk/Documents/SysGen_FMdemod/ip_catalog/fm_demod.srcs/sources_1/bd/fm_demod_bd/ip/fm_demod_bd_fm_demod_1_0/fm_demod_mult_gen_v12_0_i0/synth/fm_demod_mult_gen_v12_0_i0.vhd:127]
INFO: [Synth 8-256] done synthesizing module 'fm_demod_mult_gen_v12_0_i0' (20#1) [c:/Users/fmabrouk/Documents/SysGen_FMdemod/ip_catalog/fm_demod.srcs/sources_1/bd/fm_demod_bd/ip/fm_demod_bd_fm_demod_1_0/fm_demod_mult_gen_v12_0_i0/synth/fm_demod_mult_gen_v12_0_i0.vhd:70]
INFO: [Synth 8-256] done synthesizing module 'fm_demod_xlmult' (21#1) [c:/Users/fmabrouk/Documents/SysGen_FMdemod/ip_catalog/fm_demod.srcs/sources_1/bd/fm_demod_bd/ipshared/e04b/hdl/fm_demod_entity_declarations.vhd:1024]
INFO: [Synth 8-638] synthesizing module 'fm_demod_xlmult__parameterized0' [c:/Users/fmabrouk/Documents/SysGen_FMdemod/ip_catalog/fm_demod.srcs/sources_1/bd/fm_demod_bd/ipshared/e04b/hdl/fm_demod_entity_declarations.vhd:1024]
	Parameter core_name0 bound to: fm_demod_mult_gen_v12_0_i1 - type: string 
	Parameter a_width bound to: 34 - type: integer 
	Parameter a_bin_pt bound to: 14 - type: integer 
	Parameter a_arith bound to: 2 - type: integer 
	Parameter b_width bound to: 33 - type: integer 
	Parameter b_bin_pt bound to: 29 - type: integer 
	Parameter b_arith bound to: 2 - type: integer 
	Parameter p_width bound to: 68 - type: integer 
	Parameter p_bin_pt bound to: 14 - type: integer 
	Parameter p_arith bound to: 2 - type: integer 
	Parameter rst_width bound to: 1 - type: integer 
	Parameter rst_bin_pt bound to: 0 - type: integer 
	Parameter rst_arith bound to: 1 - type: integer 
	Parameter en_width bound to: 1 - type: integer 
	Parameter en_bin_pt bound to: 0 - type: integer 
	Parameter en_arith bound to: 1 - type: integer 
	Parameter quantization bound to: 1 - type: integer 
	Parameter overflow bound to: 2 - type: integer 
	Parameter extra_registers bound to: 0 - type: integer 
	Parameter c_a_width bound to: 34 - type: integer 
	Parameter c_b_width bound to: 33 - type: integer 
	Parameter c_type bound to: 0 - type: integer 
	Parameter c_a_type bound to: 0 - type: integer 
	Parameter c_b_type bound to: 0 - type: integer 
	Parameter c_pipelined bound to: 1 - type: integer 
	Parameter c_baat bound to: 34 - type: integer 
	Parameter multsign bound to: 2 - type: integer 
	Parameter c_output_width bound to: 67 - type: integer 
INFO: [Synth 8-3491] module 'fm_demod_mult_gen_v12_0_i1' declared at 'c:/Users/fmabrouk/Documents/SysGen_FMdemod/ip_catalog/fm_demod.srcs/sources_1/bd/fm_demod_bd/ip/fm_demod_bd_fm_demod_1_0/fm_demod_mult_gen_v12_0_i1/synth/fm_demod_mult_gen_v12_0_i1.vhd:59' bound to instance 'core_instance1' of component 'fm_demod_mult_gen_v12_0_i1' [c:/Users/fmabrouk/Documents/SysGen_FMdemod/ip_catalog/fm_demod.srcs/sources_1/bd/fm_demod_bd/ipshared/e04b/hdl/fm_demod_entity_declarations.vhd:1109]
INFO: [Synth 8-638] synthesizing module 'fm_demod_mult_gen_v12_0_i1' [c:/Users/fmabrouk/Documents/SysGen_FMdemod/ip_catalog/fm_demod.srcs/sources_1/bd/fm_demod_bd/ip/fm_demod_bd_fm_demod_1_0/fm_demod_mult_gen_v12_0_i1/synth/fm_demod_mult_gen_v12_0_i1.vhd:70]
WARNING: [Synth 8-5640] Port 'zero_detect' is missing in component declaration [c:/Users/fmabrouk/Documents/SysGen_FMdemod/ip_catalog/fm_demod.srcs/sources_1/bd/fm_demod_bd/ip/fm_demod_bd_fm_demod_1_0/fm_demod_mult_gen_v12_0_i1/synth/fm_demod_mult_gen_v12_0_i1.vhd:73]
WARNING: [Synth 8-5640] Port 'pcasc' is missing in component declaration [c:/Users/fmabrouk/Documents/SysGen_FMdemod/ip_catalog/fm_demod.srcs/sources_1/bd/fm_demod_bd/ip/fm_demod_bd_fm_demod_1_0/fm_demod_mult_gen_v12_0_i1/synth/fm_demod_mult_gen_v12_0_i1.vhd:73]
	Parameter C_VERBOSITY bound to: 0 - type: integer 
	Parameter C_MODEL_TYPE bound to: 0 - type: integer 
	Parameter C_OPTIMIZE_GOAL bound to: 1 - type: integer 
	Parameter C_XDEVICEFAMILY bound to: spartan7 - type: string 
	Parameter C_HAS_CE bound to: 1 - type: integer 
	Parameter C_HAS_SCLR bound to: 1 - type: integer 
	Parameter C_LATENCY bound to: 3 - type: integer 
	Parameter C_A_WIDTH bound to: 34 - type: integer 
	Parameter C_A_TYPE bound to: 0 - type: integer 
	Parameter C_B_WIDTH bound to: 33 - type: integer 
	Parameter C_B_TYPE bound to: 0 - type: integer 
	Parameter C_OUT_HIGH bound to: 66 - type: integer 
	Parameter C_OUT_LOW bound to: 0 - type: integer 
	Parameter C_MULT_TYPE bound to: 1 - type: integer 
	Parameter C_CE_OVERRIDES_SCLR bound to: 1 - type: integer 
	Parameter C_CCM_IMP bound to: 0 - type: integer 
	Parameter C_B_VALUE bound to: 10000001 - type: string 
	Parameter C_HAS_ZERO_DETECT bound to: 0 - type: integer 
	Parameter C_ROUND_OUTPUT bound to: 0 - type: integer 
	Parameter C_ROUND_PT bound to: 0 - type: integer 
INFO: [Synth 8-3491] module 'mult_gen_v12_0_14' declared at 'c:/Users/fmabrouk/Documents/SysGen_FMdemod/ip_catalog/fm_demod.srcs/sources_1/bd/fm_demod_bd/ip/fm_demod_bd_fm_demod_1_0/fm_demod_mult_gen_v12_0_i0/hdl/mult_gen_v12_0_vh_rfs.vhd:21013' bound to instance 'U0' of component 'mult_gen_v12_0_14' [c:/Users/fmabrouk/Documents/SysGen_FMdemod/ip_catalog/fm_demod.srcs/sources_1/bd/fm_demod_bd/ip/fm_demod_bd_fm_demod_1_0/fm_demod_mult_gen_v12_0_i1/synth/fm_demod_mult_gen_v12_0_i1.vhd:127]
INFO: [Synth 8-256] done synthesizing module 'fm_demod_mult_gen_v12_0_i1' (22#1) [c:/Users/fmabrouk/Documents/SysGen_FMdemod/ip_catalog/fm_demod.srcs/sources_1/bd/fm_demod_bd/ip/fm_demod_bd_fm_demod_1_0/fm_demod_mult_gen_v12_0_i1/synth/fm_demod_mult_gen_v12_0_i1.vhd:70]
INFO: [Synth 8-256] done synthesizing module 'fm_demod_xlmult__parameterized0' (22#1) [c:/Users/fmabrouk/Documents/SysGen_FMdemod/ip_catalog/fm_demod.srcs/sources_1/bd/fm_demod_bd/ipshared/e04b/hdl/fm_demod_entity_declarations.vhd:1024]
INFO: [Synth 8-638] synthesizing module 'fm_demod_xlregister' [c:/Users/fmabrouk/Documents/SysGen_FMdemod/ip_catalog/fm_demod.srcs/sources_1/bd/fm_demod_bd/ipshared/e04b/hdl/fm_demod_entity_declarations.vhd:618]
	Parameter d_width bound to: 68 - type: integer 
	Parameter init_value bound to: 68'b00000000000000000000000000000000000000000000011111100100000000000000 
	Parameter width bound to: 68 - type: integer 
	Parameter init_index bound to: 2 - type: integer 
	Parameter init_value bound to: 68'b00000000000000000000000000000000000000000000011111100100000000000000 
	Parameter latency bound to: 1 - type: integer 
INFO: [Synth 8-3491] module 'synth_reg_w_init' declared at 'c:/Users/fmabrouk/Documents/SysGen_FMdemod/ip_catalog/fm_demod.srcs/sources_1/bd/fm_demod_bd/ipshared/e04b/hdl/synth_reg_w_init.vhd:31' bound to instance 'synth_reg_inst' of component 'synth_reg_w_init' [c:/Users/fmabrouk/Documents/SysGen_FMdemod/ip_catalog/fm_demod.srcs/sources_1/bd/fm_demod_bd/ipshared/e04b/hdl/fm_demod_entity_declarations.vhd:644]
INFO: [Synth 8-638] synthesizing module 'synth_reg_w_init__parameterized1' [c:/Users/fmabrouk/Documents/SysGen_FMdemod/ip_catalog/fm_demod.srcs/sources_1/bd/fm_demod_bd/ipshared/e04b/hdl/synth_reg_w_init.vhd:47]
	Parameter width bound to: 68 - type: integer 
	Parameter init_index bound to: 2 - type: integer 
	Parameter init_value bound to: 68'b00000000000000000000000000000000000000000000011111100100000000000000 
	Parameter latency bound to: 1 - type: integer 
	Parameter width bound to: 68 - type: integer 
	Parameter init_index bound to: 2 - type: integer 
	Parameter init_value bound to: 68'b00000000000000000000000000000000000000000000011111100100000000000000 
INFO: [Synth 8-3491] module 'single_reg_w_init' declared at 'c:/Users/fmabrouk/Documents/SysGen_FMdemod/ip_catalog/fm_demod.srcs/sources_1/bd/fm_demod_bd/ipshared/e04b/hdl/single_reg_w_init.vhd:22' bound to instance 'reg_comp' of component 'single_reg_w_init' [c:/Users/fmabrouk/Documents/SysGen_FMdemod/ip_catalog/fm_demod.srcs/sources_1/bd/fm_demod_bd/ipshared/e04b/hdl/synth_reg_w_init.vhd:79]
INFO: [Synth 8-638] synthesizing module 'single_reg_w_init__parameterized1' [c:/Users/fmabrouk/Documents/SysGen_FMdemod/ip_catalog/fm_demod.srcs/sources_1/bd/fm_demod_bd/ipshared/e04b/hdl/single_reg_w_init.vhd:37]
	Parameter width bound to: 68 - type: integer 
	Parameter init_index bound to: 2 - type: integer 
	Parameter init_value bound to: 68'b00000000000000000000000000000000000000000000011111100100000000000000 
INFO: [Synth 8-113] binding component instance 'fdre_comp' to cell 'FDRE' [c:/Users/fmabrouk/Documents/SysGen_FMdemod/ip_catalog/fm_demod.srcs/sources_1/bd/fm_demod_bd/ipshared/e04b/hdl/single_reg_w_init.vhd:86]
INFO: [Synth 8-113] binding component instance 'fdre_comp' to cell 'FDRE' [c:/Users/fmabrouk/Documents/SysGen_FMdemod/ip_catalog/fm_demod.srcs/sources_1/bd/fm_demod_bd/ipshared/e04b/hdl/single_reg_w_init.vhd:86]
INFO: [Synth 8-113] binding component instance 'fdre_comp' to cell 'FDRE' [c:/Users/fmabrouk/Documents/SysGen_FMdemod/ip_catalog/fm_demod.srcs/sources_1/bd/fm_demod_bd/ipshared/e04b/hdl/single_reg_w_init.vhd:86]
INFO: [Synth 8-113] binding component instance 'fdre_comp' to cell 'FDRE' [c:/Users/fmabrouk/Documents/SysGen_FMdemod/ip_catalog/fm_demod.srcs/sources_1/bd/fm_demod_bd/ipshared/e04b/hdl/single_reg_w_init.vhd:86]
INFO: [Synth 8-113] binding component instance 'fdre_comp' to cell 'FDRE' [c:/Users/fmabrouk/Documents/SysGen_FMdemod/ip_catalog/fm_demod.srcs/sources_1/bd/fm_demod_bd/ipshared/e04b/hdl/single_reg_w_init.vhd:86]
INFO: [Synth 8-113] binding component instance 'fdre_comp' to cell 'FDRE' [c:/Users/fmabrouk/Documents/SysGen_FMdemod/ip_catalog/fm_demod.srcs/sources_1/bd/fm_demod_bd/ipshared/e04b/hdl/single_reg_w_init.vhd:86]
INFO: [Synth 8-113] binding component instance 'fdre_comp' to cell 'FDRE' [c:/Users/fmabrouk/Documents/SysGen_FMdemod/ip_catalog/fm_demod.srcs/sources_1/bd/fm_demod_bd/ipshared/e04b/hdl/single_reg_w_init.vhd:86]
INFO: [Synth 8-113] binding component instance 'fdre_comp' to cell 'FDRE' [c:/Users/fmabrouk/Documents/SysGen_FMdemod/ip_catalog/fm_demod.srcs/sources_1/bd/fm_demod_bd/ipshared/e04b/hdl/single_reg_w_init.vhd:86]
INFO: [Synth 8-113] binding component instance 'fdre_comp' to cell 'FDRE' [c:/Users/fmabrouk/Documents/SysGen_FMdemod/ip_catalog/fm_demod.srcs/sources_1/bd/fm_demod_bd/ipshared/e04b/hdl/single_reg_w_init.vhd:86]
INFO: [Synth 8-113] binding component instance 'fdre_comp' to cell 'FDRE' [c:/Users/fmabrouk/Documents/SysGen_FMdemod/ip_catalog/fm_demod.srcs/sources_1/bd/fm_demod_bd/ipshared/e04b/hdl/single_reg_w_init.vhd:86]
INFO: [Synth 8-113] binding component instance 'fdre_comp' to cell 'FDRE' [c:/Users/fmabrouk/Documents/SysGen_FMdemod/ip_catalog/fm_demod.srcs/sources_1/bd/fm_demod_bd/ipshared/e04b/hdl/single_reg_w_init.vhd:86]
INFO: [Synth 8-113] binding component instance 'fdre_comp' to cell 'FDRE' [c:/Users/fmabrouk/Documents/SysGen_FMdemod/ip_catalog/fm_demod.srcs/sources_1/bd/fm_demod_bd/ipshared/e04b/hdl/single_reg_w_init.vhd:86]
INFO: [Synth 8-113] binding component instance 'fdre_comp' to cell 'FDRE' [c:/Users/fmabrouk/Documents/SysGen_FMdemod/ip_catalog/fm_demod.srcs/sources_1/bd/fm_demod_bd/ipshared/e04b/hdl/single_reg_w_init.vhd:86]
INFO: [Synth 8-113] binding component instance 'fdre_comp' to cell 'FDRE' [c:/Users/fmabrouk/Documents/SysGen_FMdemod/ip_catalog/fm_demod.srcs/sources_1/bd/fm_demod_bd/ipshared/e04b/hdl/single_reg_w_init.vhd:86]
INFO: [Synth 8-113] binding component instance 'fdse_comp' to cell 'FDSE' [c:/Users/fmabrouk/Documents/SysGen_FMdemod/ip_catalog/fm_demod.srcs/sources_1/bd/fm_demod_bd/ipshared/e04b/hdl/single_reg_w_init.vhd:97]
INFO: [Synth 8-113] binding component instance 'fdre_comp' to cell 'FDRE' [c:/Users/fmabrouk/Documents/SysGen_FMdemod/ip_catalog/fm_demod.srcs/sources_1/bd/fm_demod_bd/ipshared/e04b/hdl/single_reg_w_init.vhd:86]
INFO: [Synth 8-113] binding component instance 'fdre_comp' to cell 'FDRE' [c:/Users/fmabrouk/Documents/SysGen_FMdemod/ip_catalog/fm_demod.srcs/sources_1/bd/fm_demod_bd/ipshared/e04b/hdl/single_reg_w_init.vhd:86]
INFO: [Synth 8-113] binding component instance 'fdse_comp' to cell 'FDSE' [c:/Users/fmabrouk/Documents/SysGen_FMdemod/ip_catalog/fm_demod.srcs/sources_1/bd/fm_demod_bd/ipshared/e04b/hdl/single_reg_w_init.vhd:97]
INFO: [Synth 8-113] binding component instance 'fdse_comp' to cell 'FDSE' [c:/Users/fmabrouk/Documents/SysGen_FMdemod/ip_catalog/fm_demod.srcs/sources_1/bd/fm_demod_bd/ipshared/e04b/hdl/single_reg_w_init.vhd:97]
INFO: [Synth 8-113] binding component instance 'fdse_comp' to cell 'FDSE' [c:/Users/fmabrouk/Documents/SysGen_FMdemod/ip_catalog/fm_demod.srcs/sources_1/bd/fm_demod_bd/ipshared/e04b/hdl/single_reg_w_init.vhd:97]
INFO: [Synth 8-113] binding component instance 'fdse_comp' to cell 'FDSE' [c:/Users/fmabrouk/Documents/SysGen_FMdemod/ip_catalog/fm_demod.srcs/sources_1/bd/fm_demod_bd/ipshared/e04b/hdl/single_reg_w_init.vhd:97]
INFO: [Synth 8-113] binding component instance 'fdse_comp' to cell 'FDSE' [c:/Users/fmabrouk/Documents/SysGen_FMdemod/ip_catalog/fm_demod.srcs/sources_1/bd/fm_demod_bd/ipshared/e04b/hdl/single_reg_w_init.vhd:97]
INFO: [Synth 8-113] binding component instance 'fdse_comp' to cell 'FDSE' [c:/Users/fmabrouk/Documents/SysGen_FMdemod/ip_catalog/fm_demod.srcs/sources_1/bd/fm_demod_bd/ipshared/e04b/hdl/single_reg_w_init.vhd:97]
INFO: [Synth 8-113] binding component instance 'fdre_comp' to cell 'FDRE' [c:/Users/fmabrouk/Documents/SysGen_FMdemod/ip_catalog/fm_demod.srcs/sources_1/bd/fm_demod_bd/ipshared/e04b/hdl/single_reg_w_init.vhd:86]
INFO: [Synth 8-113] binding component instance 'fdre_comp' to cell 'FDRE' [c:/Users/fmabrouk/Documents/SysGen_FMdemod/ip_catalog/fm_demod.srcs/sources_1/bd/fm_demod_bd/ipshared/e04b/hdl/single_reg_w_init.vhd:86]
INFO: [Synth 8-113] binding component instance 'fdre_comp' to cell 'FDRE' [c:/Users/fmabrouk/Documents/SysGen_FMdemod/ip_catalog/fm_demod.srcs/sources_1/bd/fm_demod_bd/ipshared/e04b/hdl/single_reg_w_init.vhd:86]
INFO: [Synth 8-113] binding component instance 'fdre_comp' to cell 'FDRE' [c:/Users/fmabrouk/Documents/SysGen_FMdemod/ip_catalog/fm_demod.srcs/sources_1/bd/fm_demod_bd/ipshared/e04b/hdl/single_reg_w_init.vhd:86]
INFO: [Synth 8-113] binding component instance 'fdre_comp' to cell 'FDRE' [c:/Users/fmabrouk/Documents/SysGen_FMdemod/ip_catalog/fm_demod.srcs/sources_1/bd/fm_demod_bd/ipshared/e04b/hdl/single_reg_w_init.vhd:86]
INFO: [Synth 8-113] binding component instance 'fdre_comp' to cell 'FDRE' [c:/Users/fmabrouk/Documents/SysGen_FMdemod/ip_catalog/fm_demod.srcs/sources_1/bd/fm_demod_bd/ipshared/e04b/hdl/single_reg_w_init.vhd:86]
INFO: [Synth 8-113] binding component instance 'fdre_comp' to cell 'FDRE' [c:/Users/fmabrouk/Documents/SysGen_FMdemod/ip_catalog/fm_demod.srcs/sources_1/bd/fm_demod_bd/ipshared/e04b/hdl/single_reg_w_init.vhd:86]
INFO: [Synth 8-113] binding component instance 'fdre_comp' to cell 'FDRE' [c:/Users/fmabrouk/Documents/SysGen_FMdemod/ip_catalog/fm_demod.srcs/sources_1/bd/fm_demod_bd/ipshared/e04b/hdl/single_reg_w_init.vhd:86]
INFO: [Synth 8-113] binding component instance 'fdre_comp' to cell 'FDRE' [c:/Users/fmabrouk/Documents/SysGen_FMdemod/ip_catalog/fm_demod.srcs/sources_1/bd/fm_demod_bd/ipshared/e04b/hdl/single_reg_w_init.vhd:86]
INFO: [Synth 8-113] binding component instance 'fdre_comp' to cell 'FDRE' [c:/Users/fmabrouk/Documents/SysGen_FMdemod/ip_catalog/fm_demod.srcs/sources_1/bd/fm_demod_bd/ipshared/e04b/hdl/single_reg_w_init.vhd:86]
INFO: [Synth 8-113] binding component instance 'fdre_comp' to cell 'FDRE' [c:/Users/fmabrouk/Documents/SysGen_FMdemod/ip_catalog/fm_demod.srcs/sources_1/bd/fm_demod_bd/ipshared/e04b/hdl/single_reg_w_init.vhd:86]
INFO: [Synth 8-113] binding component instance 'fdre_comp' to cell 'FDRE' [c:/Users/fmabrouk/Documents/SysGen_FMdemod/ip_catalog/fm_demod.srcs/sources_1/bd/fm_demod_bd/ipshared/e04b/hdl/single_reg_w_init.vhd:86]
INFO: [Synth 8-113] binding component instance 'fdre_comp' to cell 'FDRE' [c:/Users/fmabrouk/Documents/SysGen_FMdemod/ip_catalog/fm_demod.srcs/sources_1/bd/fm_demod_bd/ipshared/e04b/hdl/single_reg_w_init.vhd:86]
INFO: [Synth 8-113] binding component instance 'fdre_comp' to cell 'FDRE' [c:/Users/fmabrouk/Documents/SysGen_FMdemod/ip_catalog/fm_demod.srcs/sources_1/bd/fm_demod_bd/ipshared/e04b/hdl/single_reg_w_init.vhd:86]
INFO: [Synth 8-113] binding component instance 'fdre_comp' to cell 'FDRE' [c:/Users/fmabrouk/Documents/SysGen_FMdemod/ip_catalog/fm_demod.srcs/sources_1/bd/fm_demod_bd/ipshared/e04b/hdl/single_reg_w_init.vhd:86]
INFO: [Synth 8-113] binding component instance 'fdre_comp' to cell 'FDRE' [c:/Users/fmabrouk/Documents/SysGen_FMdemod/ip_catalog/fm_demod.srcs/sources_1/bd/fm_demod_bd/ipshared/e04b/hdl/single_reg_w_init.vhd:86]
INFO: [Synth 8-113] binding component instance 'fdre_comp' to cell 'FDRE' [c:/Users/fmabrouk/Documents/SysGen_FMdemod/ip_catalog/fm_demod.srcs/sources_1/bd/fm_demod_bd/ipshared/e04b/hdl/single_reg_w_init.vhd:86]
INFO: [Synth 8-113] binding component instance 'fdre_comp' to cell 'FDRE' [c:/Users/fmabrouk/Documents/SysGen_FMdemod/ip_catalog/fm_demod.srcs/sources_1/bd/fm_demod_bd/ipshared/e04b/hdl/single_reg_w_init.vhd:86]
INFO: [Synth 8-113] binding component instance 'fdre_comp' to cell 'FDRE' [c:/Users/fmabrouk/Documents/SysGen_FMdemod/ip_catalog/fm_demod.srcs/sources_1/bd/fm_demod_bd/ipshared/e04b/hdl/single_reg_w_init.vhd:86]
INFO: [Synth 8-113] binding component instance 'fdre_comp' to cell 'FDRE' [c:/Users/fmabrouk/Documents/SysGen_FMdemod/ip_catalog/fm_demod.srcs/sources_1/bd/fm_demod_bd/ipshared/e04b/hdl/single_reg_w_init.vhd:86]
INFO: [Synth 8-113] binding component instance 'fdre_comp' to cell 'FDRE' [c:/Users/fmabrouk/Documents/SysGen_FMdemod/ip_catalog/fm_demod.srcs/sources_1/bd/fm_demod_bd/ipshared/e04b/hdl/single_reg_w_init.vhd:86]
INFO: [Synth 8-113] binding component instance 'fdre_comp' to cell 'FDRE' [c:/Users/fmabrouk/Documents/SysGen_FMdemod/ip_catalog/fm_demod.srcs/sources_1/bd/fm_demod_bd/ipshared/e04b/hdl/single_reg_w_init.vhd:86]
INFO: [Synth 8-113] binding component instance 'fdre_comp' to cell 'FDRE' [c:/Users/fmabrouk/Documents/SysGen_FMdemod/ip_catalog/fm_demod.srcs/sources_1/bd/fm_demod_bd/ipshared/e04b/hdl/single_reg_w_init.vhd:86]
INFO: [Synth 8-113] binding component instance 'fdre_comp' to cell 'FDRE' [c:/Users/fmabrouk/Documents/SysGen_FMdemod/ip_catalog/fm_demod.srcs/sources_1/bd/fm_demod_bd/ipshared/e04b/hdl/single_reg_w_init.vhd:86]
INFO: [Synth 8-113] binding component instance 'fdre_comp' to cell 'FDRE' [c:/Users/fmabrouk/Documents/SysGen_FMdemod/ip_catalog/fm_demod.srcs/sources_1/bd/fm_demod_bd/ipshared/e04b/hdl/single_reg_w_init.vhd:86]
INFO: [Synth 8-113] binding component instance 'fdre_comp' to cell 'FDRE' [c:/Users/fmabrouk/Documents/SysGen_FMdemod/ip_catalog/fm_demod.srcs/sources_1/bd/fm_demod_bd/ipshared/e04b/hdl/single_reg_w_init.vhd:86]
INFO: [Synth 8-113] binding component instance 'fdre_comp' to cell 'FDRE' [c:/Users/fmabrouk/Documents/SysGen_FMdemod/ip_catalog/fm_demod.srcs/sources_1/bd/fm_demod_bd/ipshared/e04b/hdl/single_reg_w_init.vhd:86]
INFO: [Synth 8-113] binding component instance 'fdre_comp' to cell 'FDRE' [c:/Users/fmabrouk/Documents/SysGen_FMdemod/ip_catalog/fm_demod.srcs/sources_1/bd/fm_demod_bd/ipshared/e04b/hdl/single_reg_w_init.vhd:86]
INFO: [Synth 8-113] binding component instance 'fdre_comp' to cell 'FDRE' [c:/Users/fmabrouk/Documents/SysGen_FMdemod/ip_catalog/fm_demod.srcs/sources_1/bd/fm_demod_bd/ipshared/e04b/hdl/single_reg_w_init.vhd:86]
INFO: [Synth 8-113] binding component instance 'fdre_comp' to cell 'FDRE' [c:/Users/fmabrouk/Documents/SysGen_FMdemod/ip_catalog/fm_demod.srcs/sources_1/bd/fm_demod_bd/ipshared/e04b/hdl/single_reg_w_init.vhd:86]
INFO: [Synth 8-113] binding component instance 'fdre_comp' to cell 'FDRE' [c:/Users/fmabrouk/Documents/SysGen_FMdemod/ip_catalog/fm_demod.srcs/sources_1/bd/fm_demod_bd/ipshared/e04b/hdl/single_reg_w_init.vhd:86]
INFO: [Synth 8-113] binding component instance 'fdre_comp' to cell 'FDRE' [c:/Users/fmabrouk/Documents/SysGen_FMdemod/ip_catalog/fm_demod.srcs/sources_1/bd/fm_demod_bd/ipshared/e04b/hdl/single_reg_w_init.vhd:86]
INFO: [Synth 8-113] binding component instance 'fdre_comp' to cell 'FDRE' [c:/Users/fmabrouk/Documents/SysGen_FMdemod/ip_catalog/fm_demod.srcs/sources_1/bd/fm_demod_bd/ipshared/e04b/hdl/single_reg_w_init.vhd:86]
INFO: [Synth 8-113] binding component instance 'fdre_comp' to cell 'FDRE' [c:/Users/fmabrouk/Documents/SysGen_FMdemod/ip_catalog/fm_demod.srcs/sources_1/bd/fm_demod_bd/ipshared/e04b/hdl/single_reg_w_init.vhd:86]
INFO: [Synth 8-113] binding component instance 'fdre_comp' to cell 'FDRE' [c:/Users/fmabrouk/Documents/SysGen_FMdemod/ip_catalog/fm_demod.srcs/sources_1/bd/fm_demod_bd/ipshared/e04b/hdl/single_reg_w_init.vhd:86]
INFO: [Synth 8-113] binding component instance 'fdre_comp' to cell 'FDRE' [c:/Users/fmabrouk/Documents/SysGen_FMdemod/ip_catalog/fm_demod.srcs/sources_1/bd/fm_demod_bd/ipshared/e04b/hdl/single_reg_w_init.vhd:86]
INFO: [Synth 8-113] binding component instance 'fdre_comp' to cell 'FDRE' [c:/Users/fmabrouk/Documents/SysGen_FMdemod/ip_catalog/fm_demod.srcs/sources_1/bd/fm_demod_bd/ipshared/e04b/hdl/single_reg_w_init.vhd:86]
INFO: [Synth 8-113] binding component instance 'fdre_comp' to cell 'FDRE' [c:/Users/fmabrouk/Documents/SysGen_FMdemod/ip_catalog/fm_demod.srcs/sources_1/bd/fm_demod_bd/ipshared/e04b/hdl/single_reg_w_init.vhd:86]
INFO: [Synth 8-113] binding component instance 'fdre_comp' to cell 'FDRE' [c:/Users/fmabrouk/Documents/SysGen_FMdemod/ip_catalog/fm_demod.srcs/sources_1/bd/fm_demod_bd/ipshared/e04b/hdl/single_reg_w_init.vhd:86]
INFO: [Synth 8-113] binding component instance 'fdre_comp' to cell 'FDRE' [c:/Users/fmabrouk/Documents/SysGen_FMdemod/ip_catalog/fm_demod.srcs/sources_1/bd/fm_demod_bd/ipshared/e04b/hdl/single_reg_w_init.vhd:86]
INFO: [Synth 8-113] binding component instance 'fdre_comp' to cell 'FDRE' [c:/Users/fmabrouk/Documents/SysGen_FMdemod/ip_catalog/fm_demod.srcs/sources_1/bd/fm_demod_bd/ipshared/e04b/hdl/single_reg_w_init.vhd:86]
INFO: [Synth 8-113] binding component instance 'fdre_comp' to cell 'FDRE' [c:/Users/fmabrouk/Documents/SysGen_FMdemod/ip_catalog/fm_demod.srcs/sources_1/bd/fm_demod_bd/ipshared/e04b/hdl/single_reg_w_init.vhd:86]
INFO: [Synth 8-113] binding component instance 'fdre_comp' to cell 'FDRE' [c:/Users/fmabrouk/Documents/SysGen_FMdemod/ip_catalog/fm_demod.srcs/sources_1/bd/fm_demod_bd/ipshared/e04b/hdl/single_reg_w_init.vhd:86]
INFO: [Synth 8-113] binding component instance 'fdre_comp' to cell 'FDRE' [c:/Users/fmabrouk/Documents/SysGen_FMdemod/ip_catalog/fm_demod.srcs/sources_1/bd/fm_demod_bd/ipshared/e04b/hdl/single_reg_w_init.vhd:86]
INFO: [Synth 8-113] binding component instance 'fdre_comp' to cell 'FDRE' [c:/Users/fmabrouk/Documents/SysGen_FMdemod/ip_catalog/fm_demod.srcs/sources_1/bd/fm_demod_bd/ipshared/e04b/hdl/single_reg_w_init.vhd:86]
INFO: [Synth 8-256] done synthesizing module 'single_reg_w_init__parameterized1' (22#1) [c:/Users/fmabrouk/Documents/SysGen_FMdemod/ip_catalog/fm_demod.srcs/sources_1/bd/fm_demod_bd/ipshared/e04b/hdl/single_reg_w_init.vhd:37]
INFO: [Synth 8-256] done synthesizing module 'synth_reg_w_init__parameterized1' (22#1) [c:/Users/fmabrouk/Documents/SysGen_FMdemod/ip_catalog/fm_demod.srcs/sources_1/bd/fm_demod_bd/ipshared/e04b/hdl/synth_reg_w_init.vhd:47]
INFO: [Synth 8-256] done synthesizing module 'fm_demod_xlregister' (23#1) [c:/Users/fmabrouk/Documents/SysGen_FMdemod/ip_catalog/fm_demod.srcs/sources_1/bd/fm_demod_bd/ipshared/e04b/hdl/fm_demod_entity_declarations.vhd:618]
INFO: [Synth 8-638] synthesizing module 'sysgen_scale_63ed8af845' [c:/Users/fmabrouk/Documents/SysGen_FMdemod/ip_catalog/fm_demod.srcs/sources_1/bd/fm_demod_bd/ipshared/e04b/hdl/fm_demod_entity_declarations.vhd:672]
INFO: [Synth 8-256] done synthesizing module 'sysgen_scale_63ed8af845' (24#1) [c:/Users/fmabrouk/Documents/SysGen_FMdemod/ip_catalog/fm_demod.srcs/sources_1/bd/fm_demod_bd/ipshared/e04b/hdl/fm_demod_entity_declarations.vhd:672]
INFO: [Synth 8-256] done synthesizing module 'fm_demod_struct' (25#1) [c:/Users/fmabrouk/Documents/SysGen_FMdemod/ip_catalog/fm_demod.srcs/sources_1/bd/fm_demod_bd/ipshared/e04b/hdl/fm_demod.vhd:16]
INFO: [Synth 8-256] done synthesizing module 'fm_demod' (26#1) [c:/Users/fmabrouk/Documents/SysGen_FMdemod/ip_catalog/fm_demod.srcs/sources_1/bd/fm_demod_bd/ipshared/e04b/hdl/fm_demod.vhd:286]
INFO: [Synth 8-256] done synthesizing module 'fm_demod_bd_fm_demod_1_0' (27#1) [c:/Users/fmabrouk/Documents/SysGen_FMdemod/ip_catalog/fm_demod.srcs/sources_1/bd/fm_demod_bd/ip/fm_demod_bd_fm_demod_1_0/synth/fm_demod_bd_fm_demod_1_0.vhd:69]
WARNING: [Synth 8-3331] design sysgen_scale_63ed8af845 has unconnected port clk
WARNING: [Synth 8-3331] design sysgen_scale_63ed8af845 has unconnected port ce
WARNING: [Synth 8-3331] design sysgen_scale_63ed8af845 has unconnected port clr
WARNING: [Synth 8-3331] design delay_line__parameterized5 has unconnected port CLK
WARNING: [Synth 8-3331] design delay_line__parameterized5 has unconnected port CE
WARNING: [Synth 8-3331] design delay_line__parameterized5 has unconnected port SCLR
WARNING: [Synth 8-3331] design delay_line__parameterized2 has unconnected port CLK
WARNING: [Synth 8-3331] design delay_line__parameterized2 has unconnected port CE
WARNING: [Synth 8-3331] design delay_line__parameterized2 has unconnected port SCLR
WARNING: [Synth 8-3331] design delay_line__parameterized0 has unconnected port CLK
WARNING: [Synth 8-3331] design delay_line__parameterized0 has unconnected port CE
WARNING: [Synth 8-3331] design delay_line__parameterized0 has unconnected port SCLR
WARNING: [Synth 8-3331] design delay_line has unconnected port CLK
WARNING: [Synth 8-3331] design delay_line has unconnected port CE
WARNING: [Synth 8-3331] design delay_line has unconnected port SCLR
WARNING: [Synth 8-3331] design delay_line__parameterized1 has unconnected port CLK
WARNING: [Synth 8-3331] design delay_line__parameterized1 has unconnected port CE
WARNING: [Synth 8-3331] design delay_line__parameterized1 has unconnected port SCLR
WARNING: [Synth 8-3331] design dsp__parameterized0 has unconnected port D_PORT[24]
WARNING: [Synth 8-3331] design dsp__parameterized0 has unconnected port D_PORT[23]
WARNING: [Synth 8-3331] design dsp__parameterized0 has unconnected port D_PORT[22]
WARNING: [Synth 8-3331] design dsp__parameterized0 has unconnected port D_PORT[21]
WARNING: [Synth 8-3331] design dsp__parameterized0 has unconnected port D_PORT[20]
WARNING: [Synth 8-3331] design dsp__parameterized0 has unconnected port D_PORT[19]
WARNING: [Synth 8-3331] design dsp__parameterized0 has unconnected port D_PORT[18]
WARNING: [Synth 8-3331] design dsp__parameterized0 has unconnected port D_PORT[17]
WARNING: [Synth 8-3331] design dsp__parameterized0 has unconnected port D_PORT[16]
WARNING: [Synth 8-3331] design dsp__parameterized0 has unconnected port D_PORT[15]
WARNING: [Synth 8-3331] design dsp__parameterized0 has unconnected port D_PORT[14]
WARNING: [Synth 8-3331] design dsp__parameterized0 has unconnected port D_PORT[13]
WARNING: [Synth 8-3331] design dsp__parameterized0 has unconnected port D_PORT[12]
WARNING: [Synth 8-3331] design dsp__parameterized0 has unconnected port D_PORT[11]
WARNING: [Synth 8-3331] design dsp__parameterized0 has unconnected port D_PORT[10]
WARNING: [Synth 8-3331] design dsp__parameterized0 has unconnected port D_PORT[9]
WARNING: [Synth 8-3331] design dsp__parameterized0 has unconnected port D_PORT[8]
WARNING: [Synth 8-3331] design dsp__parameterized0 has unconnected port D_PORT[7]
WARNING: [Synth 8-3331] design dsp__parameterized0 has unconnected port D_PORT[6]
WARNING: [Synth 8-3331] design dsp__parameterized0 has unconnected port D_PORT[5]
WARNING: [Synth 8-3331] design dsp__parameterized0 has unconnected port D_PORT[4]
WARNING: [Synth 8-3331] design dsp__parameterized0 has unconnected port D_PORT[3]
WARNING: [Synth 8-3331] design dsp__parameterized0 has unconnected port D_PORT[2]
WARNING: [Synth 8-3331] design dsp__parameterized0 has unconnected port D_PORT[1]
WARNING: [Synth 8-3331] design dsp__parameterized0 has unconnected port D_PORT[0]
WARNING: [Synth 8-3331] design dsp__parameterized0 has unconnected port CARRY_IN
WARNING: [Synth 8-3331] design fm_demod_xlmult__parameterized0 has unconnected port core_ce
WARNING: [Synth 8-3331] design fm_demod_xlmult__parameterized0 has unconnected port core_clr
WARNING: [Synth 8-3331] design fm_demod_xlmult__parameterized0 has unconnected port core_clk
WARNING: [Synth 8-3331] design dsp has unconnected port D_PORT[24]
WARNING: [Synth 8-3331] design dsp has unconnected port D_PORT[23]
WARNING: [Synth 8-3331] design dsp has unconnected port D_PORT[22]
WARNING: [Synth 8-3331] design dsp has unconnected port D_PORT[21]
WARNING: [Synth 8-3331] design dsp has unconnected port D_PORT[20]
WARNING: [Synth 8-3331] design dsp has unconnected port D_PORT[19]
WARNING: [Synth 8-3331] design dsp has unconnected port D_PORT[18]
WARNING: [Synth 8-3331] design dsp has unconnected port D_PORT[17]
WARNING: [Synth 8-3331] design dsp has unconnected port D_PORT[16]
WARNING: [Synth 8-3331] design dsp has unconnected port D_PORT[15]
WARNING: [Synth 8-3331] design dsp has unconnected port D_PORT[14]
WARNING: [Synth 8-3331] design dsp has unconnected port D_PORT[13]
WARNING: [Synth 8-3331] design dsp has unconnected port D_PORT[12]
WARNING: [Synth 8-3331] design dsp has unconnected port D_PORT[11]
WARNING: [Synth 8-3331] design dsp has unconnected port D_PORT[10]
WARNING: [Synth 8-3331] design dsp has unconnected port D_PORT[9]
WARNING: [Synth 8-3331] design dsp has unconnected port D_PORT[8]
WARNING: [Synth 8-3331] design dsp has unconnected port D_PORT[7]
WARNING: [Synth 8-3331] design dsp has unconnected port D_PORT[6]
WARNING: [Synth 8-3331] design dsp has unconnected port D_PORT[5]
WARNING: [Synth 8-3331] design dsp has unconnected port D_PORT[4]
WARNING: [Synth 8-3331] design dsp has unconnected port D_PORT[3]
WARNING: [Synth 8-3331] design dsp has unconnected port D_PORT[2]
WARNING: [Synth 8-3331] design dsp has unconnected port D_PORT[1]
WARNING: [Synth 8-3331] design dsp has unconnected port D_PORT[0]
WARNING: [Synth 8-3331] design dsp has unconnected port CARRY_IN
WARNING: [Synth 8-3331] design fm_demod_xlmult has unconnected port core_ce
WARNING: [Synth 8-3331] design fm_demod_xlmult has unconnected port core_clr
WARNING: [Synth 8-3331] design fm_demod_xlmult has unconnected port core_clk
WARNING: [Synth 8-3331] design sysgen_delay_c61d9fe0cc has unconnected port clr
WARNING: [Synth 8-3331] design c_reg_fd_v12_0_5_viv__parameterized1 has unconnected port AINIT
WARNING: [Synth 8-3331] design c_reg_fd_v12_0_5_viv__parameterized1 has unconnected port ACLR
WARNING: [Synth 8-3331] design c_reg_fd_v12_0_5_viv__parameterized1 has unconnected port ASET
WARNING: [Synth 8-3331] design c_reg_fd_v12_0_5_viv__parameterized1 has unconnected port SINIT
WARNING: [Synth 8-3331] design c_reg_fd_v12_0_5_viv__parameterized1 has unconnected port SCLR
WARNING: [Synth 8-3331] design c_reg_fd_v12_0_5_viv__parameterized1 has unconnected port SSET
WARNING: [Synth 8-3331] design c_addsub_v12_0_12_lut6_legacy__parameterized1 has unconnected port add
WARNING: [Synth 8-3331] design c_addsub_v12_0_12_lut6_legacy__parameterized1 has unconnected port c_in
WARNING: [Synth 8-3331] design c_addsub_v12_0_12_lut6_legacy__parameterized1 has unconnected port bypass
WARNING: [Synth 8-3331] design c_addsub_v12_0_12_lut6_legacy__parameterized1 has unconnected port sclr
WARNING: [Synth 8-3331] design c_addsub_v12_0_12_lut6_legacy__parameterized1 has unconnected port sset
WARNING: [Synth 8-3331] design c_addsub_v12_0_12_lut6_legacy__parameterized1 has unconnected port sinit
WARNING: [Synth 8-3331] design c_addsub_v12_0_12_legacy__parameterized1 has unconnected port c_in
WARNING: [Synth 8-3331] design c_addsub_v12_0_12_legacy__parameterized1 has unconnected port b_in
WARNING: [Synth 8-3331] design c_addsub_v12_0_12_legacy__parameterized1 has unconnected port a_signed
WARNING: [Synth 8-3331] design c_addsub_v12_0_12_legacy__parameterized1 has unconnected port b_signed
WARNING: [Synth 8-3331] design c_addsub_v12_0_12_viv__parameterized1 has unconnected port C_IN
WARNING: [Synth 8-3331] design fm_demod_xladdsub__parameterized0 has unconnected port c_in[0]
WARNING: [Synth 8-3331] design fm_demod_xladdsub__parameterized0 has unconnected port clr
WARNING: [Synth 8-3331] design fm_demod_xladdsub__parameterized0 has unconnected port rst[0]
WARNING: [Synth 8-3331] design c_reg_fd_v12_0_5_viv has unconnected port AINIT
WARNING: [Synth 8-3331] design c_reg_fd_v12_0_5_viv has unconnected port ACLR
WARNING: [Synth 8-3331] design c_reg_fd_v12_0_5_viv has unconnected port ASET
INFO: [Common 17-14] Message 'Synth 8-3331' appears 100 times and further instances of the messages will be disabled. Use the Tcl command set_msg_config to change the current settings.
---------------------------------------------------------------------------------
Finished RTL Elaboration : Time (s): cpu = 00:00:15 ; elapsed = 00:00:17 . Memory (MB): peak = 564.770 ; gain = 233.852
---------------------------------------------------------------------------------

Report Check Netlist: 
+------+------------------+-------+---------+-------+------------------+
|      |Item              |Errors |Warnings |Status |Description       |
+------+------------------+-------+---------+-------+------------------+
|1     |multi_driven_nets |      0|        0|Passed |Multi driven nets |
+------+------------------+-------+---------+-------+------------------+
---------------------------------------------------------------------------------
Start Handling Custom Attributes
---------------------------------------------------------------------------------
---------------------------------------------------------------------------------
Finished Handling Custom Attributes : Time (s): cpu = 00:00:15 ; elapsed = 00:00:17 . Memory (MB): peak = 564.770 ; gain = 233.852
---------------------------------------------------------------------------------
---------------------------------------------------------------------------------
Finished RTL Optimization Phase 1 : Time (s): cpu = 00:00:15 ; elapsed = 00:00:17 . Memory (MB): peak = 564.770 ; gain = 233.852
---------------------------------------------------------------------------------
INFO: [Netlist 29-17] Analyzing 279 Unisim elements for replacement
INFO: [Netlist 29-28] Unisim Transformation completed in 0 CPU seconds
INFO: [Device 21-403] Loading part xc7s50csga324-2
INFO: [Project 1-570] Preparing netlist for logic optimization

Processing XDC Constraints
Initializing timing engine
Parsing XDC File [c:/Users/fmabrouk/Documents/SysGen_FMdemod/ip_catalog/fm_demod.srcs/sources_1/bd/fm_demod_bd/ip/fm_demod_bd_fm_demod_1_0/constrs/fm_demod.xdc] for cell 'U0'
Finished Parsing XDC File [c:/Users/fmabrouk/Documents/SysGen_FMdemod/ip_catalog/fm_demod.srcs/sources_1/bd/fm_demod_bd/ip/fm_demod_bd_fm_demod_1_0/constrs/fm_demod.xdc] for cell 'U0'
Parsing XDC File [C:/Users/fmabrouk/Documents/SysGen_FMdemod/ip_catalog/fm_demod.runs/fm_demod_bd_fm_demod_1_0_synth_1/dont_touch.xdc]
Finished Parsing XDC File [C:/Users/fmabrouk/Documents/SysGen_FMdemod/ip_catalog/fm_demod.runs/fm_demod_bd_fm_demod_1_0_synth_1/dont_touch.xdc]
Completed Processing XDC Constraints

Netlist sorting complete. Time (s): cpu = 00:00:00 ; elapsed = 00:00:00.008 . Memory (MB): peak = 861.668 ; gain = 0.000
INFO: [Project 1-111] Unisim Transformation Summary:
No Unisim elements were transformed.

Netlist sorting complete. Time (s): cpu = 00:00:00 ; elapsed = 00:00:00.008 . Memory (MB): peak = 861.668 ; gain = 0.000
Constraint Validation Runtime : Time (s): cpu = 00:00:00 ; elapsed = 00:00:00.461 . Memory (MB): peak = 870.152 ; gain = 8.484
---------------------------------------------------------------------------------
Finished Constraint Validation : Time (s): cpu = 00:00:28 ; elapsed = 00:00:32 . Memory (MB): peak = 870.152 ; gain = 539.234
---------------------------------------------------------------------------------
---------------------------------------------------------------------------------
Start Loading Part and Timing Information
---------------------------------------------------------------------------------
Loading part: xc7s50csga324-2
---------------------------------------------------------------------------------
Finished Loading Part and Timing Information : Time (s): cpu = 00:00:28 ; elapsed = 00:00:32 . Memory (MB): peak = 870.152 ; gain = 539.234
---------------------------------------------------------------------------------
---------------------------------------------------------------------------------
Start Applying 'set_property' XDC Constraints
---------------------------------------------------------------------------------
Applied set_property DONT_TOUCH = true for U0. (constraint file  C:/Users/fmabrouk/Documents/SysGen_FMdemod/ip_catalog/fm_demod.runs/fm_demod_bd_fm_demod_1_0_synth_1/dont_touch.xdc, line 21).
Applied set_property DONT_TOUCH = true for U0/fm_demod_struct/addsub/\comp0.core_instance0 . (constraint file  auto generated constraint, line ).
Applied set_property DONT_TOUCH = true for U0/fm_demod_struct/addsub1/\comp0.core_instance0 . (constraint file  auto generated constraint, line ).
Applied set_property DONT_TOUCH = true for U0/fm_demod_struct/addsub2/\comp1.core_instance1 . (constraint file  auto generated constraint, line ).
Applied set_property DONT_TOUCH = true for U0/fm_demod_struct/mult3/\comp0.core_instance0 . (constraint file  auto generated constraint, line ).
Applied set_property DONT_TOUCH = true for U0/fm_demod_struct/mult4/\comp1.core_instance1 . (constraint file  auto generated constraint, line ).
---------------------------------------------------------------------------------
Finished applying 'set_property' XDC Constraints : Time (s): cpu = 00:00:28 ; elapsed = 00:00:32 . Memory (MB): peak = 870.152 ; gain = 539.234
---------------------------------------------------------------------------------
---------------------------------------------------------------------------------
Finished RTL Optimization Phase 2 : Time (s): cpu = 00:00:34 ; elapsed = 00:00:38 . Memory (MB): peak = 870.152 ; gain = 539.234
---------------------------------------------------------------------------------

Report RTL Partitions: 
+-+--------------+------------+----------+
| |RTL Partition |Replication |Instances |
+-+--------------+------------+----------+
+-+--------------+------------+----------+
---------------------------------------------------------------------------------
Start RTL Component Statistics 
---------------------------------------------------------------------------------
---------------------------------------------------------------------------------
Finished RTL Component Statistics 
---------------------------------------------------------------------------------
---------------------------------------------------------------------------------
Start RTL Hierarchical Component Statistics 
---------------------------------------------------------------------------------
---------------------------------------------------------------------------------
Finished RTL Hierarchical Component Statistics
---------------------------------------------------------------------------------
---------------------------------------------------------------------------------
Start Part Resource Summary
---------------------------------------------------------------------------------
Part Resources:
DSPs: 120 (col length:60)
BRAMs: 150 (col length: RAMB18 60 RAMB36 30)
---------------------------------------------------------------------------------
Finished Part Resource Summary
---------------------------------------------------------------------------------
---------------------------------------------------------------------------------
Start Cross Boundary and Area Optimization
---------------------------------------------------------------------------------
Warning: Parallel synthesis criteria is not met 
WARNING: [Synth 8-3332] Sequential element (fm_demod_default_clock_driver/clockdriver/clr_reg/latency_gt_0.fd_array[1].reg_comp/fd_prim_array[0].bit_is_0.fdre_comp) is unused and will be removed from module fm_demod.
INFO: [Synth 8-3333] propagating constant 0 across sequential element (U0/\fm_demod_struct/mult3/comp0.core_instance0 /U0/i_mult/\gDSP.gDSP_only.iDSP/use_prim.appDSP48[0].bppDSP48[1].use_subtract_delay.subtract_delay/d1.dout_i_reg[0] )
INFO: [Synth 8-3333] propagating constant 0 across sequential element (U0/\fm_demod_struct/mult4/comp1.core_instance1 /U0/i_mult/\gDSP.gDSP_only.iDSP/use_prim.appDSP48[0].bppDSP48[1].use_subtract_delay.subtract_delay/d1.dout_i_reg[0] )
---------------------------------------------------------------------------------
Finished Cross Boundary and Area Optimization : Time (s): cpu = 00:00:48 ; elapsed = 00:00:53 . Memory (MB): peak = 870.152 ; gain = 539.234
---------------------------------------------------------------------------------

Report RTL Partitions: 
+-+--------------+------------+----------+
| |RTL Partition |Replication |Instances |
+-+--------------+------------+----------+
+-+--------------+------------+----------+
---------------------------------------------------------------------------------
Start Applying XDC Timing Constraints
---------------------------------------------------------------------------------
---------------------------------------------------------------------------------
Finished Applying XDC Timing Constraints : Time (s): cpu = 00:01:03 ; elapsed = 00:01:08 . Memory (MB): peak = 908.777 ; gain = 577.859
---------------------------------------------------------------------------------
---------------------------------------------------------------------------------
Start Timing Optimization
---------------------------------------------------------------------------------
---------------------------------------------------------------------------------
Finished Timing Optimization : Time (s): cpu = 00:01:05 ; elapsed = 00:01:09 . Memory (MB): peak = 920.156 ; gain = 589.238
---------------------------------------------------------------------------------

Report RTL Partitions: 
+-+--------------+------------+----------+
| |RTL Partition |Replication |Instances |
+-+--------------+------------+----------+
+-+--------------+------------+----------+
---------------------------------------------------------------------------------
Start Technology Mapping
---------------------------------------------------------------------------------
---------------------------------------------------------------------------------
Finished Technology Mapping : Time (s): cpu = 00:01:07 ; elapsed = 00:01:12 . Memory (MB): peak = 946.504 ; gain = 615.586
---------------------------------------------------------------------------------

Report RTL Partitions: 
+-+--------------+------------+----------+
| |RTL Partition |Replication |Instances |
+-+--------------+------------+----------+
+-+--------------+------------+----------+
---------------------------------------------------------------------------------
Start IO Insertion
---------------------------------------------------------------------------------
---------------------------------------------------------------------------------
Start Flattening Before IO Insertion
---------------------------------------------------------------------------------
---------------------------------------------------------------------------------
Finished Flattening Before IO Insertion
---------------------------------------------------------------------------------
---------------------------------------------------------------------------------
Start Final Netlist Cleanup
---------------------------------------------------------------------------------
---------------------------------------------------------------------------------
Finished Final Netlist Cleanup
---------------------------------------------------------------------------------
---------------------------------------------------------------------------------
Finished IO Insertion : Time (s): cpu = 00:01:08 ; elapsed = 00:01:13 . Memory (MB): peak = 946.504 ; gain = 615.586
---------------------------------------------------------------------------------

Report Check Netlist: 
+------+------------------+-------+---------+-------+------------------+
|      |Item              |Errors |Warnings |Status |Description       |
+------+------------------+-------+---------+-------+------------------+
|1     |multi_driven_nets |      0|        0|Passed |Multi driven nets |
+------+------------------+-------+---------+-------+------------------+
---------------------------------------------------------------------------------
Start Renaming Generated Instances
---------------------------------------------------------------------------------
---------------------------------------------------------------------------------
Finished Renaming Generated Instances : Time (s): cpu = 00:01:08 ; elapsed = 00:01:13 . Memory (MB): peak = 946.504 ; gain = 615.586
---------------------------------------------------------------------------------

Report RTL Partitions: 
+-+--------------+------------+----------+
| |RTL Partition |Replication |Instances |
+-+--------------+------------+----------+
+-+--------------+------------+----------+
---------------------------------------------------------------------------------
Start Rebuilding User Hierarchy
---------------------------------------------------------------------------------
---------------------------------------------------------------------------------
Finished Rebuilding User Hierarchy : Time (s): cpu = 00:01:08 ; elapsed = 00:01:13 . Memory (MB): peak = 946.504 ; gain = 615.586
---------------------------------------------------------------------------------
---------------------------------------------------------------------------------
Start Renaming Generated Ports
---------------------------------------------------------------------------------
---------------------------------------------------------------------------------
Finished Renaming Generated Ports : Time (s): cpu = 00:01:08 ; elapsed = 00:01:13 . Memory (MB): peak = 946.504 ; gain = 615.586
---------------------------------------------------------------------------------
---------------------------------------------------------------------------------
Start Handling Custom Attributes
---------------------------------------------------------------------------------
---------------------------------------------------------------------------------
Finished Handling Custom Attributes : Time (s): cpu = 00:01:09 ; elapsed = 00:01:13 . Memory (MB): peak = 946.504 ; gain = 615.586
---------------------------------------------------------------------------------
---------------------------------------------------------------------------------
Start Renaming Generated Nets
---------------------------------------------------------------------------------
---------------------------------------------------------------------------------
Finished Renaming Generated Nets : Time (s): cpu = 00:01:09 ; elapsed = 00:01:13 . Memory (MB): peak = 946.504 ; gain = 615.586
---------------------------------------------------------------------------------
---------------------------------------------------------------------------------
Start Writing Synthesis Report
---------------------------------------------------------------------------------

Report BlackBoxes: 
+-+--------------+----------+
| |BlackBox name |Instances |
+-+--------------+----------+
+-+--------------+----------+

Report Cell Usage: 
+------+----------+------+
|      |Cell      |Count |
+------+----------+------+
|1     |DSP48E1   |     2|
|2     |DSP48E1_1 |     2|
|3     |DSP48E1_2 |     2|
|4     |DSP48E1_3 |     2|
|5     |LUT2      |   139|
|6     |MUXCY     |   134|
|7     |SRLC32E   |  1056|
|8     |XORCY     |   137|
|9     |FDRE      |   332|
|10    |FDSE      |     7|
+------+----------+------+
---------------------------------------------------------------------------------
Finished Writing Synthesis Report : Time (s): cpu = 00:01:09 ; elapsed = 00:01:13 . Memory (MB): peak = 946.504 ; gain = 615.586
---------------------------------------------------------------------------------
Synthesis finished with 0 errors, 0 critical warnings and 13 warnings.
Synthesis Optimization Runtime : Time (s): cpu = 00:00:44 ; elapsed = 00:01:03 . Memory (MB): peak = 946.504 ; gain = 310.203
Synthesis Optimization Complete : Time (s): cpu = 00:01:09 ; elapsed = 00:01:14 . Memory (MB): peak = 946.504 ; gain = 615.586
INFO: [Project 1-571] Translating synthesized netlist
INFO: [Netlist 29-17] Analyzing 279 Unisim elements for replacement
INFO: [Netlist 29-28] Unisim Transformation completed in 0 CPU seconds
INFO: [Project 1-570] Preparing netlist for logic optimization
INFO: [Opt 31-138] Pushed 0 inverter(s) to 0 load pin(s).
Netlist sorting complete. Time (s): cpu = 00:00:00 ; elapsed = 00:00:00.002 . Memory (MB): peak = 946.504 ; gain = 0.000
INFO: [Project 1-111] Unisim Transformation Summary:
  A total of 36 instances were transformed.
  (MUXCY,XORCY) => CARRY4: 36 instances

INFO: [Common 17-83] Releasing license: Synthesis
141 Infos, 107 Warnings, 0 Critical Warnings and 0 Errors encountered.
synth_design completed successfully
synth_design: Time (s): cpu = 00:01:12 ; elapsed = 00:01:17 . Memory (MB): peak = 946.504 ; gain = 627.527
Netlist sorting complete. Time (s): cpu = 00:00:00 ; elapsed = 00:00:00.001 . Memory (MB): peak = 946.504 ; gain = 0.000
WARNING: [Constraints 18-5210] No constraints selected for write.
Resolution: This message can indicate that there are no constraints for the design, or it can indicate that the used_in flags are set such that the constraints are ignored. This later case is used when running synth_design to not write synthesis constraints to the resulting checkpoint. Instead, project constraints are read when the synthesized design is opened.
INFO: [Common 17-1381] The checkpoint 'C:/Users/fmabrouk/Documents/SysGen_FMdemod/ip_catalog/fm_demod.runs/fm_demod_bd_fm_demod_1_0_synth_1/fm_demod_bd_fm_demod_1_0.dcp' has been generated.
INFO: [Coretcl 2-1648] Added synthesis output to IP cache for IP fm_demod_bd_fm_demod_1_0, cache-ID = 221939d9cb5e5f0d
INFO: [Coretcl 2-1174] Renamed 45 cell refs.
Netlist sorting complete. Time (s): cpu = 00:00:00 ; elapsed = 00:00:00 . Memory (MB): peak = 946.504 ; gain = 0.000
WARNING: [Constraints 18-5210] No constraints selected for write.
Resolution: This message can indicate that there are no constraints for the design, or it can indicate that the used_in flags are set such that the constraints are ignored. This later case is used when running synth_design to not write synthesis constraints to the resulting checkpoint. Instead, project constraints are read when the synthesized design is opened.
INFO: [Common 17-1381] The checkpoint 'C:/Users/fmabrouk/Documents/SysGen_FMdemod/ip_catalog/fm_demod.runs/fm_demod_bd_fm_demod_1_0_synth_1/fm_demod_bd_fm_demod_1_0.dcp' has been generated.
INFO: [runtcl-4] Executing : report_utilization -file fm_demod_bd_fm_demod_1_0_utilization_synth.rpt -pb fm_demod_bd_fm_demod_1_0_utilization_synth.pb
INFO: [Common 17-206] Exiting Vivado at Wed Mar 25 23:36:26 2026...
