
*** Running vivado
    with args -log iq_fir_bd_wrapper.vds -m64 -product Vivado -mode batch -messageDb vivado.pb -notrace -source iq_fir_bd_wrapper.tcl


****** Vivado v2018.3 (64-bit)
  **** SW Build 2405991 on Thu Dec  6 23:38:27 MST 2018
  **** IP Build 2404404 on Fri Dec  7 01:43:56 MST 2018
    ** Copyright 1986-2018 Xilinx, Inc. All Rights Reserved.

source iq_fir_bd_wrapper.tcl -notrace
INFO: [IP_Flow 19-234] Refreshing IP repositories
INFO: [IP_Flow 19-1700] Loaded user IP repository 'c:/Users/fmabrouk/Documents/SysGen_FMdemod/FIRs/ip'.
WARNING: [IP_Flow 19-3656] If you move the project, the path for repository 'c:/Users/fmabrouk/Documents/SysGen_FMdemod/FIRs/ip' may become invalid. A better location for the repository would be in a path adjacent to the project. (Current project location is 'c:/Users/fmabrouk/Documents/SysGen_FMdemod/FIRs/ip_catalog/iq_fir.runs/synth_1'.)
INFO: [IP_Flow 19-2313] Loaded Vivado IP repository 'C:/Xilinx/Vivado/2018.3/data/ip'.
Command: synth_design -top iq_fir_bd_wrapper -part xc7s50csga324-2 -mode out_of_context
Starting synth_design
Attempting to get a license for feature 'Synthesis' and/or device 'xc7s50'
INFO: [Common 17-349] Got license for feature 'Synthesis' and/or device 'xc7s50'
INFO: Launching helper process for spawning children vivado processes
INFO: Helper process launched with PID 2716 
---------------------------------------------------------------------------------
Starting RTL Elaboration : Time (s): cpu = 00:00:03 ; elapsed = 00:00:03 . Memory (MB): peak = 431.961 ; gain = 101.395
---------------------------------------------------------------------------------
INFO: [Synth 8-638] synthesizing module 'iq_fir_bd_wrapper' [C:/Users/fmabrouk/Documents/SysGen_FMdemod/FIRs/ip_catalog/iq_fir.srcs/sources_1/imports/hdl/iq_fir_bd_wrapper.vhd:28]
INFO: [Synth 8-3491] module 'iq_fir_bd' declared at 'C:/Users/fmabrouk/Documents/SysGen_FMdemod/FIRs/ip_catalog/iq_fir.srcs/sources_1/bd/iq_fir_bd/synth/iq_fir_bd.vhd:14' bound to instance 'iq_fir_bd_i' of component 'iq_fir_bd' [C:/Users/fmabrouk/Documents/SysGen_FMdemod/FIRs/ip_catalog/iq_fir.srcs/sources_1/imports/hdl/iq_fir_bd_wrapper.vhd:43]
INFO: [Synth 8-638] synthesizing module 'iq_fir_bd' [C:/Users/fmabrouk/Documents/SysGen_FMdemod/FIRs/ip_catalog/iq_fir.srcs/sources_1/bd/iq_fir_bd/synth/iq_fir_bd.vhd:32]
INFO: [Synth 8-3491] module 'iq_fir_bd_iq_fir_1_0' declared at 'C:/Users/fmabrouk/Documents/SysGen_FMdemod/FIRs/ip_catalog/iq_fir.runs/synth_1/.Xil/Vivado-11436-lvanoffice-208/realtime/iq_fir_bd_iq_fir_1_0_stub.vhdl:5' bound to instance 'iq_fir_1' of component 'iq_fir_bd_iq_fir_1_0' [C:/Users/fmabrouk/Documents/SysGen_FMdemod/FIRs/ip_catalog/iq_fir.srcs/sources_1/bd/iq_fir_bd/synth/iq_fir_bd.vhd:84]
INFO: [Synth 8-638] synthesizing module 'iq_fir_bd_iq_fir_1_0' [C:/Users/fmabrouk/Documents/SysGen_FMdemod/FIRs/ip_catalog/iq_fir.runs/synth_1/.Xil/Vivado-11436-lvanoffice-208/realtime/iq_fir_bd_iq_fir_1_0_stub.vhdl:20]
INFO: [Synth 8-256] done synthesizing module 'iq_fir_bd' (1#1) [C:/Users/fmabrouk/Documents/SysGen_FMdemod/FIRs/ip_catalog/iq_fir.srcs/sources_1/bd/iq_fir_bd/synth/iq_fir_bd.vhd:32]
INFO: [Synth 8-256] done synthesizing module 'iq_fir_bd_wrapper' (2#1) [C:/Users/fmabrouk/Documents/SysGen_FMdemod/FIRs/ip_catalog/iq_fir.srcs/sources_1/imports/hdl/iq_fir_bd_wrapper.vhd:28]
---------------------------------------------------------------------------------
Finished RTL Elaboration : Time (s): cpu = 00:00:04 ; elapsed = 00:00:04 . Memory (MB): peak = 488.543 ; gain = 157.977
---------------------------------------------------------------------------------

Report Check Netlist: 
+------+------------------+-------+---------+-------+------------------+
|      |Item              |Errors |Warnings |Status |Description       |
+------+------------------+-------+---------+-------+------------------+
|1     |multi_driven_nets |      0|        0|Passed |Multi driven nets |
+------+------------------+-------+---------+-------+------------------+
---------------------------------------------------------------------------------
Start Handling Custom Attributes
---------------------------------------------------------------------------------
---------------------------------------------------------------------------------
Finished Handling Custom Attributes : Time (s): cpu = 00:00:04 ; elapsed = 00:00:04 . Memory (MB): peak = 488.543 ; gain = 157.977
---------------------------------------------------------------------------------
---------------------------------------------------------------------------------
Finished RTL Optimization Phase 1 : Time (s): cpu = 00:00:04 ; elapsed = 00:00:04 . Memory (MB): peak = 488.543 ; gain = 157.977
---------------------------------------------------------------------------------
INFO: [Device 21-403] Loading part xc7s50csga324-2
INFO: [Project 1-570] Preparing netlist for logic optimization

Processing XDC Constraints
Initializing timing engine
Parsing XDC File [c:/Users/fmabrouk/Documents/SysGen_FMdemod/FIRs/ip_catalog/iq_fir.srcs/sources_1/bd/iq_fir_bd/ip/iq_fir_bd_iq_fir_1_0/iq_fir_bd_iq_fir_1_0/iq_fir_bd_iq_fir_1_0_in_context.xdc] for cell 'iq_fir_bd_i/iq_fir_1'
Finished Parsing XDC File [c:/Users/fmabrouk/Documents/SysGen_FMdemod/FIRs/ip_catalog/iq_fir.srcs/sources_1/bd/iq_fir_bd/ip/iq_fir_bd_iq_fir_1_0/iq_fir_bd_iq_fir_1_0/iq_fir_bd_iq_fir_1_0_in_context.xdc] for cell 'iq_fir_bd_i/iq_fir_1'
Parsing XDC File [C:/Users/fmabrouk/Documents/SysGen_FMdemod/FIRs/ip_catalog/iq_fir.srcs/constrs_1/imports/sysgen/iq_fir_clock.xdc]
Finished Parsing XDC File [C:/Users/fmabrouk/Documents/SysGen_FMdemod/FIRs/ip_catalog/iq_fir.srcs/constrs_1/imports/sysgen/iq_fir_clock.xdc]
Parsing XDC File [C:/Users/fmabrouk/Documents/SysGen_FMdemod/FIRs/ip_catalog/iq_fir.srcs/constrs_1/imports/sysgen/iq_fir.xdc]
Finished Parsing XDC File [C:/Users/fmabrouk/Documents/SysGen_FMdemod/FIRs/ip_catalog/iq_fir.srcs/constrs_1/imports/sysgen/iq_fir.xdc]
Parsing XDC File [C:/Users/fmabrouk/Documents/SysGen_FMdemod/FIRs/ip_catalog/iq_fir.runs/synth_1/dont_touch.xdc]
Finished Parsing XDC File [C:/Users/fmabrouk/Documents/SysGen_FMdemod/FIRs/ip_catalog/iq_fir.runs/synth_1/dont_touch.xdc]
Completed Processing XDC Constraints

Netlist sorting complete. Time (s): cpu = 00:00:00 ; elapsed = 00:00:00 . Memory (MB): peak = 724.078 ; gain = 0.000
INFO: [Project 1-111] Unisim Transformation Summary:
No Unisim elements were transformed.

Netlist sorting complete. Time (s): cpu = 00:00:00 ; elapsed = 00:00:00 . Memory (MB): peak = 724.078 ; gain = 0.000
Constraint Validation Runtime : Time (s): cpu = 00:00:00 ; elapsed = 00:00:00.027 . Memory (MB): peak = 725.531 ; gain = 1.453
---------------------------------------------------------------------------------
Finished Constraint Validation : Time (s): cpu = 00:00:11 ; elapsed = 00:00:14 . Memory (MB): peak = 725.531 ; gain = 394.965
---------------------------------------------------------------------------------
---------------------------------------------------------------------------------
Start Loading Part and Timing Information
---------------------------------------------------------------------------------
Loading part: xc7s50csga324-2
---------------------------------------------------------------------------------
Finished Loading Part and Timing Information : Time (s): cpu = 00:00:11 ; elapsed = 00:00:14 . Memory (MB): peak = 725.531 ; gain = 394.965
---------------------------------------------------------------------------------
---------------------------------------------------------------------------------
Start Applying 'set_property' XDC Constraints
---------------------------------------------------------------------------------
Applied set_property DONT_TOUCH = true for iq_fir_bd_i. (constraint file  auto generated constraint, line ).
Applied set_property DONT_TOUCH = true for iq_fir_bd_i/iq_fir_1. (constraint file  auto generated constraint, line ).
---------------------------------------------------------------------------------
Finished applying 'set_property' XDC Constraints : Time (s): cpu = 00:00:11 ; elapsed = 00:00:14 . Memory (MB): peak = 725.531 ; gain = 394.965
---------------------------------------------------------------------------------
---------------------------------------------------------------------------------
Finished RTL Optimization Phase 2 : Time (s): cpu = 00:00:11 ; elapsed = 00:00:14 . Memory (MB): peak = 725.531 ; gain = 394.965
---------------------------------------------------------------------------------

Report RTL Partitions: 
+-+--------------+------------+----------+
| |RTL Partition |Replication |Instances |
+-+--------------+------------+----------+
+-+--------------+------------+----------+
---------------------------------------------------------------------------------
Start RTL Component Statistics 
---------------------------------------------------------------------------------
Detailed RTL Component Info : 
---------------------------------------------------------------------------------
Finished RTL Component Statistics 
---------------------------------------------------------------------------------
---------------------------------------------------------------------------------
Start RTL Hierarchical Component Statistics 
---------------------------------------------------------------------------------
Hierarchical RTL Component report 
---------------------------------------------------------------------------------
Finished RTL Hierarchical Component Statistics
---------------------------------------------------------------------------------
---------------------------------------------------------------------------------
Start Part Resource Summary
---------------------------------------------------------------------------------
Part Resources:
DSPs: 120 (col length:60)
BRAMs: 150 (col length: RAMB18 60 RAMB36 30)
---------------------------------------------------------------------------------
Finished Part Resource Summary
---------------------------------------------------------------------------------
---------------------------------------------------------------------------------
Start Cross Boundary and Area Optimization
---------------------------------------------------------------------------------
Warning: Parallel synthesis criteria is not met 
---------------------------------------------------------------------------------
Finished Cross Boundary and Area Optimization : Time (s): cpu = 00:00:12 ; elapsed = 00:00:14 . Memory (MB): peak = 725.531 ; gain = 394.965
---------------------------------------------------------------------------------

Report RTL Partitions: 
+-+--------------+------------+----------+
| |RTL Partition |Replication |Instances |
+-+--------------+------------+----------+
+-+--------------+------------+----------+
---------------------------------------------------------------------------------
Start Applying XDC Timing Constraints
---------------------------------------------------------------------------------
---------------------------------------------------------------------------------
Finished Applying XDC Timing Constraints : Time (s): cpu = 00:00:22 ; elapsed = 00:00:25 . Memory (MB): peak = 782.250 ; gain = 451.684
---------------------------------------------------------------------------------
---------------------------------------------------------------------------------
Start Timing Optimization
---------------------------------------------------------------------------------
---------------------------------------------------------------------------------
Finished Timing Optimization : Time (s): cpu = 00:00:22 ; elapsed = 00:00:25 . Memory (MB): peak = 782.324 ; gain = 451.758
---------------------------------------------------------------------------------

Report RTL Partitions: 
+-+--------------+------------+----------+
| |RTL Partition |Replication |Instances |
+-+--------------+------------+----------+
+-+--------------+------------+----------+
---------------------------------------------------------------------------------
Start Technology Mapping
---------------------------------------------------------------------------------
---------------------------------------------------------------------------------
Finished Technology Mapping : Time (s): cpu = 00:00:22 ; elapsed = 00:00:25 . Memory (MB): peak = 791.906 ; gain = 461.340
---------------------------------------------------------------------------------

Report RTL Partitions: 
+-+--------------+------------+----------+
| |RTL Partition |Replication |Instances |
+-+--------------+------------+----------+
+-+--------------+------------+----------+
---------------------------------------------------------------------------------
Start IO Insertion
---------------------------------------------------------------------------------
---------------------------------------------------------------------------------
Start Flattening Before IO Insertion
---------------------------------------------------------------------------------
---------------------------------------------------------------------------------
Finished Flattening Before IO Insertion
---------------------------------------------------------------------------------
---------------------------------------------------------------------------------
Start Final Netlist Cleanup
---------------------------------------------------------------------------------
---------------------------------------------------------------------------------
Finished Final Netlist Cleanup
---------------------------------------------------------------------------------
---------------------------------------------------------------------------------
Finished IO Insertion : Time (s): cpu = 00:00:23 ; elapsed = 00:00:26 . Memory (MB): peak = 791.906 ; gain = 461.340
---------------------------------------------------------------------------------

Report Check Netlist: 
+------+------------------+-------+---------+-------+------------------+
|      |Item              |Errors |Warnings |Status |Description       |
+------+------------------+-------+---------+-------+------------------+
|1     |multi_driven_nets |      0|        0|Passed |Multi driven nets |
+------+------------------+-------+---------+-------+------------------+
---------------------------------------------------------------------------------
Start Renaming Generated Instances
---------------------------------------------------------------------------------
---------------------------------------------------------------------------------
Finished Renaming Generated Instances : Time (s): cpu = 00:00:23 ; elapsed = 00:00:26 . Memory (MB): peak = 791.906 ; gain = 461.340
---------------------------------------------------------------------------------

Report RTL Partitions: 
+-+--------------+------------+----------+
| |RTL Partition |Replication |Instances |
+-+--------------+------------+----------+
+-+--------------+------------+----------+
---------------------------------------------------------------------------------
Start Rebuilding User Hierarchy
---------------------------------------------------------------------------------
---------------------------------------------------------------------------------
Finished Rebuilding User Hierarchy : Time (s): cpu = 00:00:23 ; elapsed = 00:00:26 . Memory (MB): peak = 791.906 ; gain = 461.340
---------------------------------------------------------------------------------
---------------------------------------------------------------------------------
Start Renaming Generated Ports
---------------------------------------------------------------------------------
---------------------------------------------------------------------------------
Finished Renaming Generated Ports : Time (s): cpu = 00:00:23 ; elapsed = 00:00:26 . Memory (MB): peak = 791.906 ; gain = 461.340
---------------------------------------------------------------------------------
---------------------------------------------------------------------------------
Start Handling Custom Attributes
---------------------------------------------------------------------------------
---------------------------------------------------------------------------------
Finished Handling Custom Attributes : Time (s): cpu = 00:00:23 ; elapsed = 00:00:26 . Memory (MB): peak = 791.906 ; gain = 461.340
---------------------------------------------------------------------------------
---------------------------------------------------------------------------------
Start Renaming Generated Nets
---------------------------------------------------------------------------------
---------------------------------------------------------------------------------
Finished Renaming Generated Nets : Time (s): cpu = 00:00:23 ; elapsed = 00:00:26 . Memory (MB): peak = 791.906 ; gain = 461.340
---------------------------------------------------------------------------------
---------------------------------------------------------------------------------
Start Writing Synthesis Report
---------------------------------------------------------------------------------

Report BlackBoxes: 
+------+---------------------+----------+
|      |BlackBox name        |Instances |
+------+---------------------+----------+
|1     |iq_fir_bd_iq_fir_1_0 |         1|
+------+---------------------+----------+

Report Cell Usage: 
+------+----------------------------+------+
|      |Cell                        |Count |
+------+----------------------------+------+
|1     |iq_fir_bd_iq_fir_1_0_bbox_0 |     1|
+------+----------------------------+------+

Report Instance Areas: 
+------+--------------+----------+------+
|      |Instance      |Module    |Cells |
+------+--------------+----------+------+
|1     |top           |          |    70|
|2     |  iq_fir_bd_i |iq_fir_bd |    70|
+------+--------------+----------+------+
---------------------------------------------------------------------------------
Finished Writing Synthesis Report : Time (s): cpu = 00:00:23 ; elapsed = 00:00:26 . Memory (MB): peak = 791.906 ; gain = 461.340
---------------------------------------------------------------------------------
Synthesis finished with 0 errors, 0 critical warnings and 0 warnings.
Synthesis Optimization Runtime : Time (s): cpu = 00:00:14 ; elapsed = 00:00:19 . Memory (MB): peak = 791.906 ; gain = 224.352
Synthesis Optimization Complete : Time (s): cpu = 00:00:23 ; elapsed = 00:00:26 . Memory (MB): peak = 791.906 ; gain = 461.340
INFO: [Project 1-571] Translating synthesized netlist
INFO: [Project 1-570] Preparing netlist for logic optimization
INFO: [Opt 31-138] Pushed 0 inverter(s) to 0 load pin(s).
Netlist sorting complete. Time (s): cpu = 00:00:00 ; elapsed = 00:00:00 . Memory (MB): peak = 802.398 ; gain = 0.000
INFO: [Project 1-111] Unisim Transformation Summary:
No Unisim elements were transformed.

INFO: [Common 17-83] Releasing license: Synthesis
19 Infos, 1 Warnings, 0 Critical Warnings and 0 Errors encountered.
synth_design completed successfully
synth_design: Time (s): cpu = 00:00:25 ; elapsed = 00:00:29 . Memory (MB): peak = 802.398 ; gain = 483.832
Netlist sorting complete. Time (s): cpu = 00:00:00 ; elapsed = 00:00:00 . Memory (MB): peak = 802.398 ; gain = 0.000
WARNING: [Constraints 18-5210] No constraints selected for write.
Resolution: This message can indicate that there are no constraints for the design, or it can indicate that the used_in flags are set such that the constraints are ignored. This later case is used when running synth_design to not write synthesis constraints to the resulting checkpoint. Instead, project constraints are read when the synthesized design is opened.
INFO: [Common 17-1381] The checkpoint 'C:/Users/fmabrouk/Documents/SysGen_FMdemod/FIRs/ip_catalog/iq_fir.runs/synth_1/iq_fir_bd_wrapper.dcp' has been generated.
INFO: [runtcl-4] Executing : report_utilization -file iq_fir_bd_wrapper_utilization_synth.rpt -pb iq_fir_bd_wrapper_utilization_synth.pb
INFO: [Common 17-206] Exiting Vivado at Thu Mar 26 00:27:27 2026...
