INFO: [VRFC 10-163] Analyzing VHDL file "C:/Users/fmabrouk/Documents/FPGA/FIR_SysGen/SysGenIP/ip/fm_demod_0/fm_demod_c_addsub_v12_0_i0/sim/fm_demod_c_addsub_v12_0_i0.vhd" into library xil_defaultlib
INFO: [VRFC 10-3107] analyzing entity 'fm_demod_c_addsub_v12_0_i0'
INFO: [VRFC 10-163] Analyzing VHDL file "C:/Users/fmabrouk/Documents/FPGA/FIR_SysGen/SysGenIP/ip/fm_demod_0/fm_demod_c_addsub_v12_0_i1/sim/fm_demod_c_addsub_v12_0_i1.vhd" into library xil_defaultlib
INFO: [VRFC 10-3107] analyzing entity 'fm_demod_c_addsub_v12_0_i1'
INFO: [VRFC 10-163] Analyzing VHDL file "C:/Users/fmabrouk/Documents/FPGA/FIR_SysGen/SysGenIP/ip/fm_demod_0/fm_demod_mult_gen_v12_0_i0/sim/fm_demod_mult_gen_v12_0_i0.vhd" into library xil_defaultlib
INFO: [VRFC 10-3107] analyzing entity 'fm_demod_mult_gen_v12_0_i0'
INFO: [VRFC 10-163] Analyzing VHDL file "C:/Users/fmabrouk/Documents/FPGA/FIR_SysGen/SysGenIP/ip/fm_demod_0/fm_demod_mult_gen_v12_0_i1/sim/fm_demod_mult_gen_v12_0_i1.vhd" into library xil_defaultlib
INFO: [VRFC 10-3107] analyzing entity 'fm_demod_mult_gen_v12_0_i1'
INFO: [VRFC 10-163] Analyzing VHDL file "C:/Users/fmabrouk/Documents/GitHub/FM_Demod_Artys/FM_Demodulation_Arty7S/FM_Demodulation_Arty7S.ip_user_files/ipstatic/xil_defaultlib/hdl/conv_pkg.vhd" into library xil_defaultlib
INFO: [VRFC 10-163] Analyzing VHDL file "C:/Users/fmabrouk/Documents/GitHub/FM_Demod_Artys/FM_Demodulation_Arty7S/FM_Demodulation_Arty7S.ip_user_files/ipstatic/xil_defaultlib/hdl/synth_reg.vhd" into library xil_defaultlib
INFO: [VRFC 10-3107] analyzing entity 'synth_reg'
INFO: [VRFC 10-163] Analyzing VHDL file "C:/Users/fmabrouk/Documents/GitHub/FM_Demod_Artys/FM_Demodulation_Arty7S/FM_Demodulation_Arty7S.ip_user_files/ipstatic/xil_defaultlib/hdl/synth_reg_w_init.vhd" into library xil_defaultlib
INFO: [VRFC 10-3107] analyzing entity 'synth_reg_w_init'
INFO: [VRFC 10-163] Analyzing VHDL file "C:/Users/fmabrouk/Documents/GitHub/FM_Demod_Artys/FM_Demodulation_Arty7S/FM_Demodulation_Arty7S.ip_user_files/ipstatic/xil_defaultlib/hdl/srl17e.vhd" into library xil_defaultlib
INFO: [VRFC 10-3107] analyzing entity 'srl17e'
INFO: [VRFC 10-163] Analyzing VHDL file "C:/Users/fmabrouk/Documents/GitHub/FM_Demod_Artys/FM_Demodulation_Arty7S/FM_Demodulation_Arty7S.ip_user_files/ipstatic/xil_defaultlib/hdl/srl33e.vhd" into library xil_defaultlib
INFO: [VRFC 10-3107] analyzing entity 'srlc33e'
INFO: [VRFC 10-163] Analyzing VHDL file "C:/Users/fmabrouk/Documents/GitHub/FM_Demod_Artys/FM_Demodulation_Arty7S/FM_Demodulation_Arty7S.ip_user_files/ipstatic/xil_defaultlib/hdl/synth_reg_reg.vhd" into library xil_defaultlib
INFO: [VRFC 10-3107] analyzing entity 'synth_reg_reg'
INFO: [VRFC 10-163] Analyzing VHDL file "C:/Users/fmabrouk/Documents/GitHub/FM_Demod_Artys/FM_Demodulation_Arty7S/FM_Demodulation_Arty7S.ip_user_files/ipstatic/xil_defaultlib/hdl/single_reg_w_init.vhd" into library xil_defaultlib
INFO: [VRFC 10-3107] analyzing entity 'single_reg_w_init'
INFO: [VRFC 10-163] Analyzing VHDL file "C:/Users/fmabrouk/Documents/GitHub/FM_Demod_Artys/FM_Demodulation_Arty7S/FM_Demodulation_Arty7S.ip_user_files/ipstatic/xil_defaultlib/hdl/xlclockdriver_rd.vhd" into library xil_defaultlib
INFO: [VRFC 10-3107] analyzing entity 'xlclockdriver'
INFO: [VRFC 10-163] Analyzing VHDL file "C:/Users/fmabrouk/Documents/GitHub/FM_Demod_Artys/FM_Demodulation_Arty7S/FM_Demodulation_Arty7S.ip_user_files/ipstatic/xil_defaultlib/hdl/fm_demod_entity_declarations.vhd" into library xil_defaultlib
INFO: [VRFC 10-3107] analyzing entity 'sysgen_delay_c61d9fe0cc'
INFO: [VRFC 10-3107] analyzing entity 'fm_demod_xlregister'
INFO: [VRFC 10-3107] analyzing entity 'sysgen_scale_63ed8af845'
INFO: [VRFC 10-3107] analyzing entity 'fm_demod_xladdsub'
INFO: [VRFC 10-3107] analyzing entity 'fm_demod_xlmult'
INFO: [VRFC 10-163] Analyzing VHDL file "C:/Users/fmabrouk/Documents/GitHub/FM_Demod_Artys/FM_Demodulation_Arty7S/FM_Demodulation_Arty7S.ip_user_files/ipstatic/xil_defaultlib/hdl/fm_demod.vhd" into library xil_defaultlib
INFO: [VRFC 10-3107] analyzing entity 'fm_demod_struct'
INFO: [VRFC 10-3107] analyzing entity 'fm_demod_default_clock_driver'
INFO: [VRFC 10-3107] analyzing entity 'fm_demod'
INFO: [VRFC 10-163] Analyzing VHDL file "C:/Users/fmabrouk/Documents/FPGA/FIR_SysGen/SysGenIP/ip/fm_demod_0/sim/fm_demod_0.vhd" into library xil_defaultlib
INFO: [VRFC 10-3107] analyzing entity 'fm_demod_0'
INFO: [VRFC 10-163] Analyzing VHDL file "C:/Users/fmabrouk/Documents/FPGA/FIR_SysGen/SysGenIP/ip/iq_fir_0/iq_fir_fir_compiler_v7_2_i0/sim/iq_fir_fir_compiler_v7_2_i0.vhd" into library xil_defaultlib
INFO: [VRFC 10-3107] analyzing entity 'iq_fir_fir_compiler_v7_2_i0'
INFO: [VRFC 10-163] Analyzing VHDL file "C:/Users/fmabrouk/Documents/GitHub/FM_Demod_Artys/FM_Demodulation_Arty7S/FM_Demodulation_Arty7S.ip_user_files/ipstatic/xil_defaultlib/hdl/iq_fir_entity_declarations.vhd" into library xil_defaultlib
INFO: [VRFC 10-3107] analyzing entity 'sysgen_constant_9ee62c7e45'
INFO: [VRFC 10-3107] analyzing entity 'xlfir_compiler_5758b00bc609fad6449e5a825be15f74'
INFO: [VRFC 10-163] Analyzing VHDL file "C:/Users/fmabrouk/Documents/GitHub/FM_Demod_Artys/FM_Demodulation_Arty7S/FM_Demodulation_Arty7S.ip_user_files/ipstatic/xil_defaultlib/hdl/iq_fir.vhd" into library xil_defaultlib
INFO: [VRFC 10-3107] analyzing entity 'iq_fir_struct'
INFO: [VRFC 10-3107] analyzing entity 'iq_fir_default_clock_driver'
INFO: [VRFC 10-3107] analyzing entity 'iq_fir'
INFO: [VRFC 10-163] Analyzing VHDL file "C:/Users/fmabrouk/Documents/FPGA/FIR_SysGen/SysGenIP/ip/iq_fir_0/sim/iq_fir_0.vhd" into library xil_defaultlib
INFO: [VRFC 10-3107] analyzing entity 'iq_fir_0'
INFO: [VRFC 10-163] Analyzing VHDL file "C:/Users/fmabrouk/Documents/FPGA/FIR_SysGen/SysGenIP/ip/ila_0_15/sim/ila_0.vhd" into library xil_defaultlib
INFO: [VRFC 10-3107] analyzing entity 'ila_0'
INFO: [VRFC 10-163] Analyzing VHDL file "C:/Users/fmabrouk/Documents/FPGA/FIR_SysGen/SysGenIP/ip/mult_gen_0_5/sim/mult_gen_0.vhd" into library xil_defaultlib
INFO: [VRFC 10-3107] analyzing entity 'mult_gen_0'
INFO: [VRFC 10-163] Analyzing VHDL file "C:/Users/fmabrouk/Documents/FPGA/FIR_SysGen/SysGenIP/ip/dds_compiler_1_7/sim/dds_compiler_1.vhd" into library xil_defaultlib
INFO: [VRFC 10-3107] analyzing entity 'dds_compiler_1'
INFO: [VRFC 10-163] Analyzing VHDL file "C:/Users/fmabrouk/Documents/FPGA/FIR_SysGen/SysGenIP/ip/dds_compiler_0_10/sim/dds_compiler_0.vhd" into library xil_defaultlib
INFO: [VRFC 10-3107] analyzing entity 'dds_compiler_0'
INFO: [VRFC 10-163] Analyzing VHDL file "C:/Users/fmabrouk/Documents/GitHub/FM_Demod_Artys/VHDL/ADC_Interface.vhd" into library xil_defaultlib
INFO: [VRFC 10-3107] analyzing entity 'ADC1173_DSP'
INFO: [VRFC 10-163] Analyzing VHDL file "C:/Users/fmabrouk/Documents/GitHub/FM_Demod_Artys/VHDL/FM_ArtyS7_ToplLevel.vhd" into library xil_defaultlib
INFO: [VRFC 10-3107] analyzing entity 'FM_Radio_S7_TL'
