
*** Running vivado
    with args -log mult_gen_1.vds -m64 -product Vivado -mode batch -messageDb vivado.pb -notrace -source mult_gen_1.tcl


****** Vivado v2018.3 (64-bit)
  **** SW Build 2405991 on Thu Dec  6 23:38:27 MST 2018
  **** IP Build 2404404 on Fri Dec  7 01:43:56 MST 2018
    ** Copyright 1986-2018 Xilinx, Inc. All Rights Reserved.

source mult_gen_1.tcl -notrace
INFO: [IP_Flow 19-234] Refreshing IP repositories
INFO: [IP_Flow 19-1700] Loaded user IP repository 'c:/Users/fmabrouk/Documents/GitHub/FM_Demod_Artys/FM_Demodulation_Arty7S/FM_Demodulation_Arty7S.ip_user_files/ip'.
INFO: [IP_Flow 19-2313] Loaded Vivado IP repository 'C:/Vivadonew2018/Vivado/2018.3/data/ip'.
WARNING: [IP_Flow 19-4995] The host OS only allows 260 characters in a normal path. The IP cache path is more than 80 characters. If you experience issues with IP caching, please consider changing the IP cache to a location with a shorter path. Alternately consider using the OS subst command to map part of the path to a drive letter. 
Current IP cache path is c:/Users/fmabrouk/Documents/GitHub/FM_Demod_Artys/FM_Demodulation_Arty7S/FM_Demodulation_Arty7S.cache/ip 
Command: synth_design -top mult_gen_1 -part xc7s50csga324-2 -mode out_of_context
Starting synth_design
Attempting to get a license for feature 'Synthesis' and/or device 'xc7s50'
INFO: [Common 17-349] Got license for feature 'Synthesis' and/or device 'xc7s50'
INFO: Launching helper process for spawning children vivado processes
INFO: Helper process launched with PID 35916 
---------------------------------------------------------------------------------
Starting RTL Elaboration : Time (s): cpu = 00:00:05 ; elapsed = 00:00:05 . Memory (MB): peak = 472.965 ; gain = 103.727
---------------------------------------------------------------------------------
INFO: [Synth 8-638] synthesizing module 'mult_gen_1' [c:/Users/fmabrouk/Documents/FPGA/FIR_SysGen/SysGenIP/ip/mult_gen_1_2/synth/mult_gen_1.vhd:68]
WARNING: [Synth 8-5640] Port 'zero_detect' is missing in component declaration [c:/Users/fmabrouk/Documents/FPGA/FIR_SysGen/SysGenIP/ip/mult_gen_1_2/synth/mult_gen_1.vhd:71]
WARNING: [Synth 8-5640] Port 'pcasc' is missing in component declaration [c:/Users/fmabrouk/Documents/FPGA/FIR_SysGen/SysGenIP/ip/mult_gen_1_2/synth/mult_gen_1.vhd:71]
	Parameter C_VERBOSITY bound to: 0 - type: integer 
	Parameter C_MODEL_TYPE bound to: 0 - type: integer 
	Parameter C_OPTIMIZE_GOAL bound to: 1 - type: integer 
	Parameter C_XDEVICEFAMILY bound to: spartan7 - type: string 
	Parameter C_HAS_CE bound to: 0 - type: integer 
	Parameter C_HAS_SCLR bound to: 0 - type: integer 
	Parameter C_LATENCY bound to: 6 - type: integer 
	Parameter C_A_WIDTH bound to: 40 - type: integer 
	Parameter C_A_TYPE bound to: 0 - type: integer 
	Parameter C_B_WIDTH bound to: 40 - type: integer 
	Parameter C_B_TYPE bound to: 0 - type: integer 
	Parameter C_OUT_HIGH bound to: 79 - type: integer 
	Parameter C_OUT_LOW bound to: 0 - type: integer 
	Parameter C_MULT_TYPE bound to: 0 - type: integer 
	Parameter C_CE_OVERRIDES_SCLR bound to: 0 - type: integer 
	Parameter C_CCM_IMP bound to: 0 - type: integer 
	Parameter C_B_VALUE bound to: 10000001 - type: string 
	Parameter C_HAS_ZERO_DETECT bound to: 0 - type: integer 
	Parameter C_ROUND_OUTPUT bound to: 0 - type: integer 
	Parameter C_ROUND_PT bound to: 0 - type: integer 
INFO: [Synth 8-3491] module 'mult_gen_v12_0_14' declared at 'c:/Users/fmabrouk/Documents/FPGA/FIR_SysGen/SysGenIP/ip/mult_gen_1_2/hdl/mult_gen_v12_0_vh_rfs.vhd:21013' bound to instance 'U0' of component 'mult_gen_v12_0_14' [c:/Users/fmabrouk/Documents/FPGA/FIR_SysGen/SysGenIP/ip/mult_gen_1_2/synth/mult_gen_1.vhd:120]
INFO: [Synth 8-256] done synthesizing module 'mult_gen_1' (5#1) [c:/Users/fmabrouk/Documents/FPGA/FIR_SysGen/SysGenIP/ip/mult_gen_1_2/synth/mult_gen_1.vhd:68]
WARNING: [Synth 8-3331] design mult_gen_v12_0_14_viv has unconnected port CE
WARNING: [Synth 8-3331] design mult_gen_v12_0_14_viv has unconnected port SCLR
---------------------------------------------------------------------------------
Finished RTL Elaboration : Time (s): cpu = 00:00:13 ; elapsed = 00:00:14 . Memory (MB): peak = 596.043 ; gain = 226.805
---------------------------------------------------------------------------------

Report Check Netlist: 
+------+------------------+-------+---------+-------+------------------+
|      |Item              |Errors |Warnings |Status |Description       |
+------+------------------+-------+---------+-------+------------------+
|1     |multi_driven_nets |      0|        0|Passed |Multi driven nets |
+------+------------------+-------+---------+-------+------------------+
---------------------------------------------------------------------------------
Start Handling Custom Attributes
---------------------------------------------------------------------------------
---------------------------------------------------------------------------------
Finished Handling Custom Attributes : Time (s): cpu = 00:00:13 ; elapsed = 00:00:15 . Memory (MB): peak = 596.043 ; gain = 226.805
---------------------------------------------------------------------------------
---------------------------------------------------------------------------------
Finished RTL Optimization Phase 1 : Time (s): cpu = 00:00:13 ; elapsed = 00:00:15 . Memory (MB): peak = 596.043 ; gain = 226.805
---------------------------------------------------------------------------------
INFO: [Netlist 29-17] Analyzing 2480 Unisim elements for replacement
INFO: [Netlist 29-28] Unisim Transformation completed in 0 CPU seconds
INFO: [Device 21-403] Loading part xc7s50csga324-2
INFO: [Project 1-570] Preparing netlist for logic optimization

Processing XDC Constraints
Initializing timing engine
Parsing XDC File [c:/Users/fmabrouk/Documents/FPGA/FIR_SysGen/SysGenIP/ip/mult_gen_1_2/mult_gen_1_ooc.xdc] for cell 'U0'
Finished Parsing XDC File [c:/Users/fmabrouk/Documents/FPGA/FIR_SysGen/SysGenIP/ip/mult_gen_1_2/mult_gen_1_ooc.xdc] for cell 'U0'
Parsing XDC File [C:/Users/fmabrouk/Documents/GitHub/FM_Demod_Artys/FM_Demodulation_Arty7S/FM_Demodulation_Arty7S.runs/mult_gen_1_synth_1/dont_touch.xdc]
Finished Parsing XDC File [C:/Users/fmabrouk/Documents/GitHub/FM_Demod_Artys/FM_Demodulation_Arty7S/FM_Demodulation_Arty7S.runs/mult_gen_1_synth_1/dont_touch.xdc]
Completed Processing XDC Constraints

Netlist sorting complete. Time (s): cpu = 00:00:00 ; elapsed = 00:00:00.002 . Memory (MB): peak = 889.785 ; gain = 0.000
INFO: [Project 1-111] Unisim Transformation Summary:
  A total of 820 instances were transformed.
  MULT_AND => LUT2: 820 instances

Netlist sorting complete. Time (s): cpu = 00:00:00 ; elapsed = 00:00:00.001 . Memory (MB): peak = 889.785 ; gain = 0.000
Constraint Validation Runtime : Time (s): cpu = 00:00:00 ; elapsed = 00:00:00.061 . Memory (MB): peak = 891.098 ; gain = 1.312
---------------------------------------------------------------------------------
Finished Constraint Validation : Time (s): cpu = 00:00:22 ; elapsed = 00:00:24 . Memory (MB): peak = 891.098 ; gain = 521.859
---------------------------------------------------------------------------------
---------------------------------------------------------------------------------
Start Loading Part and Timing Information
---------------------------------------------------------------------------------
Loading part: xc7s50csga324-2
---------------------------------------------------------------------------------
Finished Loading Part and Timing Information : Time (s): cpu = 00:00:22 ; elapsed = 00:00:24 . Memory (MB): peak = 891.098 ; gain = 521.859
---------------------------------------------------------------------------------
---------------------------------------------------------------------------------
Start Applying 'set_property' XDC Constraints
---------------------------------------------------------------------------------
Applied set_property DONT_TOUCH = true for U0. (constraint file  C:/Users/fmabrouk/Documents/GitHub/FM_Demod_Artys/FM_Demodulation_Arty7S/FM_Demodulation_Arty7S.runs/mult_gen_1_synth_1/dont_touch.xdc, line 9).
---------------------------------------------------------------------------------
Finished applying 'set_property' XDC Constraints : Time (s): cpu = 00:00:22 ; elapsed = 00:00:25 . Memory (MB): peak = 891.098 ; gain = 521.859
---------------------------------------------------------------------------------
---------------------------------------------------------------------------------
Finished RTL Optimization Phase 2 : Time (s): cpu = 00:00:27 ; elapsed = 00:00:30 . Memory (MB): peak = 891.098 ; gain = 521.859
---------------------------------------------------------------------------------

Report RTL Partitions: 
+-+--------------+------------+----------+
| |RTL Partition |Replication |Instances |
+-+--------------+------------+----------+
+-+--------------+------------+----------+
---------------------------------------------------------------------------------
Start RTL Component Statistics 
---------------------------------------------------------------------------------
---------------------------------------------------------------------------------
Finished RTL Component Statistics 
---------------------------------------------------------------------------------
---------------------------------------------------------------------------------
Start RTL Hierarchical Component Statistics 
---------------------------------------------------------------------------------
---------------------------------------------------------------------------------
Finished RTL Hierarchical Component Statistics
---------------------------------------------------------------------------------
---------------------------------------------------------------------------------
Start Part Resource Summary
---------------------------------------------------------------------------------
Part Resources:
DSPs: 120 (col length:60)
BRAMs: 150 (col length: RAMB18 60 RAMB36 30)
---------------------------------------------------------------------------------
Finished Part Resource Summary
---------------------------------------------------------------------------------
---------------------------------------------------------------------------------
Start Cross Boundary and Area Optimization
---------------------------------------------------------------------------------
Warning: Parallel synthesis criteria is not met 
WARNING: [Synth 8-3331] design mult_gen_v12_0_14_viv has unconnected port CE
WARNING: [Synth 8-3331] design mult_gen_v12_0_14_viv has unconnected port SCLR
INFO: [Synth 8-3886] merging instance 'U0/i_mult/gLUT.gLUT_speed.iLUT/NxM_mult.stage_1_add.stage_1_pipeline.s1_add_out_reg[0][43]' (FDRE) to 'U0/i_mult/gLUT.gLUT_speed.iLUT/NxM_mult.stage_1_add.stage_1_pipeline.s1_add_out_reg[0][44]'
INFO: [Synth 8-3886] merging instance 'U0/i_mult/gLUT.gLUT_speed.iLUT/NxM_mult.stage_1_add.stage_1_pipeline.s1_add_out_reg[1][43]' (FDRE) to 'U0/i_mult/gLUT.gLUT_speed.iLUT/NxM_mult.stage_1_add.stage_1_pipeline.s1_add_out_reg[1][44]'
INFO: [Synth 8-3886] merging instance 'U0/i_mult/gLUT.gLUT_speed.iLUT/NxM_mult.stage_1_add.stage_1_pipeline.s1_add_out_reg[2][43]' (FDRE) to 'U0/i_mult/gLUT.gLUT_speed.iLUT/NxM_mult.stage_1_add.stage_1_pipeline.s1_add_out_reg[2][44]'
INFO: [Synth 8-3886] merging instance 'U0/i_mult/gLUT.gLUT_speed.iLUT/NxM_mult.stage_1_add.stage_1_pipeline.s1_add_out_reg[3][43]' (FDRE) to 'U0/i_mult/gLUT.gLUT_speed.iLUT/NxM_mult.stage_1_add.stage_1_pipeline.s1_add_out_reg[3][44]'
INFO: [Synth 8-3886] merging instance 'U0/i_mult/gLUT.gLUT_speed.iLUT/NxM_mult.stage_1_add.stage_1_pipeline.s1_add_out_reg[4][43]' (FDRE) to 'U0/i_mult/gLUT.gLUT_speed.iLUT/NxM_mult.stage_1_add.stage_1_pipeline.s1_add_out_reg[4][44]'
INFO: [Synth 8-3886] merging instance 'U0/i_mult/gLUT.gLUT_speed.iLUT/NxM_mult.stage_1_add.stage_1_pipeline.s1_add_out_reg[5][43]' (FDRE) to 'U0/i_mult/gLUT.gLUT_speed.iLUT/NxM_mult.stage_1_add.stage_1_pipeline.s1_add_out_reg[5][44]'
INFO: [Synth 8-3886] merging instance 'U0/i_mult/gLUT.gLUT_speed.iLUT/NxM_mult.stage_1_add.stage_1_pipeline.s1_add_out_reg[6][43]' (FDRE) to 'U0/i_mult/gLUT.gLUT_speed.iLUT/NxM_mult.stage_1_add.stage_1_pipeline.s1_add_out_reg[6][44]'
INFO: [Synth 8-3886] merging instance 'U0/i_mult/gLUT.gLUT_speed.iLUT/NxM_mult.stage_1_add.stage_1_pipeline.s1_add_out_reg[7][43]' (FDRE) to 'U0/i_mult/gLUT.gLUT_speed.iLUT/NxM_mult.stage_1_add.stage_1_pipeline.s1_add_out_reg[7][44]'
INFO: [Synth 8-3886] merging instance 'U0/i_mult/gLUT.gLUT_speed.iLUT/NxM_mult.stage_1_add.stage_1_pipeline.s1_add_out_reg[8][43]' (FDRE) to 'U0/i_mult/gLUT.gLUT_speed.iLUT/NxM_mult.stage_1_add.stage_1_pipeline.s1_add_out_reg[8][44]'
INFO: [Synth 8-3886] merging instance 'U0/i_mult/gLUT.gLUT_speed.iLUT/NxM_mult.stage_1_add.stage_1_pipeline.s1_add_out_reg[9][44]' (FDRE) to 'U0/i_mult/gLUT.gLUT_speed.iLUT/NxM_mult.stage_1_add.stage_1_pipeline.s1_add_out_reg[9][43]'
INFO: [Synth 8-3886] merging instance 'U0/i_mult/gLUT.gLUT_speed.iLUT/NxM_mult.stage_2_add.stage_2_pipeline.s2_add_out_reg[0][48]' (FDRE) to 'U0/i_mult/gLUT.gLUT_speed.iLUT/NxM_mult.stage_2_add.stage_2_pipeline.s2_add_out_reg[0][49]'
INFO: [Synth 8-3886] merging instance 'U0/i_mult/gLUT.gLUT_speed.iLUT/NxM_mult.stage_2_add.stage_2_pipeline.s2_add_out_reg[1][48]' (FDRE) to 'U0/i_mult/gLUT.gLUT_speed.iLUT/NxM_mult.stage_2_add.stage_2_pipeline.s2_add_out_reg[1][49]'
INFO: [Synth 8-3886] merging instance 'U0/i_mult/gLUT.gLUT_speed.iLUT/NxM_mult.stage_2_add.stage_2_pipeline.s2_add_out_reg[2][48]' (FDRE) to 'U0/i_mult/gLUT.gLUT_speed.iLUT/NxM_mult.stage_2_add.stage_2_pipeline.s2_add_out_reg[2][49]'
INFO: [Synth 8-3886] merging instance 'U0/i_mult/gLUT.gLUT_speed.iLUT/NxM_mult.stage_2_add.stage_2_pipeline.s2_add_out_reg[3][48]' (FDRE) to 'U0/i_mult/gLUT.gLUT_speed.iLUT/NxM_mult.stage_2_add.stage_2_pipeline.s2_add_out_reg[3][49]'
INFO: [Synth 8-3886] merging instance 'U0/i_mult/gLUT.gLUT_speed.iLUT/NxM_mult.stage_3_add.stage_3_pipeline.s3_add_out_reg[0][57]' (FDRE) to 'U0/i_mult/gLUT.gLUT_speed.iLUT/NxM_mult.stage_3_add.stage_3_pipeline.s3_add_out_reg[0][58]'
INFO: [Synth 8-3886] merging instance 'U0/i_mult/gLUT.gLUT_speed.iLUT/NxM_mult.stage_3_add.stage_3_pipeline.s3_add_out_reg[1][57]' (FDRE) to 'U0/i_mult/gLUT.gLUT_speed.iLUT/NxM_mult.stage_3_add.stage_3_pipeline.s3_add_out_reg[1][58]'
INFO: [Synth 8-3886] merging instance 'U0/i_mult/gLUT.gLUT_speed.iLUT/NxM_mult.stage_4_add.stage_4_pipeline.s4_add_out_reg[0][74]' (FDRE) to 'U0/i_mult/gLUT.gLUT_speed.iLUT/NxM_mult.stage_4_add.stage_4_pipeline.s4_add_out_reg[0][75]'
---------------------------------------------------------------------------------
Finished Cross Boundary and Area Optimization : Time (s): cpu = 00:00:31 ; elapsed = 00:00:34 . Memory (MB): peak = 891.098 ; gain = 521.859
---------------------------------------------------------------------------------

Report RTL Partitions: 
+-+--------------+------------+----------+
| |RTL Partition |Replication |Instances |
+-+--------------+------------+----------+
+-+--------------+------------+----------+
---------------------------------------------------------------------------------
Start Applying XDC Timing Constraints
---------------------------------------------------------------------------------
---------------------------------------------------------------------------------
Finished Applying XDC Timing Constraints : Time (s): cpu = 00:00:38 ; elapsed = 00:00:41 . Memory (MB): peak = 891.098 ; gain = 521.859
---------------------------------------------------------------------------------
---------------------------------------------------------------------------------
Start Timing Optimization
---------------------------------------------------------------------------------
---------------------------------------------------------------------------------
Finished Timing Optimization : Time (s): cpu = 00:00:39 ; elapsed = 00:00:42 . Memory (MB): peak = 891.098 ; gain = 521.859
---------------------------------------------------------------------------------

Report RTL Partitions: 
+-+--------------+------------+----------+
| |RTL Partition |Replication |Instances |
+-+--------------+------------+----------+
+-+--------------+------------+----------+
---------------------------------------------------------------------------------
Start Technology Mapping
---------------------------------------------------------------------------------
---------------------------------------------------------------------------------
Finished Technology Mapping : Time (s): cpu = 00:00:41 ; elapsed = 00:00:44 . Memory (MB): peak = 891.098 ; gain = 521.859
---------------------------------------------------------------------------------

Report RTL Partitions: 
+-+--------------+------------+----------+
| |RTL Partition |Replication |Instances |
+-+--------------+------------+----------+
+-+--------------+------------+----------+
---------------------------------------------------------------------------------
Start IO Insertion
---------------------------------------------------------------------------------
---------------------------------------------------------------------------------
Start Flattening Before IO Insertion
---------------------------------------------------------------------------------
---------------------------------------------------------------------------------
Finished Flattening Before IO Insertion
---------------------------------------------------------------------------------
---------------------------------------------------------------------------------
Start Final Netlist Cleanup
---------------------------------------------------------------------------------
---------------------------------------------------------------------------------
Finished Final Netlist Cleanup
---------------------------------------------------------------------------------
---------------------------------------------------------------------------------
Finished IO Insertion : Time (s): cpu = 00:00:42 ; elapsed = 00:00:45 . Memory (MB): peak = 891.098 ; gain = 521.859
---------------------------------------------------------------------------------

Report Check Netlist: 
+------+------------------+-------+---------+-------+------------------+
|      |Item              |Errors |Warnings |Status |Description       |
+------+------------------+-------+---------+-------+------------------+
|1     |multi_driven_nets |      0|        0|Passed |Multi driven nets |
+------+------------------+-------+---------+-------+------------------+
---------------------------------------------------------------------------------
Start Renaming Generated Instances
---------------------------------------------------------------------------------
---------------------------------------------------------------------------------
Finished Renaming Generated Instances : Time (s): cpu = 00:00:42 ; elapsed = 00:00:45 . Memory (MB): peak = 891.098 ; gain = 521.859
---------------------------------------------------------------------------------

Report RTL Partitions: 
+-+--------------+------------+----------+
| |RTL Partition |Replication |Instances |
+-+--------------+------------+----------+
+-+--------------+------------+----------+
---------------------------------------------------------------------------------
Start Rebuilding User Hierarchy
---------------------------------------------------------------------------------
---------------------------------------------------------------------------------
Finished Rebuilding User Hierarchy : Time (s): cpu = 00:00:42 ; elapsed = 00:00:45 . Memory (MB): peak = 891.098 ; gain = 521.859
---------------------------------------------------------------------------------
---------------------------------------------------------------------------------
Start Renaming Generated Ports
---------------------------------------------------------------------------------
---------------------------------------------------------------------------------
Finished Renaming Generated Ports : Time (s): cpu = 00:00:42 ; elapsed = 00:00:45 . Memory (MB): peak = 891.098 ; gain = 521.859
---------------------------------------------------------------------------------
---------------------------------------------------------------------------------
Start Handling Custom Attributes
---------------------------------------------------------------------------------
---------------------------------------------------------------------------------
Finished Handling Custom Attributes : Time (s): cpu = 00:00:42 ; elapsed = 00:00:45 . Memory (MB): peak = 891.098 ; gain = 521.859
---------------------------------------------------------------------------------
---------------------------------------------------------------------------------
Start Renaming Generated Nets
---------------------------------------------------------------------------------
---------------------------------------------------------------------------------
Finished Renaming Generated Nets : Time (s): cpu = 00:00:42 ; elapsed = 00:00:45 . Memory (MB): peak = 891.098 ; gain = 521.859
---------------------------------------------------------------------------------
---------------------------------------------------------------------------------
Start Writing Synthesis Report
---------------------------------------------------------------------------------

Report BlackBoxes: 
+-+--------------+----------+
| |BlackBox name |Instances |
+-+--------------+----------+
+-+--------------+----------+

Report Cell Usage: 
+------+---------+------+
|      |Cell     |Count |
+------+---------+------+
|1     |CARRY4   |   222|
|2     |LUT1     |    19|
|3     |LUT2     |   865|
|4     |LUT3     |    40|
|5     |LUT4     |   780|
|6     |MULT_AND |   819|
|7     |MUXCY    |   820|
|8     |SRL16E   |    14|
|9     |XORCY    |   840|
|10    |FDRE     |  1855|
+------+---------+------+
---------------------------------------------------------------------------------
Finished Writing Synthesis Report : Time (s): cpu = 00:00:42 ; elapsed = 00:00:45 . Memory (MB): peak = 891.098 ; gain = 521.859
---------------------------------------------------------------------------------
Synthesis finished with 0 errors, 0 critical warnings and 2 warnings.
Synthesis Optimization Runtime : Time (s): cpu = 00:00:23 ; elapsed = 00:00:39 . Memory (MB): peak = 891.098 ; gain = 226.805
Synthesis Optimization Complete : Time (s): cpu = 00:00:42 ; elapsed = 00:00:46 . Memory (MB): peak = 891.098 ; gain = 521.859
INFO: [Project 1-571] Translating synthesized netlist
INFO: [Netlist 29-17] Analyzing 2701 Unisim elements for replacement
INFO: [Netlist 29-28] Unisim Transformation completed in 0 CPU seconds
WARNING: [Netlist 29-101] Netlist 'mult_gen_1' is not ideal for floorplanning, since the cellview 'luts' contains a large number of primitives.  Please consider enabling hierarchy in synthesis if you want to do floorplanning.
INFO: [Project 1-570] Preparing netlist for logic optimization
INFO: [Opt 31-138] Pushed 0 inverter(s) to 0 load pin(s).
Netlist sorting complete. Time (s): cpu = 00:00:00 ; elapsed = 00:00:00.001 . Memory (MB): peak = 891.098 ; gain = 0.000
INFO: [Project 1-111] Unisim Transformation Summary:
  A total of 1039 instances were transformed.
  (MUXCY,XORCY) => CARRY4: 220 instances
  MULT_AND => LUT2: 819 instances

INFO: [Common 17-83] Releasing license: Synthesis
36 Infos, 8 Warnings, 0 Critical Warnings and 0 Errors encountered.
synth_design completed successfully
synth_design: Time (s): cpu = 00:00:46 ; elapsed = 00:00:50 . Memory (MB): peak = 891.098 ; gain = 533.715
INFO: [Common 17-600] The following parameters have non-default value.
tcl.collectionResultDisplayLimit
Netlist sorting complete. Time (s): cpu = 00:00:00 ; elapsed = 00:00:00.002 . Memory (MB): peak = 891.098 ; gain = 0.000
WARNING: [Constraints 18-5210] No constraints selected for write.
Resolution: This message can indicate that there are no constraints for the design, or it can indicate that the used_in flags are set such that the constraints are ignored. This later case is used when running synth_design to not write synthesis constraints to the resulting checkpoint. Instead, project constraints are read when the synthesized design is opened.
INFO: [Common 17-1381] The checkpoint 'C:/Users/fmabrouk/Documents/GitHub/FM_Demod_Artys/FM_Demodulation_Arty7S/FM_Demodulation_Arty7S.runs/mult_gen_1_synth_1/mult_gen_1.dcp' has been generated.
INFO: [Coretcl 2-1648] Added synthesis output to IP cache for IP mult_gen_1, cache-ID = 0b0f517197b738fb
INFO: [Coretcl 2-1174] Renamed 3 cell refs.
Netlist sorting complete. Time (s): cpu = 00:00:00 ; elapsed = 00:00:00.001 . Memory (MB): peak = 891.098 ; gain = 0.000
WARNING: [Constraints 18-5210] No constraints selected for write.
Resolution: This message can indicate that there are no constraints for the design, or it can indicate that the used_in flags are set such that the constraints are ignored. This later case is used when running synth_design to not write synthesis constraints to the resulting checkpoint. Instead, project constraints are read when the synthesized design is opened.
INFO: [Common 17-1381] The checkpoint 'C:/Users/fmabrouk/Documents/GitHub/FM_Demod_Artys/FM_Demodulation_Arty7S/FM_Demodulation_Arty7S.runs/mult_gen_1_synth_1/mult_gen_1.dcp' has been generated.
INFO: [runtcl-4] Executing : report_utilization -file mult_gen_1_utilization_synth.rpt -pb mult_gen_1_utilization_synth.pb
INFO: [Common 17-206] Exiting Vivado at Wed Mar 25 16:46:25 2026...
